[2025-03-04T20:31:28.561+0000] {processor.py:186} INFO - Started process (PID=2067) to work on /opt/airflow/dags/Assignment5.py
[2025-03-04T20:31:28.563+0000] {processor.py:914} INFO - Processing file /opt/airflow/dags/Assignment5.py for tasks to queue
[2025-03-04T20:31:28.565+0000] {logging_mixin.py:190} INFO - [2025-03-04T20:31:28.564+0000] {dagbag.py:587} INFO - Filling up the DagBag from /opt/airflow/dags/Assignment5.py
[2025-03-04T20:31:28.590+0000] {processor.py:925} INFO - DAG(s) 'StockPrice_ETL' retrieved from /opt/airflow/dags/Assignment5.py
[2025-03-04T20:31:28.691+0000] {logging_mixin.py:190} INFO - [2025-03-04T20:31:28.689+0000] {dag.py:3229} INFO - Sync 1 DAGs
[2025-03-04T20:31:28.704+0000] {logging_mixin.py:190} INFO - [2025-03-04T20:31:28.704+0000] {dag.py:4156} INFO - Setting next_dagrun for StockPrice_ETL to 2025-03-04 02:30:00+00:00, run_after=2025-03-05 02:30:00+00:00
[2025-03-04T20:31:28.715+0000] {processor.py:208} INFO - Processing /opt/airflow/dags/Assignment5.py took 0.166 seconds
[2025-03-04T20:31:59.163+0000] {processor.py:186} INFO - Started process (PID=2078) to work on /opt/airflow/dags/Assignment5.py
[2025-03-04T20:31:59.165+0000] {processor.py:914} INFO - Processing file /opt/airflow/dags/Assignment5.py for tasks to queue
[2025-03-04T20:31:59.167+0000] {logging_mixin.py:190} INFO - [2025-03-04T20:31:59.166+0000] {dagbag.py:587} INFO - Filling up the DagBag from /opt/airflow/dags/Assignment5.py
[2025-03-04T20:31:59.192+0000] {processor.py:925} INFO - DAG(s) 'StockPrice_ETL' retrieved from /opt/airflow/dags/Assignment5.py
[2025-03-04T20:31:59.241+0000] {logging_mixin.py:190} INFO - [2025-03-04T20:31:59.235+0000] {dag.py:3229} INFO - Sync 1 DAGs
[2025-03-04T20:31:59.293+0000] {logging_mixin.py:190} INFO - [2025-03-04T20:31:59.292+0000] {dag.py:4156} INFO - Setting next_dagrun for StockPrice_ETL to 2025-03-04 02:30:00+00:00, run_after=2025-03-05 02:30:00+00:00
[2025-03-04T20:31:59.324+0000] {processor.py:208} INFO - Processing /opt/airflow/dags/Assignment5.py took 0.179 seconds
[2025-03-04T20:32:29.582+0000] {processor.py:186} INFO - Started process (PID=2094) to work on /opt/airflow/dags/Assignment5.py
[2025-03-04T20:32:29.585+0000] {processor.py:914} INFO - Processing file /opt/airflow/dags/Assignment5.py for tasks to queue
[2025-03-04T20:32:29.587+0000] {logging_mixin.py:190} INFO - [2025-03-04T20:32:29.586+0000] {dagbag.py:587} INFO - Filling up the DagBag from /opt/airflow/dags/Assignment5.py
[2025-03-04T20:32:29.611+0000] {processor.py:925} INFO - DAG(s) 'StockPrice_ETL' retrieved from /opt/airflow/dags/Assignment5.py
[2025-03-04T20:32:29.649+0000] {logging_mixin.py:190} INFO - [2025-03-04T20:32:29.647+0000] {dag.py:3229} INFO - Sync 1 DAGs
[2025-03-04T20:32:29.670+0000] {logging_mixin.py:190} INFO - [2025-03-04T20:32:29.670+0000] {dag.py:4156} INFO - Setting next_dagrun for StockPrice_ETL to 2025-03-04 02:30:00+00:00, run_after=2025-03-05 02:30:00+00:00
[2025-03-04T20:32:29.679+0000] {processor.py:208} INFO - Processing /opt/airflow/dags/Assignment5.py took 0.111 seconds
[2025-03-04T20:33:00.190+0000] {processor.py:186} INFO - Started process (PID=2110) to work on /opt/airflow/dags/Assignment5.py
[2025-03-04T20:33:00.192+0000] {processor.py:914} INFO - Processing file /opt/airflow/dags/Assignment5.py for tasks to queue
[2025-03-04T20:33:00.194+0000] {logging_mixin.py:190} INFO - [2025-03-04T20:33:00.193+0000] {dagbag.py:587} INFO - Filling up the DagBag from /opt/airflow/dags/Assignment5.py
[2025-03-04T20:33:00.214+0000] {processor.py:925} INFO - DAG(s) 'StockPrice_ETL' retrieved from /opt/airflow/dags/Assignment5.py
[2025-03-04T20:33:00.244+0000] {logging_mixin.py:190} INFO - [2025-03-04T20:33:00.242+0000] {dag.py:3229} INFO - Sync 1 DAGs
[2025-03-04T20:33:00.260+0000] {logging_mixin.py:190} INFO - [2025-03-04T20:33:00.260+0000] {dag.py:4156} INFO - Setting next_dagrun for StockPrice_ETL to 2025-03-04 02:30:00+00:00, run_after=2025-03-05 02:30:00+00:00
[2025-03-04T20:33:00.270+0000] {processor.py:208} INFO - Processing /opt/airflow/dags/Assignment5.py took 0.094 seconds
[2025-03-04T20:33:30.630+0000] {processor.py:186} INFO - Started process (PID=2121) to work on /opt/airflow/dags/Assignment5.py
[2025-03-04T20:33:30.632+0000] {processor.py:914} INFO - Processing file /opt/airflow/dags/Assignment5.py for tasks to queue
[2025-03-04T20:33:30.637+0000] {logging_mixin.py:190} INFO - [2025-03-04T20:33:30.633+0000] {dagbag.py:587} INFO - Filling up the DagBag from /opt/airflow/dags/Assignment5.py
[2025-03-04T20:33:30.655+0000] {processor.py:925} INFO - DAG(s) 'StockPrice_ETL' retrieved from /opt/airflow/dags/Assignment5.py
[2025-03-04T20:33:30.684+0000] {logging_mixin.py:190} INFO - [2025-03-04T20:33:30.682+0000] {dag.py:3229} INFO - Sync 1 DAGs
[2025-03-04T20:33:30.705+0000] {logging_mixin.py:190} INFO - [2025-03-04T20:33:30.705+0000] {dag.py:4156} INFO - Setting next_dagrun for StockPrice_ETL to 2025-03-04 02:30:00+00:00, run_after=2025-03-05 02:30:00+00:00
[2025-03-04T20:33:30.714+0000] {processor.py:208} INFO - Processing /opt/airflow/dags/Assignment5.py took 0.095 seconds
[2025-03-04T20:34:01.085+0000] {processor.py:186} INFO - Started process (PID=2132) to work on /opt/airflow/dags/Assignment5.py
[2025-03-04T20:34:01.088+0000] {processor.py:914} INFO - Processing file /opt/airflow/dags/Assignment5.py for tasks to queue
[2025-03-04T20:34:01.089+0000] {logging_mixin.py:190} INFO - [2025-03-04T20:34:01.089+0000] {dagbag.py:587} INFO - Filling up the DagBag from /opt/airflow/dags/Assignment5.py
[2025-03-04T20:34:01.107+0000] {processor.py:925} INFO - DAG(s) 'StockPrice_ETL' retrieved from /opt/airflow/dags/Assignment5.py
[2025-03-04T20:34:01.141+0000] {logging_mixin.py:190} INFO - [2025-03-04T20:34:01.139+0000] {dag.py:3229} INFO - Sync 1 DAGs
[2025-03-04T20:34:01.160+0000] {logging_mixin.py:190} INFO - [2025-03-04T20:34:01.160+0000] {dag.py:4156} INFO - Setting next_dagrun for StockPrice_ETL to 2025-03-04 02:30:00+00:00, run_after=2025-03-05 02:30:00+00:00
[2025-03-04T20:34:01.173+0000] {processor.py:208} INFO - Processing /opt/airflow/dags/Assignment5.py took 0.109 seconds
[2025-03-04T20:34:31.567+0000] {processor.py:186} INFO - Started process (PID=2143) to work on /opt/airflow/dags/Assignment5.py
[2025-03-04T20:34:31.570+0000] {processor.py:914} INFO - Processing file /opt/airflow/dags/Assignment5.py for tasks to queue
[2025-03-04T20:34:31.572+0000] {logging_mixin.py:190} INFO - [2025-03-04T20:34:31.571+0000] {dagbag.py:587} INFO - Filling up the DagBag from /opt/airflow/dags/Assignment5.py
[2025-03-04T20:34:31.593+0000] {processor.py:925} INFO - DAG(s) 'StockPrice_ETL' retrieved from /opt/airflow/dags/Assignment5.py
[2025-03-04T20:34:31.640+0000] {logging_mixin.py:190} INFO - [2025-03-04T20:34:31.638+0000] {dag.py:3229} INFO - Sync 1 DAGs
[2025-03-04T20:34:31.666+0000] {logging_mixin.py:190} INFO - [2025-03-04T20:34:31.666+0000] {dag.py:4156} INFO - Setting next_dagrun for StockPrice_ETL to 2025-03-04 02:30:00+00:00, run_after=2025-03-05 02:30:00+00:00
[2025-03-04T20:34:31.685+0000] {processor.py:208} INFO - Processing /opt/airflow/dags/Assignment5.py took 0.131 seconds
[2025-03-04T20:35:02.062+0000] {processor.py:186} INFO - Started process (PID=2154) to work on /opt/airflow/dags/Assignment5.py
[2025-03-04T20:35:02.064+0000] {processor.py:914} INFO - Processing file /opt/airflow/dags/Assignment5.py for tasks to queue
[2025-03-04T20:35:02.066+0000] {logging_mixin.py:190} INFO - [2025-03-04T20:35:02.065+0000] {dagbag.py:587} INFO - Filling up the DagBag from /opt/airflow/dags/Assignment5.py
[2025-03-04T20:35:02.087+0000] {processor.py:925} INFO - DAG(s) 'StockPrice_ETL' retrieved from /opt/airflow/dags/Assignment5.py
[2025-03-04T20:35:02.129+0000] {logging_mixin.py:190} INFO - [2025-03-04T20:35:02.127+0000] {dag.py:3229} INFO - Sync 1 DAGs
[2025-03-04T20:35:02.148+0000] {logging_mixin.py:190} INFO - [2025-03-04T20:35:02.148+0000] {dag.py:4156} INFO - Setting next_dagrun for StockPrice_ETL to 2025-03-04 02:30:00+00:00, run_after=2025-03-05 02:30:00+00:00
[2025-03-04T20:35:02.161+0000] {processor.py:208} INFO - Processing /opt/airflow/dags/Assignment5.py took 0.111 seconds
[2025-03-04T20:35:32.430+0000] {processor.py:186} INFO - Started process (PID=2165) to work on /opt/airflow/dags/Assignment5.py
[2025-03-04T20:35:32.432+0000] {processor.py:914} INFO - Processing file /opt/airflow/dags/Assignment5.py for tasks to queue
[2025-03-04T20:35:32.433+0000] {logging_mixin.py:190} INFO - [2025-03-04T20:35:32.432+0000] {dagbag.py:587} INFO - Filling up the DagBag from /opt/airflow/dags/Assignment5.py
[2025-03-04T20:35:32.443+0000] {processor.py:925} INFO - DAG(s) 'StockPrice_ETL' retrieved from /opt/airflow/dags/Assignment5.py
[2025-03-04T20:35:32.465+0000] {logging_mixin.py:190} INFO - [2025-03-04T20:35:32.464+0000] {dag.py:3229} INFO - Sync 1 DAGs
[2025-03-04T20:35:32.477+0000] {logging_mixin.py:190} INFO - [2025-03-04T20:35:32.477+0000] {dag.py:4156} INFO - Setting next_dagrun for StockPrice_ETL to 2025-03-04 02:30:00+00:00, run_after=2025-03-05 02:30:00+00:00
[2025-03-04T20:35:32.485+0000] {processor.py:208} INFO - Processing /opt/airflow/dags/Assignment5.py took 0.062 seconds
[2025-03-04T20:36:02.909+0000] {processor.py:186} INFO - Started process (PID=2176) to work on /opt/airflow/dags/Assignment5.py
[2025-03-04T20:36:02.911+0000] {processor.py:914} INFO - Processing file /opt/airflow/dags/Assignment5.py for tasks to queue
[2025-03-04T20:36:02.914+0000] {logging_mixin.py:190} INFO - [2025-03-04T20:36:02.913+0000] {dagbag.py:587} INFO - Filling up the DagBag from /opt/airflow/dags/Assignment5.py
[2025-03-04T20:36:02.939+0000] {processor.py:925} INFO - DAG(s) 'StockPrice_ETL' retrieved from /opt/airflow/dags/Assignment5.py
[2025-03-04T20:36:02.978+0000] {logging_mixin.py:190} INFO - [2025-03-04T20:36:02.973+0000] {dag.py:3229} INFO - Sync 1 DAGs
[2025-03-04T20:36:02.997+0000] {logging_mixin.py:190} INFO - [2025-03-04T20:36:02.996+0000] {dag.py:4156} INFO - Setting next_dagrun for StockPrice_ETL to 2025-03-04 02:30:00+00:00, run_after=2025-03-05 02:30:00+00:00
[2025-03-04T20:36:03.007+0000] {processor.py:208} INFO - Processing /opt/airflow/dags/Assignment5.py took 0.110 seconds
[2025-03-04T20:36:33.116+0000] {processor.py:186} INFO - Started process (PID=2192) to work on /opt/airflow/dags/Assignment5.py
[2025-03-04T20:36:33.117+0000] {processor.py:914} INFO - Processing file /opt/airflow/dags/Assignment5.py for tasks to queue
[2025-03-04T20:36:33.118+0000] {logging_mixin.py:190} INFO - [2025-03-04T20:36:33.118+0000] {dagbag.py:587} INFO - Filling up the DagBag from /opt/airflow/dags/Assignment5.py
[2025-03-04T20:36:33.129+0000] {processor.py:925} INFO - DAG(s) 'StockPrice_ETL' retrieved from /opt/airflow/dags/Assignment5.py
[2025-03-04T20:36:33.151+0000] {logging_mixin.py:190} INFO - [2025-03-04T20:36:33.150+0000] {dag.py:3229} INFO - Sync 1 DAGs
[2025-03-04T20:36:33.164+0000] {logging_mixin.py:190} INFO - [2025-03-04T20:36:33.164+0000] {dag.py:4156} INFO - Setting next_dagrun for StockPrice_ETL to 2025-03-04 02:30:00+00:00, run_after=2025-03-05 02:30:00+00:00
[2025-03-04T20:36:33.172+0000] {processor.py:208} INFO - Processing /opt/airflow/dags/Assignment5.py took 0.063 seconds
[2025-03-04T20:37:03.237+0000] {processor.py:186} INFO - Started process (PID=2208) to work on /opt/airflow/dags/Assignment5.py
[2025-03-04T20:37:03.238+0000] {processor.py:914} INFO - Processing file /opt/airflow/dags/Assignment5.py for tasks to queue
[2025-03-04T20:37:03.239+0000] {logging_mixin.py:190} INFO - [2025-03-04T20:37:03.239+0000] {dagbag.py:587} INFO - Filling up the DagBag from /opt/airflow/dags/Assignment5.py
[2025-03-04T20:37:03.251+0000] {processor.py:925} INFO - DAG(s) 'StockPrice_ETL' retrieved from /opt/airflow/dags/Assignment5.py
[2025-03-04T20:37:03.272+0000] {logging_mixin.py:190} INFO - [2025-03-04T20:37:03.270+0000] {dag.py:3229} INFO - Sync 1 DAGs
[2025-03-04T20:37:03.285+0000] {logging_mixin.py:190} INFO - [2025-03-04T20:37:03.285+0000] {dag.py:4156} INFO - Setting next_dagrun for StockPrice_ETL to 2025-03-04 02:30:00+00:00, run_after=2025-03-05 02:30:00+00:00
[2025-03-04T20:37:03.296+0000] {processor.py:208} INFO - Processing /opt/airflow/dags/Assignment5.py took 0.066 seconds
[2025-03-04T20:37:33.443+0000] {processor.py:186} INFO - Started process (PID=2224) to work on /opt/airflow/dags/Assignment5.py
[2025-03-04T20:37:33.445+0000] {processor.py:914} INFO - Processing file /opt/airflow/dags/Assignment5.py for tasks to queue
[2025-03-04T20:37:33.446+0000] {logging_mixin.py:190} INFO - [2025-03-04T20:37:33.446+0000] {dagbag.py:587} INFO - Filling up the DagBag from /opt/airflow/dags/Assignment5.py
[2025-03-04T20:37:33.457+0000] {processor.py:925} INFO - DAG(s) 'StockPrice_ETL' retrieved from /opt/airflow/dags/Assignment5.py
[2025-03-04T20:37:33.479+0000] {logging_mixin.py:190} INFO - [2025-03-04T20:37:33.478+0000] {dag.py:3229} INFO - Sync 1 DAGs
[2025-03-04T20:37:33.492+0000] {logging_mixin.py:190} INFO - [2025-03-04T20:37:33.492+0000] {dag.py:4156} INFO - Setting next_dagrun for StockPrice_ETL to 2025-03-04 02:30:00+00:00, run_after=2025-03-05 02:30:00+00:00
[2025-03-04T20:37:33.500+0000] {processor.py:208} INFO - Processing /opt/airflow/dags/Assignment5.py took 0.064 seconds
[2025-03-04T20:38:03.560+0000] {processor.py:186} INFO - Started process (PID=2240) to work on /opt/airflow/dags/Assignment5.py
[2025-03-04T20:38:03.561+0000] {processor.py:914} INFO - Processing file /opt/airflow/dags/Assignment5.py for tasks to queue
[2025-03-04T20:38:03.561+0000] {logging_mixin.py:190} INFO - [2025-03-04T20:38:03.561+0000] {dagbag.py:587} INFO - Filling up the DagBag from /opt/airflow/dags/Assignment5.py
[2025-03-04T20:38:03.567+0000] {processor.py:925} INFO - DAG(s) 'StockPrice_ETL' retrieved from /opt/airflow/dags/Assignment5.py
[2025-03-04T20:38:03.580+0000] {logging_mixin.py:190} INFO - [2025-03-04T20:38:03.579+0000] {dag.py:3229} INFO - Sync 1 DAGs
[2025-03-04T20:38:03.590+0000] {logging_mixin.py:190} INFO - [2025-03-04T20:38:03.590+0000] {dag.py:4156} INFO - Setting next_dagrun for StockPrice_ETL to 2025-03-04 02:30:00+00:00, run_after=2025-03-05 02:30:00+00:00
[2025-03-04T20:38:03.598+0000] {processor.py:208} INFO - Processing /opt/airflow/dags/Assignment5.py took 0.042 seconds
[2025-03-04T20:38:34.005+0000] {processor.py:186} INFO - Started process (PID=2254) to work on /opt/airflow/dags/Assignment5.py
[2025-03-04T20:38:34.009+0000] {processor.py:914} INFO - Processing file /opt/airflow/dags/Assignment5.py for tasks to queue
[2025-03-04T20:38:34.011+0000] {logging_mixin.py:190} INFO - [2025-03-04T20:38:34.010+0000] {dagbag.py:587} INFO - Filling up the DagBag from /opt/airflow/dags/Assignment5.py
[2025-03-04T20:38:34.041+0000] {processor.py:925} INFO - DAG(s) 'StockPrice_ETL' retrieved from /opt/airflow/dags/Assignment5.py
[2025-03-04T20:38:34.130+0000] {logging_mixin.py:190} INFO - [2025-03-04T20:38:34.128+0000] {dag.py:3229} INFO - Sync 1 DAGs
[2025-03-04T20:38:34.158+0000] {logging_mixin.py:190} INFO - [2025-03-04T20:38:34.158+0000] {dag.py:4156} INFO - Setting next_dagrun for StockPrice_ETL to 2025-03-04 02:30:00+00:00, run_after=2025-03-05 02:30:00+00:00
[2025-03-04T20:38:34.169+0000] {processor.py:208} INFO - Processing /opt/airflow/dags/Assignment5.py took 0.177 seconds
[2025-03-04T20:39:04.566+0000] {processor.py:186} INFO - Started process (PID=2267) to work on /opt/airflow/dags/Assignment5.py
[2025-03-04T20:39:04.568+0000] {processor.py:914} INFO - Processing file /opt/airflow/dags/Assignment5.py for tasks to queue
[2025-03-04T20:39:04.570+0000] {logging_mixin.py:190} INFO - [2025-03-04T20:39:04.569+0000] {dagbag.py:587} INFO - Filling up the DagBag from /opt/airflow/dags/Assignment5.py
[2025-03-04T20:39:04.597+0000] {processor.py:925} INFO - DAG(s) 'StockPrice_ETL' retrieved from /opt/airflow/dags/Assignment5.py
[2025-03-04T20:39:04.627+0000] {logging_mixin.py:190} INFO - [2025-03-04T20:39:04.624+0000] {dag.py:3229} INFO - Sync 1 DAGs
[2025-03-04T20:39:04.650+0000] {logging_mixin.py:190} INFO - [2025-03-04T20:39:04.650+0000] {dag.py:4156} INFO - Setting next_dagrun for StockPrice_ETL to 2025-03-04 02:30:00+00:00, run_after=2025-03-05 02:30:00+00:00
[2025-03-04T20:39:04.660+0000] {processor.py:208} INFO - Processing /opt/airflow/dags/Assignment5.py took 0.111 seconds
[2025-03-04T20:39:35.063+0000] {processor.py:186} INFO - Started process (PID=2283) to work on /opt/airflow/dags/Assignment5.py
[2025-03-04T20:39:35.067+0000] {processor.py:914} INFO - Processing file /opt/airflow/dags/Assignment5.py for tasks to queue
[2025-03-04T20:39:35.069+0000] {logging_mixin.py:190} INFO - [2025-03-04T20:39:35.068+0000] {dagbag.py:587} INFO - Filling up the DagBag from /opt/airflow/dags/Assignment5.py
[2025-03-04T20:39:35.108+0000] {processor.py:925} INFO - DAG(s) 'StockPrice_ETL' retrieved from /opt/airflow/dags/Assignment5.py
[2025-03-04T20:39:35.141+0000] {logging_mixin.py:190} INFO - [2025-03-04T20:39:35.136+0000] {dag.py:3229} INFO - Sync 1 DAGs
[2025-03-04T20:39:35.163+0000] {logging_mixin.py:190} INFO - [2025-03-04T20:39:35.163+0000] {dag.py:4156} INFO - Setting next_dagrun for StockPrice_ETL to 2025-03-04 02:30:00+00:00, run_after=2025-03-05 02:30:00+00:00
[2025-03-04T20:39:35.176+0000] {processor.py:208} INFO - Processing /opt/airflow/dags/Assignment5.py took 0.126 seconds
[2025-03-04T20:40:05.286+0000] {processor.py:186} INFO - Started process (PID=2299) to work on /opt/airflow/dags/Assignment5.py
[2025-03-04T20:40:05.289+0000] {processor.py:914} INFO - Processing file /opt/airflow/dags/Assignment5.py for tasks to queue
[2025-03-04T20:40:05.290+0000] {logging_mixin.py:190} INFO - [2025-03-04T20:40:05.290+0000] {dagbag.py:587} INFO - Filling up the DagBag from /opt/airflow/dags/Assignment5.py
[2025-03-04T20:40:05.317+0000] {processor.py:925} INFO - DAG(s) 'StockPrice_ETL' retrieved from /opt/airflow/dags/Assignment5.py
[2025-03-04T20:40:05.355+0000] {logging_mixin.py:190} INFO - [2025-03-04T20:40:05.353+0000] {dag.py:3229} INFO - Sync 1 DAGs
[2025-03-04T20:40:05.377+0000] {logging_mixin.py:190} INFO - [2025-03-04T20:40:05.377+0000] {dag.py:4156} INFO - Setting next_dagrun for StockPrice_ETL to 2025-03-04 02:30:00+00:00, run_after=2025-03-05 02:30:00+00:00
[2025-03-04T20:40:05.388+0000] {processor.py:208} INFO - Processing /opt/airflow/dags/Assignment5.py took 0.122 seconds
[2025-03-04T20:40:35.789+0000] {processor.py:186} INFO - Started process (PID=2315) to work on /opt/airflow/dags/Assignment5.py
[2025-03-04T20:40:35.790+0000] {processor.py:914} INFO - Processing file /opt/airflow/dags/Assignment5.py for tasks to queue
[2025-03-04T20:40:35.791+0000] {logging_mixin.py:190} INFO - [2025-03-04T20:40:35.791+0000] {dagbag.py:587} INFO - Filling up the DagBag from /opt/airflow/dags/Assignment5.py
[2025-03-04T20:40:35.802+0000] {processor.py:925} INFO - DAG(s) 'StockPrice_ETL' retrieved from /opt/airflow/dags/Assignment5.py
[2025-03-04T20:40:35.824+0000] {logging_mixin.py:190} INFO - [2025-03-04T20:40:35.823+0000] {dag.py:3229} INFO - Sync 1 DAGs
[2025-03-04T20:40:35.838+0000] {logging_mixin.py:190} INFO - [2025-03-04T20:40:35.838+0000] {dag.py:4156} INFO - Setting next_dagrun for StockPrice_ETL to 2025-03-04 02:30:00+00:00, run_after=2025-03-05 02:30:00+00:00
[2025-03-04T20:40:35.848+0000] {processor.py:208} INFO - Processing /opt/airflow/dags/Assignment5.py took 0.067 seconds
[2025-03-04T20:41:06.243+0000] {processor.py:186} INFO - Started process (PID=2331) to work on /opt/airflow/dags/Assignment5.py
[2025-03-04T20:41:06.244+0000] {processor.py:914} INFO - Processing file /opt/airflow/dags/Assignment5.py for tasks to queue
[2025-03-04T20:41:06.246+0000] {logging_mixin.py:190} INFO - [2025-03-04T20:41:06.246+0000] {dagbag.py:587} INFO - Filling up the DagBag from /opt/airflow/dags/Assignment5.py
[2025-03-04T20:41:06.264+0000] {processor.py:925} INFO - DAG(s) 'StockPrice_ETL' retrieved from /opt/airflow/dags/Assignment5.py
[2025-03-04T20:41:06.291+0000] {logging_mixin.py:190} INFO - [2025-03-04T20:41:06.290+0000] {dag.py:3229} INFO - Sync 1 DAGs
[2025-03-04T20:41:06.308+0000] {logging_mixin.py:190} INFO - [2025-03-04T20:41:06.308+0000] {dag.py:4156} INFO - Setting next_dagrun for StockPrice_ETL to 2025-03-04 02:30:00+00:00, run_after=2025-03-05 02:30:00+00:00
[2025-03-04T20:41:06.317+0000] {processor.py:208} INFO - Processing /opt/airflow/dags/Assignment5.py took 0.087 seconds
[2025-03-04T20:41:36.355+0000] {processor.py:186} INFO - Started process (PID=2347) to work on /opt/airflow/dags/Assignment5.py
[2025-03-04T20:41:36.356+0000] {processor.py:914} INFO - Processing file /opt/airflow/dags/Assignment5.py for tasks to queue
[2025-03-04T20:41:36.357+0000] {logging_mixin.py:190} INFO - [2025-03-04T20:41:36.357+0000] {dagbag.py:587} INFO - Filling up the DagBag from /opt/airflow/dags/Assignment5.py
[2025-03-04T20:41:36.372+0000] {processor.py:925} INFO - DAG(s) 'StockPrice_ETL' retrieved from /opt/airflow/dags/Assignment5.py
[2025-03-04T20:41:36.396+0000] {logging_mixin.py:190} INFO - [2025-03-04T20:41:36.395+0000] {dag.py:3229} INFO - Sync 1 DAGs
[2025-03-04T20:41:36.412+0000] {logging_mixin.py:190} INFO - [2025-03-04T20:41:36.411+0000] {dag.py:4156} INFO - Setting next_dagrun for StockPrice_ETL to 2025-03-04 02:30:00+00:00, run_after=2025-03-05 02:30:00+00:00
[2025-03-04T20:41:36.420+0000] {processor.py:208} INFO - Processing /opt/airflow/dags/Assignment5.py took 0.074 seconds
[2025-03-04T20:42:06.791+0000] {processor.py:186} INFO - Started process (PID=2363) to work on /opt/airflow/dags/Assignment5.py
[2025-03-04T20:42:06.793+0000] {processor.py:914} INFO - Processing file /opt/airflow/dags/Assignment5.py for tasks to queue
[2025-03-04T20:42:06.794+0000] {logging_mixin.py:190} INFO - [2025-03-04T20:42:06.794+0000] {dagbag.py:587} INFO - Filling up the DagBag from /opt/airflow/dags/Assignment5.py
[2025-03-04T20:42:06.806+0000] {processor.py:925} INFO - DAG(s) 'StockPrice_ETL' retrieved from /opt/airflow/dags/Assignment5.py
[2025-03-04T20:42:06.828+0000] {logging_mixin.py:190} INFO - [2025-03-04T20:42:06.827+0000] {dag.py:3229} INFO - Sync 1 DAGs
[2025-03-04T20:42:06.842+0000] {logging_mixin.py:190} INFO - [2025-03-04T20:42:06.842+0000] {dag.py:4156} INFO - Setting next_dagrun for StockPrice_ETL to 2025-03-04 02:30:00+00:00, run_after=2025-03-05 02:30:00+00:00
[2025-03-04T20:42:06.850+0000] {processor.py:208} INFO - Processing /opt/airflow/dags/Assignment5.py took 0.067 seconds
[2025-03-04T20:42:37.224+0000] {processor.py:186} INFO - Started process (PID=2379) to work on /opt/airflow/dags/Assignment5.py
[2025-03-04T20:42:37.226+0000] {processor.py:914} INFO - Processing file /opt/airflow/dags/Assignment5.py for tasks to queue
[2025-03-04T20:42:37.227+0000] {logging_mixin.py:190} INFO - [2025-03-04T20:42:37.227+0000] {dagbag.py:587} INFO - Filling up the DagBag from /opt/airflow/dags/Assignment5.py
[2025-03-04T20:42:37.240+0000] {processor.py:925} INFO - DAG(s) 'StockPrice_ETL' retrieved from /opt/airflow/dags/Assignment5.py
[2025-03-04T20:42:37.264+0000] {logging_mixin.py:190} INFO - [2025-03-04T20:42:37.263+0000] {dag.py:3229} INFO - Sync 1 DAGs
[2025-03-04T20:42:37.279+0000] {logging_mixin.py:190} INFO - [2025-03-04T20:42:37.279+0000] {dag.py:4156} INFO - Setting next_dagrun for StockPrice_ETL to 2025-03-04 02:30:00+00:00, run_after=2025-03-05 02:30:00+00:00
[2025-03-04T20:42:37.289+0000] {processor.py:208} INFO - Processing /opt/airflow/dags/Assignment5.py took 0.074 seconds
[2025-03-04T20:43:07.615+0000] {processor.py:186} INFO - Started process (PID=2395) to work on /opt/airflow/dags/Assignment5.py
[2025-03-04T20:43:07.616+0000] {processor.py:914} INFO - Processing file /opt/airflow/dags/Assignment5.py for tasks to queue
[2025-03-04T20:43:07.617+0000] {logging_mixin.py:190} INFO - [2025-03-04T20:43:07.617+0000] {dagbag.py:587} INFO - Filling up the DagBag from /opt/airflow/dags/Assignment5.py
[2025-03-04T20:43:07.627+0000] {processor.py:925} INFO - DAG(s) 'StockPrice_ETL' retrieved from /opt/airflow/dags/Assignment5.py
[2025-03-04T20:43:07.647+0000] {logging_mixin.py:190} INFO - [2025-03-04T20:43:07.647+0000] {dag.py:3229} INFO - Sync 1 DAGs
[2025-03-04T20:43:07.661+0000] {logging_mixin.py:190} INFO - [2025-03-04T20:43:07.661+0000] {dag.py:4156} INFO - Setting next_dagrun for StockPrice_ETL to 2025-03-04 02:30:00+00:00, run_after=2025-03-05 02:30:00+00:00
[2025-03-04T20:43:07.669+0000] {processor.py:208} INFO - Processing /opt/airflow/dags/Assignment5.py took 0.061 seconds
[2025-03-04T20:43:37.719+0000] {processor.py:186} INFO - Started process (PID=2411) to work on /opt/airflow/dags/Assignment5.py
[2025-03-04T20:43:37.721+0000] {processor.py:914} INFO - Processing file /opt/airflow/dags/Assignment5.py for tasks to queue
[2025-03-04T20:43:37.722+0000] {logging_mixin.py:190} INFO - [2025-03-04T20:43:37.722+0000] {dagbag.py:587} INFO - Filling up the DagBag from /opt/airflow/dags/Assignment5.py
[2025-03-04T20:43:37.734+0000] {processor.py:925} INFO - DAG(s) 'StockPrice_ETL' retrieved from /opt/airflow/dags/Assignment5.py
[2025-03-04T20:43:37.756+0000] {logging_mixin.py:190} INFO - [2025-03-04T20:43:37.755+0000] {dag.py:3229} INFO - Sync 1 DAGs
[2025-03-04T20:43:37.769+0000] {logging_mixin.py:190} INFO - [2025-03-04T20:43:37.769+0000] {dag.py:4156} INFO - Setting next_dagrun for StockPrice_ETL to 2025-03-04 02:30:00+00:00, run_after=2025-03-05 02:30:00+00:00
[2025-03-04T20:43:37.777+0000] {processor.py:208} INFO - Processing /opt/airflow/dags/Assignment5.py took 0.066 seconds
[2025-03-04T20:44:08.155+0000] {processor.py:186} INFO - Started process (PID=2427) to work on /opt/airflow/dags/Assignment5.py
[2025-03-04T20:44:08.156+0000] {processor.py:914} INFO - Processing file /opt/airflow/dags/Assignment5.py for tasks to queue
[2025-03-04T20:44:08.157+0000] {logging_mixin.py:190} INFO - [2025-03-04T20:44:08.157+0000] {dagbag.py:587} INFO - Filling up the DagBag from /opt/airflow/dags/Assignment5.py
[2025-03-04T20:44:08.172+0000] {processor.py:925} INFO - DAG(s) 'StockPrice_ETL' retrieved from /opt/airflow/dags/Assignment5.py
[2025-03-04T20:44:08.198+0000] {logging_mixin.py:190} INFO - [2025-03-04T20:44:08.197+0000] {dag.py:3229} INFO - Sync 1 DAGs
[2025-03-04T20:44:08.212+0000] {logging_mixin.py:190} INFO - [2025-03-04T20:44:08.212+0000] {dag.py:4156} INFO - Setting next_dagrun for StockPrice_ETL to 2025-03-04 02:30:00+00:00, run_after=2025-03-05 02:30:00+00:00
[2025-03-04T20:44:08.221+0000] {processor.py:208} INFO - Processing /opt/airflow/dags/Assignment5.py took 0.074 seconds
[2025-03-04T20:44:38.627+0000] {processor.py:186} INFO - Started process (PID=2443) to work on /opt/airflow/dags/Assignment5.py
[2025-03-04T20:44:38.629+0000] {processor.py:914} INFO - Processing file /opt/airflow/dags/Assignment5.py for tasks to queue
[2025-03-04T20:44:38.631+0000] {logging_mixin.py:190} INFO - [2025-03-04T20:44:38.630+0000] {dagbag.py:587} INFO - Filling up the DagBag from /opt/airflow/dags/Assignment5.py
[2025-03-04T20:44:38.647+0000] {processor.py:925} INFO - DAG(s) 'StockPrice_ETL' retrieved from /opt/airflow/dags/Assignment5.py
[2025-03-04T20:44:38.673+0000] {logging_mixin.py:190} INFO - [2025-03-04T20:44:38.671+0000] {dag.py:3229} INFO - Sync 1 DAGs
[2025-03-04T20:44:38.688+0000] {logging_mixin.py:190} INFO - [2025-03-04T20:44:38.687+0000] {dag.py:4156} INFO - Setting next_dagrun for StockPrice_ETL to 2025-03-04 02:30:00+00:00, run_after=2025-03-05 02:30:00+00:00
[2025-03-04T20:44:38.697+0000] {processor.py:208} INFO - Processing /opt/airflow/dags/Assignment5.py took 0.100 seconds
[2025-03-04T20:45:08.792+0000] {processor.py:186} INFO - Started process (PID=2459) to work on /opt/airflow/dags/Assignment5.py
[2025-03-04T20:45:08.795+0000] {processor.py:914} INFO - Processing file /opt/airflow/dags/Assignment5.py for tasks to queue
[2025-03-04T20:45:08.797+0000] {logging_mixin.py:190} INFO - [2025-03-04T20:45:08.796+0000] {dagbag.py:587} INFO - Filling up the DagBag from /opt/airflow/dags/Assignment5.py
[2025-03-04T20:45:08.823+0000] {processor.py:925} INFO - DAG(s) 'StockPrice_ETL' retrieved from /opt/airflow/dags/Assignment5.py
[2025-03-04T20:45:08.859+0000] {logging_mixin.py:190} INFO - [2025-03-04T20:45:08.857+0000] {dag.py:3229} INFO - Sync 1 DAGs
[2025-03-04T20:45:08.881+0000] {logging_mixin.py:190} INFO - [2025-03-04T20:45:08.881+0000] {dag.py:4156} INFO - Setting next_dagrun for StockPrice_ETL to 2025-03-04 02:30:00+00:00, run_after=2025-03-05 02:30:00+00:00
[2025-03-04T20:45:08.892+0000] {processor.py:208} INFO - Processing /opt/airflow/dags/Assignment5.py took 0.120 seconds
[2025-03-04T20:45:39.293+0000] {processor.py:186} INFO - Started process (PID=2475) to work on /opt/airflow/dags/Assignment5.py
[2025-03-04T20:45:39.294+0000] {processor.py:914} INFO - Processing file /opt/airflow/dags/Assignment5.py for tasks to queue
[2025-03-04T20:45:39.296+0000] {logging_mixin.py:190} INFO - [2025-03-04T20:45:39.296+0000] {dagbag.py:587} INFO - Filling up the DagBag from /opt/airflow/dags/Assignment5.py
[2025-03-04T20:45:39.311+0000] {processor.py:925} INFO - DAG(s) 'StockPrice_ETL' retrieved from /opt/airflow/dags/Assignment5.py
[2025-03-04T20:45:39.338+0000] {logging_mixin.py:190} INFO - [2025-03-04T20:45:39.336+0000] {dag.py:3229} INFO - Sync 1 DAGs
[2025-03-04T20:45:39.351+0000] {logging_mixin.py:190} INFO - [2025-03-04T20:45:39.351+0000] {dag.py:4156} INFO - Setting next_dagrun for StockPrice_ETL to 2025-03-04 02:30:00+00:00, run_after=2025-03-05 02:30:00+00:00
[2025-03-04T20:45:39.361+0000] {processor.py:208} INFO - Processing /opt/airflow/dags/Assignment5.py took 0.084 seconds
[2025-03-04T20:46:09.424+0000] {processor.py:186} INFO - Started process (PID=2491) to work on /opt/airflow/dags/Assignment5.py
[2025-03-04T20:46:09.427+0000] {processor.py:914} INFO - Processing file /opt/airflow/dags/Assignment5.py for tasks to queue
[2025-03-04T20:46:09.429+0000] {logging_mixin.py:190} INFO - [2025-03-04T20:46:09.429+0000] {dagbag.py:587} INFO - Filling up the DagBag from /opt/airflow/dags/Assignment5.py
[2025-03-04T20:46:09.444+0000] {processor.py:925} INFO - DAG(s) 'StockPrice_ETL' retrieved from /opt/airflow/dags/Assignment5.py
[2025-03-04T20:46:09.471+0000] {logging_mixin.py:190} INFO - [2025-03-04T20:46:09.469+0000] {dag.py:3229} INFO - Sync 1 DAGs
[2025-03-04T20:46:09.485+0000] {logging_mixin.py:190} INFO - [2025-03-04T20:46:09.484+0000] {dag.py:4156} INFO - Setting next_dagrun for StockPrice_ETL to 2025-03-04 02:30:00+00:00, run_after=2025-03-05 02:30:00+00:00
[2025-03-04T20:46:09.493+0000] {processor.py:208} INFO - Processing /opt/airflow/dags/Assignment5.py took 0.080 seconds
[2025-03-04T20:46:39.883+0000] {processor.py:186} INFO - Started process (PID=2507) to work on /opt/airflow/dags/Assignment5.py
[2025-03-04T20:46:39.885+0000] {processor.py:914} INFO - Processing file /opt/airflow/dags/Assignment5.py for tasks to queue
[2025-03-04T20:46:39.887+0000] {logging_mixin.py:190} INFO - [2025-03-04T20:46:39.886+0000] {dagbag.py:587} INFO - Filling up the DagBag from /opt/airflow/dags/Assignment5.py
[2025-03-04T20:46:39.903+0000] {processor.py:925} INFO - DAG(s) 'StockPrice_ETL' retrieved from /opt/airflow/dags/Assignment5.py
[2025-03-04T20:46:39.929+0000] {logging_mixin.py:190} INFO - [2025-03-04T20:46:39.927+0000] {dag.py:3229} INFO - Sync 1 DAGs
[2025-03-04T20:46:39.942+0000] {logging_mixin.py:190} INFO - [2025-03-04T20:46:39.942+0000] {dag.py:4156} INFO - Setting next_dagrun for StockPrice_ETL to 2025-03-04 02:30:00+00:00, run_after=2025-03-05 02:30:00+00:00
[2025-03-04T20:46:39.951+0000] {processor.py:208} INFO - Processing /opt/airflow/dags/Assignment5.py took 0.079 seconds
[2025-03-04T20:47:10.323+0000] {processor.py:186} INFO - Started process (PID=2523) to work on /opt/airflow/dags/Assignment5.py
[2025-03-04T20:47:10.324+0000] {processor.py:914} INFO - Processing file /opt/airflow/dags/Assignment5.py for tasks to queue
[2025-03-04T20:47:10.325+0000] {logging_mixin.py:190} INFO - [2025-03-04T20:47:10.325+0000] {dagbag.py:587} INFO - Filling up the DagBag from /opt/airflow/dags/Assignment5.py
[2025-03-04T20:47:10.337+0000] {processor.py:925} INFO - DAG(s) 'StockPrice_ETL' retrieved from /opt/airflow/dags/Assignment5.py
[2025-03-04T20:47:10.359+0000] {logging_mixin.py:190} INFO - [2025-03-04T20:47:10.358+0000] {dag.py:3229} INFO - Sync 1 DAGs
[2025-03-04T20:47:10.373+0000] {logging_mixin.py:190} INFO - [2025-03-04T20:47:10.373+0000] {dag.py:4156} INFO - Setting next_dagrun for StockPrice_ETL to 2025-03-04 02:30:00+00:00, run_after=2025-03-05 02:30:00+00:00
[2025-03-04T20:47:10.381+0000] {processor.py:208} INFO - Processing /opt/airflow/dags/Assignment5.py took 0.066 seconds
[2025-03-04T20:47:40.422+0000] {processor.py:186} INFO - Started process (PID=2539) to work on /opt/airflow/dags/Assignment5.py
[2025-03-04T20:47:40.423+0000] {processor.py:914} INFO - Processing file /opt/airflow/dags/Assignment5.py for tasks to queue
[2025-03-04T20:47:40.425+0000] {logging_mixin.py:190} INFO - [2025-03-04T20:47:40.424+0000] {dagbag.py:587} INFO - Filling up the DagBag from /opt/airflow/dags/Assignment5.py
[2025-03-04T20:47:40.436+0000] {processor.py:925} INFO - DAG(s) 'StockPrice_ETL' retrieved from /opt/airflow/dags/Assignment5.py
[2025-03-04T20:47:40.456+0000] {logging_mixin.py:190} INFO - [2025-03-04T20:47:40.456+0000] {dag.py:3229} INFO - Sync 1 DAGs
[2025-03-04T20:47:40.469+0000] {logging_mixin.py:190} INFO - [2025-03-04T20:47:40.469+0000] {dag.py:4156} INFO - Setting next_dagrun for StockPrice_ETL to 2025-03-04 02:30:00+00:00, run_after=2025-03-05 02:30:00+00:00
[2025-03-04T20:47:40.477+0000] {processor.py:208} INFO - Processing /opt/airflow/dags/Assignment5.py took 0.063 seconds
[2025-03-04T20:48:10.881+0000] {processor.py:186} INFO - Started process (PID=2555) to work on /opt/airflow/dags/Assignment5.py
[2025-03-04T20:48:10.885+0000] {processor.py:914} INFO - Processing file /opt/airflow/dags/Assignment5.py for tasks to queue
[2025-03-04T20:48:10.886+0000] {logging_mixin.py:190} INFO - [2025-03-04T20:48:10.886+0000] {dagbag.py:587} INFO - Filling up the DagBag from /opt/airflow/dags/Assignment5.py
[2025-03-04T20:48:10.905+0000] {processor.py:925} INFO - DAG(s) 'StockPrice_ETL' retrieved from /opt/airflow/dags/Assignment5.py
[2025-03-04T20:48:10.944+0000] {logging_mixin.py:190} INFO - [2025-03-04T20:48:10.941+0000] {dag.py:3229} INFO - Sync 1 DAGs
[2025-03-04T20:48:10.962+0000] {logging_mixin.py:190} INFO - [2025-03-04T20:48:10.962+0000] {dag.py:4156} INFO - Setting next_dagrun for StockPrice_ETL to 2025-03-04 02:30:00+00:00, run_after=2025-03-05 02:30:00+00:00
[2025-03-04T20:48:10.972+0000] {processor.py:208} INFO - Processing /opt/airflow/dags/Assignment5.py took 0.107 seconds
[2025-03-04T20:48:41.355+0000] {processor.py:186} INFO - Started process (PID=2571) to work on /opt/airflow/dags/Assignment5.py
[2025-03-04T20:48:41.356+0000] {processor.py:914} INFO - Processing file /opt/airflow/dags/Assignment5.py for tasks to queue
[2025-03-04T20:48:41.357+0000] {logging_mixin.py:190} INFO - [2025-03-04T20:48:41.357+0000] {dagbag.py:587} INFO - Filling up the DagBag from /opt/airflow/dags/Assignment5.py
[2025-03-04T20:48:41.367+0000] {processor.py:925} INFO - DAG(s) 'StockPrice_ETL' retrieved from /opt/airflow/dags/Assignment5.py
[2025-03-04T20:48:41.385+0000] {logging_mixin.py:190} INFO - [2025-03-04T20:48:41.385+0000] {dag.py:3229} INFO - Sync 1 DAGs
[2025-03-04T20:48:41.400+0000] {logging_mixin.py:190} INFO - [2025-03-04T20:48:41.399+0000] {dag.py:4156} INFO - Setting next_dagrun for StockPrice_ETL to 2025-03-04 02:30:00+00:00, run_after=2025-03-05 02:30:00+00:00
[2025-03-04T20:48:41.408+0000] {processor.py:208} INFO - Processing /opt/airflow/dags/Assignment5.py took 0.064 seconds
[2025-03-04T20:49:11.740+0000] {processor.py:186} INFO - Started process (PID=2587) to work on /opt/airflow/dags/Assignment5.py
[2025-03-04T20:49:11.742+0000] {processor.py:914} INFO - Processing file /opt/airflow/dags/Assignment5.py for tasks to queue
[2025-03-04T20:49:11.743+0000] {logging_mixin.py:190} INFO - [2025-03-04T20:49:11.743+0000] {dagbag.py:587} INFO - Filling up the DagBag from /opt/airflow/dags/Assignment5.py
[2025-03-04T20:49:11.754+0000] {processor.py:925} INFO - DAG(s) 'StockPrice_ETL' retrieved from /opt/airflow/dags/Assignment5.py
[2025-03-04T20:49:11.775+0000] {logging_mixin.py:190} INFO - [2025-03-04T20:49:11.774+0000] {dag.py:3229} INFO - Sync 1 DAGs
[2025-03-04T20:49:11.790+0000] {logging_mixin.py:190} INFO - [2025-03-04T20:49:11.790+0000] {dag.py:4156} INFO - Setting next_dagrun for StockPrice_ETL to 2025-03-04 02:30:00+00:00, run_after=2025-03-05 02:30:00+00:00
[2025-03-04T20:49:11.799+0000] {processor.py:208} INFO - Processing /opt/airflow/dags/Assignment5.py took 0.066 seconds
[2025-03-04T20:49:42.111+0000] {processor.py:186} INFO - Started process (PID=2603) to work on /opt/airflow/dags/Assignment5.py
[2025-03-04T20:49:42.112+0000] {processor.py:914} INFO - Processing file /opt/airflow/dags/Assignment5.py for tasks to queue
[2025-03-04T20:49:42.114+0000] {logging_mixin.py:190} INFO - [2025-03-04T20:49:42.114+0000] {dagbag.py:587} INFO - Filling up the DagBag from /opt/airflow/dags/Assignment5.py
[2025-03-04T20:49:42.123+0000] {processor.py:925} INFO - DAG(s) 'StockPrice_ETL' retrieved from /opt/airflow/dags/Assignment5.py
[2025-03-04T20:49:42.142+0000] {logging_mixin.py:190} INFO - [2025-03-04T20:49:42.141+0000] {dag.py:3229} INFO - Sync 1 DAGs
[2025-03-04T20:49:42.155+0000] {logging_mixin.py:190} INFO - [2025-03-04T20:49:42.155+0000] {dag.py:4156} INFO - Setting next_dagrun for StockPrice_ETL to 2025-03-04 02:30:00+00:00, run_after=2025-03-05 02:30:00+00:00
[2025-03-04T20:49:42.164+0000] {processor.py:208} INFO - Processing /opt/airflow/dags/Assignment5.py took 0.060 seconds
[2025-03-04T20:50:12.514+0000] {processor.py:186} INFO - Started process (PID=2619) to work on /opt/airflow/dags/Assignment5.py
[2025-03-04T20:50:12.516+0000] {processor.py:914} INFO - Processing file /opt/airflow/dags/Assignment5.py for tasks to queue
[2025-03-04T20:50:12.518+0000] {logging_mixin.py:190} INFO - [2025-03-04T20:50:12.518+0000] {dagbag.py:587} INFO - Filling up the DagBag from /opt/airflow/dags/Assignment5.py
[2025-03-04T20:50:12.534+0000] {processor.py:925} INFO - DAG(s) 'StockPrice_ETL' retrieved from /opt/airflow/dags/Assignment5.py
[2025-03-04T20:50:12.563+0000] {logging_mixin.py:190} INFO - [2025-03-04T20:50:12.561+0000] {dag.py:3229} INFO - Sync 1 DAGs
[2025-03-04T20:50:12.578+0000] {logging_mixin.py:190} INFO - [2025-03-04T20:50:12.578+0000] {dag.py:4156} INFO - Setting next_dagrun for StockPrice_ETL to 2025-03-04 02:30:00+00:00, run_after=2025-03-05 02:30:00+00:00
[2025-03-04T20:50:12.587+0000] {processor.py:208} INFO - Processing /opt/airflow/dags/Assignment5.py took 0.092 seconds
[2025-03-04T20:50:42.916+0000] {processor.py:186} INFO - Started process (PID=2635) to work on /opt/airflow/dags/Assignment5.py
[2025-03-04T20:50:42.917+0000] {processor.py:914} INFO - Processing file /opt/airflow/dags/Assignment5.py for tasks to queue
[2025-03-04T20:50:42.919+0000] {logging_mixin.py:190} INFO - [2025-03-04T20:50:42.918+0000] {dagbag.py:587} INFO - Filling up the DagBag from /opt/airflow/dags/Assignment5.py
[2025-03-04T20:50:42.930+0000] {processor.py:925} INFO - DAG(s) 'StockPrice_ETL' retrieved from /opt/airflow/dags/Assignment5.py
[2025-03-04T20:50:42.952+0000] {logging_mixin.py:190} INFO - [2025-03-04T20:50:42.951+0000] {dag.py:3229} INFO - Sync 1 DAGs
[2025-03-04T20:50:42.964+0000] {logging_mixin.py:190} INFO - [2025-03-04T20:50:42.964+0000] {dag.py:4156} INFO - Setting next_dagrun for StockPrice_ETL to 2025-03-04 02:30:00+00:00, run_after=2025-03-05 02:30:00+00:00
[2025-03-04T20:50:42.973+0000] {processor.py:208} INFO - Processing /opt/airflow/dags/Assignment5.py took 0.065 seconds
[2025-03-04T20:51:13.359+0000] {processor.py:186} INFO - Started process (PID=2651) to work on /opt/airflow/dags/Assignment5.py
[2025-03-04T20:51:13.360+0000] {processor.py:914} INFO - Processing file /opt/airflow/dags/Assignment5.py for tasks to queue
[2025-03-04T20:51:13.362+0000] {logging_mixin.py:190} INFO - [2025-03-04T20:51:13.361+0000] {dagbag.py:587} INFO - Filling up the DagBag from /opt/airflow/dags/Assignment5.py
[2025-03-04T20:51:13.378+0000] {processor.py:925} INFO - DAG(s) 'StockPrice_ETL' retrieved from /opt/airflow/dags/Assignment5.py
[2025-03-04T20:51:13.397+0000] {logging_mixin.py:190} INFO - [2025-03-04T20:51:13.397+0000] {dag.py:3229} INFO - Sync 1 DAGs
[2025-03-04T20:51:13.410+0000] {logging_mixin.py:190} INFO - [2025-03-04T20:51:13.410+0000] {dag.py:4156} INFO - Setting next_dagrun for StockPrice_ETL to 2025-03-04 02:30:00+00:00, run_after=2025-03-05 02:30:00+00:00
[2025-03-04T20:51:13.418+0000] {processor.py:208} INFO - Processing /opt/airflow/dags/Assignment5.py took 0.070 seconds
[2025-03-04T20:51:43.793+0000] {processor.py:186} INFO - Started process (PID=2667) to work on /opt/airflow/dags/Assignment5.py
[2025-03-04T20:51:43.794+0000] {processor.py:914} INFO - Processing file /opt/airflow/dags/Assignment5.py for tasks to queue
[2025-03-04T20:51:43.796+0000] {logging_mixin.py:190} INFO - [2025-03-04T20:51:43.795+0000] {dagbag.py:587} INFO - Filling up the DagBag from /opt/airflow/dags/Assignment5.py
[2025-03-04T20:51:43.807+0000] {processor.py:925} INFO - DAG(s) 'StockPrice_ETL' retrieved from /opt/airflow/dags/Assignment5.py
[2025-03-04T20:51:43.828+0000] {logging_mixin.py:190} INFO - [2025-03-04T20:51:43.827+0000] {dag.py:3229} INFO - Sync 1 DAGs
[2025-03-04T20:51:43.842+0000] {logging_mixin.py:190} INFO - [2025-03-04T20:51:43.842+0000] {dag.py:4156} INFO - Setting next_dagrun for StockPrice_ETL to 2025-03-04 02:30:00+00:00, run_after=2025-03-05 02:30:00+00:00
[2025-03-04T20:51:43.850+0000] {processor.py:208} INFO - Processing /opt/airflow/dags/Assignment5.py took 0.065 seconds
[2025-03-04T20:52:14.170+0000] {processor.py:186} INFO - Started process (PID=2683) to work on /opt/airflow/dags/Assignment5.py
[2025-03-04T20:52:14.171+0000] {processor.py:914} INFO - Processing file /opt/airflow/dags/Assignment5.py for tasks to queue
[2025-03-04T20:52:14.172+0000] {logging_mixin.py:190} INFO - [2025-03-04T20:52:14.172+0000] {dagbag.py:587} INFO - Filling up the DagBag from /opt/airflow/dags/Assignment5.py
[2025-03-04T20:52:14.182+0000] {processor.py:925} INFO - DAG(s) 'StockPrice_ETL' retrieved from /opt/airflow/dags/Assignment5.py
[2025-03-04T20:52:14.204+0000] {logging_mixin.py:190} INFO - [2025-03-04T20:52:14.203+0000] {dag.py:3229} INFO - Sync 1 DAGs
[2025-03-04T20:52:14.217+0000] {logging_mixin.py:190} INFO - [2025-03-04T20:52:14.217+0000] {dag.py:4156} INFO - Setting next_dagrun for StockPrice_ETL to 2025-03-04 02:30:00+00:00, run_after=2025-03-05 02:30:00+00:00
[2025-03-04T20:52:14.225+0000] {processor.py:208} INFO - Processing /opt/airflow/dags/Assignment5.py took 0.062 seconds
[2025-03-04T20:52:44.342+0000] {processor.py:186} INFO - Started process (PID=2699) to work on /opt/airflow/dags/Assignment5.py
[2025-03-04T20:52:44.343+0000] {processor.py:914} INFO - Processing file /opt/airflow/dags/Assignment5.py for tasks to queue
[2025-03-04T20:52:44.344+0000] {logging_mixin.py:190} INFO - [2025-03-04T20:52:44.344+0000] {dagbag.py:587} INFO - Filling up the DagBag from /opt/airflow/dags/Assignment5.py
[2025-03-04T20:52:44.356+0000] {processor.py:925} INFO - DAG(s) 'StockPrice_ETL' retrieved from /opt/airflow/dags/Assignment5.py
[2025-03-04T20:52:44.377+0000] {logging_mixin.py:190} INFO - [2025-03-04T20:52:44.376+0000] {dag.py:3229} INFO - Sync 1 DAGs
[2025-03-04T20:52:44.391+0000] {logging_mixin.py:190} INFO - [2025-03-04T20:52:44.391+0000] {dag.py:4156} INFO - Setting next_dagrun for StockPrice_ETL to 2025-03-04 02:30:00+00:00, run_after=2025-03-05 02:30:00+00:00
[2025-03-04T20:52:44.401+0000] {processor.py:208} INFO - Processing /opt/airflow/dags/Assignment5.py took 0.066 seconds
[2025-03-04T20:53:14.750+0000] {processor.py:186} INFO - Started process (PID=2715) to work on /opt/airflow/dags/Assignment5.py
[2025-03-04T20:53:14.751+0000] {processor.py:914} INFO - Processing file /opt/airflow/dags/Assignment5.py for tasks to queue
[2025-03-04T20:53:14.752+0000] {logging_mixin.py:190} INFO - [2025-03-04T20:53:14.751+0000] {dagbag.py:587} INFO - Filling up the DagBag from /opt/airflow/dags/Assignment5.py
[2025-03-04T20:53:14.762+0000] {processor.py:925} INFO - DAG(s) 'StockPrice_ETL' retrieved from /opt/airflow/dags/Assignment5.py
[2025-03-04T20:53:14.782+0000] {logging_mixin.py:190} INFO - [2025-03-04T20:53:14.782+0000] {dag.py:3229} INFO - Sync 1 DAGs
[2025-03-04T20:53:14.796+0000] {logging_mixin.py:190} INFO - [2025-03-04T20:53:14.795+0000] {dag.py:4156} INFO - Setting next_dagrun for StockPrice_ETL to 2025-03-04 02:30:00+00:00, run_after=2025-03-05 02:30:00+00:00
[2025-03-04T20:53:14.803+0000] {processor.py:208} INFO - Processing /opt/airflow/dags/Assignment5.py took 0.060 seconds
[2025-03-04T20:53:44.832+0000] {processor.py:186} INFO - Started process (PID=2731) to work on /opt/airflow/dags/Assignment5.py
[2025-03-04T20:53:44.834+0000] {processor.py:914} INFO - Processing file /opt/airflow/dags/Assignment5.py for tasks to queue
[2025-03-04T20:53:44.835+0000] {logging_mixin.py:190} INFO - [2025-03-04T20:53:44.834+0000] {dagbag.py:587} INFO - Filling up the DagBag from /opt/airflow/dags/Assignment5.py
[2025-03-04T20:53:44.843+0000] {processor.py:925} INFO - DAG(s) 'StockPrice_ETL' retrieved from /opt/airflow/dags/Assignment5.py
[2025-03-04T20:53:44.866+0000] {logging_mixin.py:190} INFO - [2025-03-04T20:53:44.865+0000] {dag.py:3229} INFO - Sync 1 DAGs
[2025-03-04T20:53:44.881+0000] {logging_mixin.py:190} INFO - [2025-03-04T20:53:44.881+0000] {dag.py:4156} INFO - Setting next_dagrun for StockPrice_ETL to 2025-03-04 02:30:00+00:00, run_after=2025-03-05 02:30:00+00:00
[2025-03-04T20:53:44.889+0000] {processor.py:208} INFO - Processing /opt/airflow/dags/Assignment5.py took 0.063 seconds
[2025-03-04T20:54:15.237+0000] {processor.py:186} INFO - Started process (PID=2747) to work on /opt/airflow/dags/Assignment5.py
[2025-03-04T20:54:15.238+0000] {processor.py:914} INFO - Processing file /opt/airflow/dags/Assignment5.py for tasks to queue
[2025-03-04T20:54:15.239+0000] {logging_mixin.py:190} INFO - [2025-03-04T20:54:15.239+0000] {dagbag.py:587} INFO - Filling up the DagBag from /opt/airflow/dags/Assignment5.py
[2025-03-04T20:54:15.250+0000] {processor.py:925} INFO - DAG(s) 'StockPrice_ETL' retrieved from /opt/airflow/dags/Assignment5.py
[2025-03-04T20:54:15.271+0000] {logging_mixin.py:190} INFO - [2025-03-04T20:54:15.271+0000] {dag.py:3229} INFO - Sync 1 DAGs
[2025-03-04T20:54:15.291+0000] {logging_mixin.py:190} INFO - [2025-03-04T20:54:15.290+0000] {dag.py:4156} INFO - Setting next_dagrun for StockPrice_ETL to 2025-03-04 02:30:00+00:00, run_after=2025-03-05 02:30:00+00:00
[2025-03-04T20:54:15.311+0000] {processor.py:208} INFO - Processing /opt/airflow/dags/Assignment5.py took 0.080 seconds
[2025-03-04T20:54:45.607+0000] {processor.py:186} INFO - Started process (PID=2761) to work on /opt/airflow/dags/Assignment5.py
[2025-03-04T20:54:45.607+0000] {processor.py:914} INFO - Processing file /opt/airflow/dags/Assignment5.py for tasks to queue
[2025-03-04T20:54:45.608+0000] {logging_mixin.py:190} INFO - [2025-03-04T20:54:45.608+0000] {dagbag.py:587} INFO - Filling up the DagBag from /opt/airflow/dags/Assignment5.py
[2025-03-04T20:54:45.622+0000] {processor.py:925} INFO - DAG(s) 'StockPrice_ETL' retrieved from /opt/airflow/dags/Assignment5.py
[2025-03-04T20:54:45.641+0000] {logging_mixin.py:190} INFO - [2025-03-04T20:54:45.640+0000] {dag.py:3229} INFO - Sync 1 DAGs
[2025-03-04T20:54:45.654+0000] {logging_mixin.py:190} INFO - [2025-03-04T20:54:45.653+0000] {dag.py:4156} INFO - Setting next_dagrun for StockPrice_ETL to 2025-03-04 02:30:00+00:00, run_after=2025-03-05 02:30:00+00:00
[2025-03-04T20:54:45.661+0000] {processor.py:208} INFO - Processing /opt/airflow/dags/Assignment5.py took 0.061 seconds
[2025-03-04T20:55:16.048+0000] {processor.py:186} INFO - Started process (PID=2774) to work on /opt/airflow/dags/Assignment5.py
[2025-03-04T20:55:16.050+0000] {processor.py:914} INFO - Processing file /opt/airflow/dags/Assignment5.py for tasks to queue
[2025-03-04T20:55:16.053+0000] {logging_mixin.py:190} INFO - [2025-03-04T20:55:16.052+0000] {dagbag.py:587} INFO - Filling up the DagBag from /opt/airflow/dags/Assignment5.py
[2025-03-04T20:55:16.077+0000] {processor.py:925} INFO - DAG(s) 'StockPrice_ETL' retrieved from /opt/airflow/dags/Assignment5.py
[2025-03-04T20:55:16.113+0000] {logging_mixin.py:190} INFO - [2025-03-04T20:55:16.111+0000] {dag.py:3229} INFO - Sync 1 DAGs
[2025-03-04T20:55:16.132+0000] {logging_mixin.py:190} INFO - [2025-03-04T20:55:16.131+0000] {dag.py:4156} INFO - Setting next_dagrun for StockPrice_ETL to 2025-03-04 02:30:00+00:00, run_after=2025-03-05 02:30:00+00:00
[2025-03-04T20:55:16.143+0000] {processor.py:208} INFO - Processing /opt/airflow/dags/Assignment5.py took 0.107 seconds
[2025-03-04T20:55:46.530+0000] {processor.py:186} INFO - Started process (PID=2790) to work on /opt/airflow/dags/Assignment5.py
[2025-03-04T20:55:46.531+0000] {processor.py:914} INFO - Processing file /opt/airflow/dags/Assignment5.py for tasks to queue
[2025-03-04T20:55:46.533+0000] {logging_mixin.py:190} INFO - [2025-03-04T20:55:46.532+0000] {dagbag.py:587} INFO - Filling up the DagBag from /opt/airflow/dags/Assignment5.py
[2025-03-04T20:55:46.550+0000] {processor.py:925} INFO - DAG(s) 'StockPrice_ETL' retrieved from /opt/airflow/dags/Assignment5.py
[2025-03-04T20:55:46.578+0000] {logging_mixin.py:190} INFO - [2025-03-04T20:55:46.577+0000] {dag.py:3229} INFO - Sync 1 DAGs
[2025-03-04T20:55:46.593+0000] {logging_mixin.py:190} INFO - [2025-03-04T20:55:46.593+0000] {dag.py:4156} INFO - Setting next_dagrun for StockPrice_ETL to 2025-03-04 02:30:00+00:00, run_after=2025-03-05 02:30:00+00:00
[2025-03-04T20:55:46.602+0000] {processor.py:208} INFO - Processing /opt/airflow/dags/Assignment5.py took 0.084 seconds
[2025-03-04T20:56:16.992+0000] {processor.py:186} INFO - Started process (PID=2806) to work on /opt/airflow/dags/Assignment5.py
[2025-03-04T20:56:16.994+0000] {processor.py:914} INFO - Processing file /opt/airflow/dags/Assignment5.py for tasks to queue
[2025-03-04T20:56:16.995+0000] {logging_mixin.py:190} INFO - [2025-03-04T20:56:16.995+0000] {dagbag.py:587} INFO - Filling up the DagBag from /opt/airflow/dags/Assignment5.py
[2025-03-04T20:56:17.011+0000] {processor.py:925} INFO - DAG(s) 'StockPrice_ETL' retrieved from /opt/airflow/dags/Assignment5.py
[2025-03-04T20:56:17.041+0000] {logging_mixin.py:190} INFO - [2025-03-04T20:56:17.039+0000] {dag.py:3229} INFO - Sync 1 DAGs
[2025-03-04T20:56:17.056+0000] {logging_mixin.py:190} INFO - [2025-03-04T20:56:17.056+0000] {dag.py:4156} INFO - Setting next_dagrun for StockPrice_ETL to 2025-03-04 02:30:00+00:00, run_after=2025-03-05 02:30:00+00:00
[2025-03-04T20:56:17.065+0000] {processor.py:208} INFO - Processing /opt/airflow/dags/Assignment5.py took 0.082 seconds
[2025-03-04T20:56:47.406+0000] {processor.py:186} INFO - Started process (PID=2822) to work on /opt/airflow/dags/Assignment5.py
[2025-03-04T20:56:47.407+0000] {processor.py:914} INFO - Processing file /opt/airflow/dags/Assignment5.py for tasks to queue
[2025-03-04T20:56:47.409+0000] {logging_mixin.py:190} INFO - [2025-03-04T20:56:47.408+0000] {dagbag.py:587} INFO - Filling up the DagBag from /opt/airflow/dags/Assignment5.py
[2025-03-04T20:56:47.432+0000] {processor.py:925} INFO - DAG(s) 'StockPrice_ETL' retrieved from /opt/airflow/dags/Assignment5.py
[2025-03-04T20:56:47.468+0000] {logging_mixin.py:190} INFO - [2025-03-04T20:56:47.465+0000] {dag.py:3229} INFO - Sync 1 DAGs
[2025-03-04T20:56:47.488+0000] {logging_mixin.py:190} INFO - [2025-03-04T20:56:47.488+0000] {dag.py:4156} INFO - Setting next_dagrun for StockPrice_ETL to 2025-03-04 02:30:00+00:00, run_after=2025-03-05 02:30:00+00:00
[2025-03-04T20:56:47.500+0000] {processor.py:208} INFO - Processing /opt/airflow/dags/Assignment5.py took 0.105 seconds
[2025-03-04T20:57:17.823+0000] {processor.py:186} INFO - Started process (PID=2838) to work on /opt/airflow/dags/Assignment5.py
[2025-03-04T20:57:17.824+0000] {processor.py:914} INFO - Processing file /opt/airflow/dags/Assignment5.py for tasks to queue
[2025-03-04T20:57:17.825+0000] {logging_mixin.py:190} INFO - [2025-03-04T20:57:17.825+0000] {dagbag.py:587} INFO - Filling up the DagBag from /opt/airflow/dags/Assignment5.py
[2025-03-04T20:57:17.836+0000] {processor.py:925} INFO - DAG(s) 'StockPrice_ETL' retrieved from /opt/airflow/dags/Assignment5.py
[2025-03-04T20:57:17.860+0000] {logging_mixin.py:190} INFO - [2025-03-04T20:57:17.859+0000] {dag.py:3229} INFO - Sync 1 DAGs
[2025-03-04T20:57:17.875+0000] {logging_mixin.py:190} INFO - [2025-03-04T20:57:17.874+0000] {dag.py:4156} INFO - Setting next_dagrun for StockPrice_ETL to 2025-03-04 02:30:00+00:00, run_after=2025-03-05 02:30:00+00:00
[2025-03-04T20:57:17.883+0000] {processor.py:208} INFO - Processing /opt/airflow/dags/Assignment5.py took 0.069 seconds
[2025-03-04T20:57:47.959+0000] {processor.py:186} INFO - Started process (PID=2854) to work on /opt/airflow/dags/Assignment5.py
[2025-03-04T20:57:47.960+0000] {processor.py:914} INFO - Processing file /opt/airflow/dags/Assignment5.py for tasks to queue
[2025-03-04T20:57:47.963+0000] {logging_mixin.py:190} INFO - [2025-03-04T20:57:47.961+0000] {dagbag.py:587} INFO - Filling up the DagBag from /opt/airflow/dags/Assignment5.py
[2025-03-04T20:57:47.983+0000] {processor.py:925} INFO - DAG(s) 'StockPrice_ETL' retrieved from /opt/airflow/dags/Assignment5.py
[2025-03-04T20:57:48.026+0000] {logging_mixin.py:190} INFO - [2025-03-04T20:57:48.023+0000] {dag.py:3229} INFO - Sync 1 DAGs
[2025-03-04T20:57:48.050+0000] {logging_mixin.py:190} INFO - [2025-03-04T20:57:48.050+0000] {dag.py:4156} INFO - Setting next_dagrun for StockPrice_ETL to 2025-03-04 02:30:00+00:00, run_after=2025-03-05 02:30:00+00:00
[2025-03-04T20:57:48.061+0000] {processor.py:208} INFO - Processing /opt/airflow/dags/Assignment5.py took 0.121 seconds
[2025-03-04T20:58:18.482+0000] {processor.py:186} INFO - Started process (PID=2870) to work on /opt/airflow/dags/Assignment5.py
[2025-03-04T20:58:18.484+0000] {processor.py:914} INFO - Processing file /opt/airflow/dags/Assignment5.py for tasks to queue
[2025-03-04T20:58:18.485+0000] {logging_mixin.py:190} INFO - [2025-03-04T20:58:18.485+0000] {dagbag.py:587} INFO - Filling up the DagBag from /opt/airflow/dags/Assignment5.py
[2025-03-04T20:58:18.510+0000] {processor.py:925} INFO - DAG(s) 'StockPrice_ETL' retrieved from /opt/airflow/dags/Assignment5.py
[2025-03-04T20:58:18.547+0000] {logging_mixin.py:190} INFO - [2025-03-04T20:58:18.545+0000] {dag.py:3229} INFO - Sync 1 DAGs
[2025-03-04T20:58:18.572+0000] {logging_mixin.py:190} INFO - [2025-03-04T20:58:18.571+0000] {dag.py:4156} INFO - Setting next_dagrun for StockPrice_ETL to 2025-03-04 02:30:00+00:00, run_after=2025-03-05 02:30:00+00:00
[2025-03-04T20:58:18.582+0000] {processor.py:208} INFO - Processing /opt/airflow/dags/Assignment5.py took 0.119 seconds
[2025-03-04T20:58:48.661+0000] {processor.py:186} INFO - Started process (PID=2886) to work on /opt/airflow/dags/Assignment5.py
[2025-03-04T20:58:48.662+0000] {processor.py:914} INFO - Processing file /opt/airflow/dags/Assignment5.py for tasks to queue
[2025-03-04T20:58:48.670+0000] {logging_mixin.py:190} INFO - [2025-03-04T20:58:48.667+0000] {dagbag.py:587} INFO - Filling up the DagBag from /opt/airflow/dags/Assignment5.py
[2025-03-04T20:58:48.691+0000] {processor.py:925} INFO - DAG(s) 'StockPrice_ETL' retrieved from /opt/airflow/dags/Assignment5.py
[2025-03-04T20:58:48.725+0000] {logging_mixin.py:190} INFO - [2025-03-04T20:58:48.723+0000] {dag.py:3229} INFO - Sync 1 DAGs
[2025-03-04T20:58:48.747+0000] {logging_mixin.py:190} INFO - [2025-03-04T20:58:48.747+0000] {dag.py:4156} INFO - Setting next_dagrun for StockPrice_ETL to 2025-03-04 02:30:00+00:00, run_after=2025-03-05 02:30:00+00:00
[2025-03-04T20:58:48.759+0000] {processor.py:208} INFO - Processing /opt/airflow/dags/Assignment5.py took 0.111 seconds
[2025-03-04T20:59:19.110+0000] {processor.py:186} INFO - Started process (PID=2901) to work on /opt/airflow/dags/Assignment5.py
[2025-03-04T20:59:19.111+0000] {processor.py:914} INFO - Processing file /opt/airflow/dags/Assignment5.py for tasks to queue
[2025-03-04T20:59:19.113+0000] {logging_mixin.py:190} INFO - [2025-03-04T20:59:19.112+0000] {dagbag.py:587} INFO - Filling up the DagBag from /opt/airflow/dags/Assignment5.py
[2025-03-04T20:59:19.125+0000] {processor.py:925} INFO - DAG(s) 'StockPrice_ETL' retrieved from /opt/airflow/dags/Assignment5.py
[2025-03-04T20:59:19.148+0000] {logging_mixin.py:190} INFO - [2025-03-04T20:59:19.147+0000] {dag.py:3229} INFO - Sync 1 DAGs
[2025-03-04T20:59:19.164+0000] {logging_mixin.py:190} INFO - [2025-03-04T20:59:19.164+0000] {dag.py:4156} INFO - Setting next_dagrun for StockPrice_ETL to 2025-03-04 02:30:00+00:00, run_after=2025-03-05 02:30:00+00:00
[2025-03-04T20:59:19.173+0000] {processor.py:208} INFO - Processing /opt/airflow/dags/Assignment5.py took 0.072 seconds
[2025-03-04T20:59:49.416+0000] {processor.py:186} INFO - Started process (PID=2917) to work on /opt/airflow/dags/Assignment5.py
[2025-03-04T20:59:49.417+0000] {processor.py:914} INFO - Processing file /opt/airflow/dags/Assignment5.py for tasks to queue
[2025-03-04T20:59:49.419+0000] {logging_mixin.py:190} INFO - [2025-03-04T20:59:49.419+0000] {dagbag.py:587} INFO - Filling up the DagBag from /opt/airflow/dags/Assignment5.py
[2025-03-04T20:59:49.437+0000] {processor.py:925} INFO - DAG(s) 'StockPrice_ETL' retrieved from /opt/airflow/dags/Assignment5.py
[2025-03-04T20:59:49.471+0000] {logging_mixin.py:190} INFO - [2025-03-04T20:59:49.470+0000] {dag.py:3229} INFO - Sync 1 DAGs
[2025-03-04T20:59:49.486+0000] {logging_mixin.py:190} INFO - [2025-03-04T20:59:49.486+0000] {dag.py:4156} INFO - Setting next_dagrun for StockPrice_ETL to 2025-03-04 02:30:00+00:00, run_after=2025-03-05 02:30:00+00:00
[2025-03-04T20:59:49.495+0000] {processor.py:208} INFO - Processing /opt/airflow/dags/Assignment5.py took 0.090 seconds
[2025-03-04T21:00:19.626+0000] {processor.py:186} INFO - Started process (PID=2933) to work on /opt/airflow/dags/Assignment5.py
[2025-03-04T21:00:19.628+0000] {processor.py:914} INFO - Processing file /opt/airflow/dags/Assignment5.py for tasks to queue
[2025-03-04T21:00:19.630+0000] {logging_mixin.py:190} INFO - [2025-03-04T21:00:19.629+0000] {dagbag.py:587} INFO - Filling up the DagBag from /opt/airflow/dags/Assignment5.py
[2025-03-04T21:00:19.647+0000] {processor.py:925} INFO - DAG(s) 'StockPrice_ETL' retrieved from /opt/airflow/dags/Assignment5.py
[2025-03-04T21:00:19.676+0000] {logging_mixin.py:190} INFO - [2025-03-04T21:00:19.675+0000] {dag.py:3229} INFO - Sync 1 DAGs
[2025-03-04T21:00:19.692+0000] {logging_mixin.py:190} INFO - [2025-03-04T21:00:19.691+0000] {dag.py:4156} INFO - Setting next_dagrun for StockPrice_ETL to 2025-03-04 02:30:00+00:00, run_after=2025-03-05 02:30:00+00:00
[2025-03-04T21:00:19.701+0000] {processor.py:208} INFO - Processing /opt/airflow/dags/Assignment5.py took 0.088 seconds
[2025-03-04T21:00:50.081+0000] {processor.py:186} INFO - Started process (PID=2948) to work on /opt/airflow/dags/Assignment5.py
[2025-03-04T21:00:50.084+0000] {processor.py:914} INFO - Processing file /opt/airflow/dags/Assignment5.py for tasks to queue
[2025-03-04T21:00:50.087+0000] {logging_mixin.py:190} INFO - [2025-03-04T21:00:50.086+0000] {dagbag.py:587} INFO - Filling up the DagBag from /opt/airflow/dags/Assignment5.py
[2025-03-04T21:00:50.114+0000] {processor.py:925} INFO - DAG(s) 'StockPrice_ETL' retrieved from /opt/airflow/dags/Assignment5.py
[2025-03-04T21:00:50.153+0000] {logging_mixin.py:190} INFO - [2025-03-04T21:00:50.151+0000] {dag.py:3229} INFO - Sync 1 DAGs
[2025-03-04T21:00:50.173+0000] {logging_mixin.py:190} INFO - [2025-03-04T21:00:50.173+0000] {dag.py:4156} INFO - Setting next_dagrun for StockPrice_ETL to 2025-03-04 02:30:00+00:00, run_after=2025-03-05 02:30:00+00:00
[2025-03-04T21:00:50.185+0000] {processor.py:208} INFO - Processing /opt/airflow/dags/Assignment5.py took 0.121 seconds
[2025-03-04T21:01:20.597+0000] {processor.py:186} INFO - Started process (PID=2964) to work on /opt/airflow/dags/Assignment5.py
[2025-03-04T21:01:20.600+0000] {processor.py:914} INFO - Processing file /opt/airflow/dags/Assignment5.py for tasks to queue
[2025-03-04T21:01:20.604+0000] {logging_mixin.py:190} INFO - [2025-03-04T21:01:20.603+0000] {dagbag.py:587} INFO - Filling up the DagBag from /opt/airflow/dags/Assignment5.py
[2025-03-04T21:01:20.619+0000] {processor.py:925} INFO - DAG(s) 'StockPrice_ETL' retrieved from /opt/airflow/dags/Assignment5.py
[2025-03-04T21:01:20.656+0000] {logging_mixin.py:190} INFO - [2025-03-04T21:01:20.653+0000] {dag.py:3229} INFO - Sync 1 DAGs
[2025-03-04T21:01:20.676+0000] {logging_mixin.py:190} INFO - [2025-03-04T21:01:20.676+0000] {dag.py:4156} INFO - Setting next_dagrun for StockPrice_ETL to 2025-03-04 02:30:00+00:00, run_after=2025-03-05 02:30:00+00:00
[2025-03-04T21:01:20.686+0000] {processor.py:208} INFO - Processing /opt/airflow/dags/Assignment5.py took 0.099 seconds
[2025-03-04T21:01:51.011+0000] {processor.py:186} INFO - Started process (PID=2980) to work on /opt/airflow/dags/Assignment5.py
[2025-03-04T21:01:51.015+0000] {processor.py:914} INFO - Processing file /opt/airflow/dags/Assignment5.py for tasks to queue
[2025-03-04T21:01:51.023+0000] {logging_mixin.py:190} INFO - [2025-03-04T21:01:51.021+0000] {dagbag.py:587} INFO - Filling up the DagBag from /opt/airflow/dags/Assignment5.py
[2025-03-04T21:01:51.080+0000] {processor.py:925} INFO - DAG(s) 'StockPrice_ETL' retrieved from /opt/airflow/dags/Assignment5.py
[2025-03-04T21:01:51.336+0000] {logging_mixin.py:190} INFO - [2025-03-04T21:01:51.333+0000] {dag.py:3229} INFO - Sync 1 DAGs
[2025-03-04T21:01:51.387+0000] {logging_mixin.py:190} INFO - [2025-03-04T21:01:51.386+0000] {dag.py:4156} INFO - Setting next_dagrun for StockPrice_ETL to 2025-03-04 02:30:00+00:00, run_after=2025-03-05 02:30:00+00:00
[2025-03-04T21:01:51.414+0000] {processor.py:208} INFO - Processing /opt/airflow/dags/Assignment5.py took 0.433 seconds
[2025-03-04T21:02:21.877+0000] {processor.py:186} INFO - Started process (PID=2996) to work on /opt/airflow/dags/Assignment5.py
[2025-03-04T21:02:21.879+0000] {processor.py:914} INFO - Processing file /opt/airflow/dags/Assignment5.py for tasks to queue
[2025-03-04T21:02:21.880+0000] {logging_mixin.py:190} INFO - [2025-03-04T21:02:21.880+0000] {dagbag.py:587} INFO - Filling up the DagBag from /opt/airflow/dags/Assignment5.py
[2025-03-04T21:02:21.891+0000] {processor.py:925} INFO - DAG(s) 'StockPrice_ETL' retrieved from /opt/airflow/dags/Assignment5.py
[2025-03-04T21:02:21.913+0000] {logging_mixin.py:190} INFO - [2025-03-04T21:02:21.912+0000] {dag.py:3229} INFO - Sync 1 DAGs
[2025-03-04T21:02:21.926+0000] {logging_mixin.py:190} INFO - [2025-03-04T21:02:21.926+0000] {dag.py:4156} INFO - Setting next_dagrun for StockPrice_ETL to 2025-03-04 02:30:00+00:00, run_after=2025-03-05 02:30:00+00:00
[2025-03-04T21:02:21.934+0000] {processor.py:208} INFO - Processing /opt/airflow/dags/Assignment5.py took 0.067 seconds
[2025-03-04T21:02:52.061+0000] {processor.py:186} INFO - Started process (PID=3012) to work on /opt/airflow/dags/Assignment5.py
[2025-03-04T21:02:52.065+0000] {processor.py:914} INFO - Processing file /opt/airflow/dags/Assignment5.py for tasks to queue
[2025-03-04T21:02:52.067+0000] {logging_mixin.py:190} INFO - [2025-03-04T21:02:52.067+0000] {dagbag.py:587} INFO - Filling up the DagBag from /opt/airflow/dags/Assignment5.py
[2025-03-04T21:02:52.086+0000] {processor.py:925} INFO - DAG(s) 'StockPrice_ETL' retrieved from /opt/airflow/dags/Assignment5.py
[2025-03-04T21:02:52.113+0000] {logging_mixin.py:190} INFO - [2025-03-04T21:02:52.111+0000] {dag.py:3229} INFO - Sync 1 DAGs
[2025-03-04T21:02:52.129+0000] {logging_mixin.py:190} INFO - [2025-03-04T21:02:52.129+0000] {dag.py:4156} INFO - Setting next_dagrun for StockPrice_ETL to 2025-03-04 02:30:00+00:00, run_after=2025-03-05 02:30:00+00:00
[2025-03-04T21:02:52.138+0000] {processor.py:208} INFO - Processing /opt/airflow/dags/Assignment5.py took 0.090 seconds
[2025-03-04T21:03:22.216+0000] {processor.py:186} INFO - Started process (PID=3028) to work on /opt/airflow/dags/Assignment5.py
[2025-03-04T21:03:22.218+0000] {processor.py:914} INFO - Processing file /opt/airflow/dags/Assignment5.py for tasks to queue
[2025-03-04T21:03:22.220+0000] {logging_mixin.py:190} INFO - [2025-03-04T21:03:22.219+0000] {dagbag.py:587} INFO - Filling up the DagBag from /opt/airflow/dags/Assignment5.py
[2025-03-04T21:03:22.242+0000] {processor.py:925} INFO - DAG(s) 'StockPrice_ETL' retrieved from /opt/airflow/dags/Assignment5.py
[2025-03-04T21:03:22.277+0000] {logging_mixin.py:190} INFO - [2025-03-04T21:03:22.275+0000] {dag.py:3229} INFO - Sync 1 DAGs
[2025-03-04T21:03:22.300+0000] {logging_mixin.py:190} INFO - [2025-03-04T21:03:22.300+0000] {dag.py:4156} INFO - Setting next_dagrun for StockPrice_ETL to 2025-03-04 02:30:00+00:00, run_after=2025-03-05 02:30:00+00:00
[2025-03-04T21:03:22.309+0000] {processor.py:208} INFO - Processing /opt/airflow/dags/Assignment5.py took 0.103 seconds
[2025-03-04T21:03:52.743+0000] {processor.py:186} INFO - Started process (PID=3044) to work on /opt/airflow/dags/Assignment5.py
[2025-03-04T21:03:52.745+0000] {processor.py:914} INFO - Processing file /opt/airflow/dags/Assignment5.py for tasks to queue
[2025-03-04T21:03:52.747+0000] {logging_mixin.py:190} INFO - [2025-03-04T21:03:52.747+0000] {dagbag.py:587} INFO - Filling up the DagBag from /opt/airflow/dags/Assignment5.py
[2025-03-04T21:03:52.764+0000] {processor.py:925} INFO - DAG(s) 'StockPrice_ETL' retrieved from /opt/airflow/dags/Assignment5.py
[2025-03-04T21:03:52.789+0000] {logging_mixin.py:190} INFO - [2025-03-04T21:03:52.787+0000] {dag.py:3229} INFO - Sync 1 DAGs
[2025-03-04T21:03:52.803+0000] {logging_mixin.py:190} INFO - [2025-03-04T21:03:52.803+0000] {dag.py:4156} INFO - Setting next_dagrun for StockPrice_ETL to 2025-03-04 02:30:00+00:00, run_after=2025-03-05 02:30:00+00:00
[2025-03-04T21:03:52.811+0000] {processor.py:208} INFO - Processing /opt/airflow/dags/Assignment5.py took 0.080 seconds
[2025-03-04T21:04:23.212+0000] {processor.py:186} INFO - Started process (PID=3060) to work on /opt/airflow/dags/Assignment5.py
[2025-03-04T21:04:23.213+0000] {processor.py:914} INFO - Processing file /opt/airflow/dags/Assignment5.py for tasks to queue
[2025-03-04T21:04:23.214+0000] {logging_mixin.py:190} INFO - [2025-03-04T21:04:23.214+0000] {dagbag.py:587} INFO - Filling up the DagBag from /opt/airflow/dags/Assignment5.py
[2025-03-04T21:04:23.227+0000] {processor.py:925} INFO - DAG(s) 'StockPrice_ETL' retrieved from /opt/airflow/dags/Assignment5.py
[2025-03-04T21:04:23.248+0000] {logging_mixin.py:190} INFO - [2025-03-04T21:04:23.247+0000] {dag.py:3229} INFO - Sync 1 DAGs
[2025-03-04T21:04:23.262+0000] {logging_mixin.py:190} INFO - [2025-03-04T21:04:23.262+0000] {dag.py:4156} INFO - Setting next_dagrun for StockPrice_ETL to 2025-03-04 02:30:00+00:00, run_after=2025-03-05 02:30:00+00:00
[2025-03-04T21:04:23.270+0000] {processor.py:208} INFO - Processing /opt/airflow/dags/Assignment5.py took 0.067 seconds
[2025-03-04T21:04:53.600+0000] {processor.py:186} INFO - Started process (PID=3076) to work on /opt/airflow/dags/Assignment5.py
[2025-03-04T21:04:53.602+0000] {processor.py:914} INFO - Processing file /opt/airflow/dags/Assignment5.py for tasks to queue
[2025-03-04T21:04:53.603+0000] {logging_mixin.py:190} INFO - [2025-03-04T21:04:53.603+0000] {dagbag.py:587} INFO - Filling up the DagBag from /opt/airflow/dags/Assignment5.py
[2025-03-04T21:04:53.613+0000] {processor.py:925} INFO - DAG(s) 'StockPrice_ETL' retrieved from /opt/airflow/dags/Assignment5.py
[2025-03-04T21:04:53.633+0000] {logging_mixin.py:190} INFO - [2025-03-04T21:04:53.632+0000] {dag.py:3229} INFO - Sync 1 DAGs
[2025-03-04T21:04:53.646+0000] {logging_mixin.py:190} INFO - [2025-03-04T21:04:53.646+0000] {dag.py:4156} INFO - Setting next_dagrun for StockPrice_ETL to 2025-03-04 02:30:00+00:00, run_after=2025-03-05 02:30:00+00:00
[2025-03-04T21:04:53.654+0000] {processor.py:208} INFO - Processing /opt/airflow/dags/Assignment5.py took 0.060 seconds
[2025-03-04T21:05:23.762+0000] {processor.py:186} INFO - Started process (PID=3092) to work on /opt/airflow/dags/Assignment5.py
[2025-03-04T21:05:23.763+0000] {processor.py:914} INFO - Processing file /opt/airflow/dags/Assignment5.py for tasks to queue
[2025-03-04T21:05:23.765+0000] {logging_mixin.py:190} INFO - [2025-03-04T21:05:23.764+0000] {dagbag.py:587} INFO - Filling up the DagBag from /opt/airflow/dags/Assignment5.py
[2025-03-04T21:05:23.775+0000] {processor.py:925} INFO - DAG(s) 'StockPrice_ETL' retrieved from /opt/airflow/dags/Assignment5.py
[2025-03-04T21:05:23.798+0000] {logging_mixin.py:190} INFO - [2025-03-04T21:05:23.797+0000] {dag.py:3229} INFO - Sync 1 DAGs
[2025-03-04T21:05:23.815+0000] {logging_mixin.py:190} INFO - [2025-03-04T21:05:23.815+0000] {dag.py:4156} INFO - Setting next_dagrun for StockPrice_ETL to 2025-03-04 02:30:00+00:00, run_after=2025-03-05 02:30:00+00:00
[2025-03-04T21:05:23.826+0000] {processor.py:208} INFO - Processing /opt/airflow/dags/Assignment5.py took 0.067 seconds
[2025-03-04T21:05:54.110+0000] {processor.py:186} INFO - Started process (PID=3108) to work on /opt/airflow/dags/Assignment5.py
[2025-03-04T21:05:54.112+0000] {processor.py:914} INFO - Processing file /opt/airflow/dags/Assignment5.py for tasks to queue
[2025-03-04T21:05:54.113+0000] {logging_mixin.py:190} INFO - [2025-03-04T21:05:54.113+0000] {dagbag.py:587} INFO - Filling up the DagBag from /opt/airflow/dags/Assignment5.py
[2025-03-04T21:05:54.124+0000] {processor.py:925} INFO - DAG(s) 'StockPrice_ETL' retrieved from /opt/airflow/dags/Assignment5.py
[2025-03-04T21:05:54.144+0000] {logging_mixin.py:190} INFO - [2025-03-04T21:05:54.143+0000] {dag.py:3229} INFO - Sync 1 DAGs
[2025-03-04T21:05:54.160+0000] {logging_mixin.py:190} INFO - [2025-03-04T21:05:54.160+0000] {dag.py:4156} INFO - Setting next_dagrun for StockPrice_ETL to 2025-03-04 02:30:00+00:00, run_after=2025-03-05 02:30:00+00:00
[2025-03-04T21:05:54.167+0000] {processor.py:208} INFO - Processing /opt/airflow/dags/Assignment5.py took 0.071 seconds
[2025-03-04T21:06:24.354+0000] {processor.py:186} INFO - Started process (PID=3124) to work on /opt/airflow/dags/Assignment5.py
[2025-03-04T21:06:24.356+0000] {processor.py:914} INFO - Processing file /opt/airflow/dags/Assignment5.py for tasks to queue
[2025-03-04T21:06:24.357+0000] {logging_mixin.py:190} INFO - [2025-03-04T21:06:24.357+0000] {dagbag.py:587} INFO - Filling up the DagBag from /opt/airflow/dags/Assignment5.py
[2025-03-04T21:06:24.370+0000] {processor.py:925} INFO - DAG(s) 'StockPrice_ETL' retrieved from /opt/airflow/dags/Assignment5.py
[2025-03-04T21:06:24.392+0000] {logging_mixin.py:190} INFO - [2025-03-04T21:06:24.391+0000] {dag.py:3229} INFO - Sync 1 DAGs
[2025-03-04T21:06:24.406+0000] {logging_mixin.py:190} INFO - [2025-03-04T21:06:24.406+0000] {dag.py:4156} INFO - Setting next_dagrun for StockPrice_ETL to 2025-03-04 02:30:00+00:00, run_after=2025-03-05 02:30:00+00:00
[2025-03-04T21:06:24.414+0000] {processor.py:208} INFO - Processing /opt/airflow/dags/Assignment5.py took 0.068 seconds
[2025-03-04T21:06:54.469+0000] {processor.py:186} INFO - Started process (PID=3140) to work on /opt/airflow/dags/Assignment5.py
[2025-03-04T21:06:54.470+0000] {processor.py:914} INFO - Processing file /opt/airflow/dags/Assignment5.py for tasks to queue
[2025-03-04T21:06:54.472+0000] {logging_mixin.py:190} INFO - [2025-03-04T21:06:54.471+0000] {dagbag.py:587} INFO - Filling up the DagBag from /opt/airflow/dags/Assignment5.py
[2025-03-04T21:06:54.482+0000] {processor.py:925} INFO - DAG(s) 'StockPrice_ETL' retrieved from /opt/airflow/dags/Assignment5.py
[2025-03-04T21:06:54.503+0000] {logging_mixin.py:190} INFO - [2025-03-04T21:06:54.502+0000] {dag.py:3229} INFO - Sync 1 DAGs
[2025-03-04T21:06:54.518+0000] {logging_mixin.py:190} INFO - [2025-03-04T21:06:54.518+0000] {dag.py:4156} INFO - Setting next_dagrun for StockPrice_ETL to 2025-03-04 02:30:00+00:00, run_after=2025-03-05 02:30:00+00:00
[2025-03-04T21:06:54.527+0000] {processor.py:208} INFO - Processing /opt/airflow/dags/Assignment5.py took 0.065 seconds
[2025-03-04T21:07:24.906+0000] {processor.py:186} INFO - Started process (PID=3156) to work on /opt/airflow/dags/Assignment5.py
[2025-03-04T21:07:24.907+0000] {processor.py:914} INFO - Processing file /opt/airflow/dags/Assignment5.py for tasks to queue
[2025-03-04T21:07:24.909+0000] {logging_mixin.py:190} INFO - [2025-03-04T21:07:24.908+0000] {dagbag.py:587} INFO - Filling up the DagBag from /opt/airflow/dags/Assignment5.py
[2025-03-04T21:07:24.920+0000] {processor.py:925} INFO - DAG(s) 'StockPrice_ETL' retrieved from /opt/airflow/dags/Assignment5.py
[2025-03-04T21:07:24.942+0000] {logging_mixin.py:190} INFO - [2025-03-04T21:07:24.941+0000] {dag.py:3229} INFO - Sync 1 DAGs
[2025-03-04T21:07:24.956+0000] {logging_mixin.py:190} INFO - [2025-03-04T21:07:24.956+0000] {dag.py:4156} INFO - Setting next_dagrun for StockPrice_ETL to 2025-03-04 02:30:00+00:00, run_after=2025-03-05 02:30:00+00:00
[2025-03-04T21:07:24.965+0000] {processor.py:208} INFO - Processing /opt/airflow/dags/Assignment5.py took 0.067 seconds
[2025-03-04T21:07:55.286+0000] {processor.py:186} INFO - Started process (PID=3172) to work on /opt/airflow/dags/Assignment5.py
[2025-03-04T21:07:55.287+0000] {processor.py:914} INFO - Processing file /opt/airflow/dags/Assignment5.py for tasks to queue
[2025-03-04T21:07:55.288+0000] {logging_mixin.py:190} INFO - [2025-03-04T21:07:55.288+0000] {dagbag.py:587} INFO - Filling up the DagBag from /opt/airflow/dags/Assignment5.py
[2025-03-04T21:07:55.298+0000] {processor.py:925} INFO - DAG(s) 'StockPrice_ETL' retrieved from /opt/airflow/dags/Assignment5.py
[2025-03-04T21:07:55.315+0000] {logging_mixin.py:190} INFO - [2025-03-04T21:07:55.314+0000] {dag.py:3229} INFO - Sync 1 DAGs
[2025-03-04T21:07:55.327+0000] {logging_mixin.py:190} INFO - [2025-03-04T21:07:55.327+0000] {dag.py:4156} INFO - Setting next_dagrun for StockPrice_ETL to 2025-03-04 02:30:00+00:00, run_after=2025-03-05 02:30:00+00:00
[2025-03-04T21:07:55.335+0000] {processor.py:208} INFO - Processing /opt/airflow/dags/Assignment5.py took 0.058 seconds
[2025-03-04T21:08:25.397+0000] {processor.py:186} INFO - Started process (PID=3188) to work on /opt/airflow/dags/Assignment5.py
[2025-03-04T21:08:25.398+0000] {processor.py:914} INFO - Processing file /opt/airflow/dags/Assignment5.py for tasks to queue
[2025-03-04T21:08:25.400+0000] {logging_mixin.py:190} INFO - [2025-03-04T21:08:25.399+0000] {dagbag.py:587} INFO - Filling up the DagBag from /opt/airflow/dags/Assignment5.py
[2025-03-04T21:08:25.411+0000] {processor.py:925} INFO - DAG(s) 'StockPrice_ETL' retrieved from /opt/airflow/dags/Assignment5.py
[2025-03-04T21:08:25.431+0000] {logging_mixin.py:190} INFO - [2025-03-04T21:08:25.430+0000] {dag.py:3229} INFO - Sync 1 DAGs
[2025-03-04T21:08:25.444+0000] {logging_mixin.py:190} INFO - [2025-03-04T21:08:25.444+0000] {dag.py:4156} INFO - Setting next_dagrun for StockPrice_ETL to 2025-03-04 02:30:00+00:00, run_after=2025-03-05 02:30:00+00:00
[2025-03-04T21:08:25.453+0000] {processor.py:208} INFO - Processing /opt/airflow/dags/Assignment5.py took 0.062 seconds
[2025-03-04T21:08:55.506+0000] {processor.py:186} INFO - Started process (PID=3204) to work on /opt/airflow/dags/Assignment5.py
[2025-03-04T21:08:55.508+0000] {processor.py:914} INFO - Processing file /opt/airflow/dags/Assignment5.py for tasks to queue
[2025-03-04T21:08:55.509+0000] {logging_mixin.py:190} INFO - [2025-03-04T21:08:55.509+0000] {dagbag.py:587} INFO - Filling up the DagBag from /opt/airflow/dags/Assignment5.py
[2025-03-04T21:08:55.518+0000] {processor.py:925} INFO - DAG(s) 'StockPrice_ETL' retrieved from /opt/airflow/dags/Assignment5.py
[2025-03-04T21:08:55.539+0000] {logging_mixin.py:190} INFO - [2025-03-04T21:08:55.539+0000] {dag.py:3229} INFO - Sync 1 DAGs
[2025-03-04T21:08:55.556+0000] {logging_mixin.py:190} INFO - [2025-03-04T21:08:55.556+0000] {dag.py:4156} INFO - Setting next_dagrun for StockPrice_ETL to 2025-03-04 02:30:00+00:00, run_after=2025-03-05 02:30:00+00:00
[2025-03-04T21:08:55.566+0000] {processor.py:208} INFO - Processing /opt/airflow/dags/Assignment5.py took 0.065 seconds
[2025-03-04T21:09:25.649+0000] {processor.py:186} INFO - Started process (PID=3220) to work on /opt/airflow/dags/Assignment5.py
[2025-03-04T21:09:25.650+0000] {processor.py:914} INFO - Processing file /opt/airflow/dags/Assignment5.py for tasks to queue
[2025-03-04T21:09:25.651+0000] {logging_mixin.py:190} INFO - [2025-03-04T21:09:25.650+0000] {dagbag.py:587} INFO - Filling up the DagBag from /opt/airflow/dags/Assignment5.py
[2025-03-04T21:09:25.657+0000] {processor.py:925} INFO - DAG(s) 'StockPrice_ETL' retrieved from /opt/airflow/dags/Assignment5.py
[2025-03-04T21:09:25.671+0000] {logging_mixin.py:190} INFO - [2025-03-04T21:09:25.670+0000] {dag.py:3229} INFO - Sync 1 DAGs
[2025-03-04T21:09:25.681+0000] {logging_mixin.py:190} INFO - [2025-03-04T21:09:25.681+0000] {dag.py:4156} INFO - Setting next_dagrun for StockPrice_ETL to 2025-03-04 02:30:00+00:00, run_after=2025-03-05 02:30:00+00:00
[2025-03-04T21:09:25.689+0000] {processor.py:208} INFO - Processing /opt/airflow/dags/Assignment5.py took 0.045 seconds
[2025-03-04T21:09:55.951+0000] {processor.py:186} INFO - Started process (PID=3236) to work on /opt/airflow/dags/Assignment5.py
[2025-03-04T21:09:55.952+0000] {processor.py:914} INFO - Processing file /opt/airflow/dags/Assignment5.py for tasks to queue
[2025-03-04T21:09:55.953+0000] {logging_mixin.py:190} INFO - [2025-03-04T21:09:55.953+0000] {dagbag.py:587} INFO - Filling up the DagBag from /opt/airflow/dags/Assignment5.py
[2025-03-04T21:09:55.961+0000] {processor.py:925} INFO - DAG(s) 'StockPrice_ETL' retrieved from /opt/airflow/dags/Assignment5.py
[2025-03-04T21:09:55.975+0000] {logging_mixin.py:190} INFO - [2025-03-04T21:09:55.975+0000] {dag.py:3229} INFO - Sync 1 DAGs
[2025-03-04T21:09:55.987+0000] {logging_mixin.py:190} INFO - [2025-03-04T21:09:55.987+0000] {dag.py:4156} INFO - Setting next_dagrun for StockPrice_ETL to 2025-03-04 02:30:00+00:00, run_after=2025-03-05 02:30:00+00:00
[2025-03-04T21:09:55.994+0000] {processor.py:208} INFO - Processing /opt/airflow/dags/Assignment5.py took 0.047 seconds
[2025-03-04T21:10:26.039+0000] {processor.py:186} INFO - Started process (PID=3252) to work on /opt/airflow/dags/Assignment5.py
[2025-03-04T21:10:26.040+0000] {processor.py:914} INFO - Processing file /opt/airflow/dags/Assignment5.py for tasks to queue
[2025-03-04T21:10:26.040+0000] {logging_mixin.py:190} INFO - [2025-03-04T21:10:26.040+0000] {dagbag.py:587} INFO - Filling up the DagBag from /opt/airflow/dags/Assignment5.py
[2025-03-04T21:10:26.047+0000] {processor.py:925} INFO - DAG(s) 'StockPrice_ETL' retrieved from /opt/airflow/dags/Assignment5.py
[2025-03-04T21:10:26.060+0000] {logging_mixin.py:190} INFO - [2025-03-04T21:10:26.059+0000] {dag.py:3229} INFO - Sync 1 DAGs
[2025-03-04T21:10:26.070+0000] {logging_mixin.py:190} INFO - [2025-03-04T21:10:26.070+0000] {dag.py:4156} INFO - Setting next_dagrun for StockPrice_ETL to 2025-03-04 02:30:00+00:00, run_after=2025-03-05 02:30:00+00:00
[2025-03-04T21:10:26.077+0000] {processor.py:208} INFO - Processing /opt/airflow/dags/Assignment5.py took 0.042 seconds
[2025-03-04T21:10:56.447+0000] {processor.py:186} INFO - Started process (PID=3266) to work on /opt/airflow/dags/Assignment5.py
[2025-03-04T21:10:56.450+0000] {processor.py:914} INFO - Processing file /opt/airflow/dags/Assignment5.py for tasks to queue
[2025-03-04T21:10:56.451+0000] {logging_mixin.py:190} INFO - [2025-03-04T21:10:56.451+0000] {dagbag.py:587} INFO - Filling up the DagBag from /opt/airflow/dags/Assignment5.py
[2025-03-04T21:10:56.457+0000] {processor.py:925} INFO - DAG(s) 'StockPrice_ETL' retrieved from /opt/airflow/dags/Assignment5.py
[2025-03-04T21:10:56.475+0000] {logging_mixin.py:190} INFO - [2025-03-04T21:10:56.474+0000] {dag.py:3229} INFO - Sync 1 DAGs
[2025-03-04T21:10:56.487+0000] {logging_mixin.py:190} INFO - [2025-03-04T21:10:56.487+0000] {dag.py:4156} INFO - Setting next_dagrun for StockPrice_ETL to 2025-03-04 02:30:00+00:00, run_after=2025-03-05 02:30:00+00:00
[2025-03-04T21:10:56.494+0000] {processor.py:208} INFO - Processing /opt/airflow/dags/Assignment5.py took 0.051 seconds
[2025-03-04T21:11:26.877+0000] {processor.py:186} INFO - Started process (PID=3279) to work on /opt/airflow/dags/Assignment5.py
[2025-03-04T21:11:26.878+0000] {processor.py:914} INFO - Processing file /opt/airflow/dags/Assignment5.py for tasks to queue
[2025-03-04T21:11:26.880+0000] {logging_mixin.py:190} INFO - [2025-03-04T21:11:26.880+0000] {dagbag.py:587} INFO - Filling up the DagBag from /opt/airflow/dags/Assignment5.py
[2025-03-04T21:11:26.910+0000] {processor.py:925} INFO - DAG(s) 'StockPrice_ETL' retrieved from /opt/airflow/dags/Assignment5.py
[2025-03-04T21:11:26.953+0000] {logging_mixin.py:190} INFO - [2025-03-04T21:11:26.950+0000] {dag.py:3229} INFO - Sync 1 DAGs
[2025-03-04T21:11:26.985+0000] {logging_mixin.py:190} INFO - [2025-03-04T21:11:26.985+0000] {dag.py:4156} INFO - Setting next_dagrun for StockPrice_ETL to 2025-03-04 02:30:00+00:00, run_after=2025-03-05 02:30:00+00:00
[2025-03-04T21:11:27.000+0000] {processor.py:208} INFO - Processing /opt/airflow/dags/Assignment5.py took 0.136 seconds
[2025-03-04T21:17:47.939+0000] {processor.py:186} INFO - Started process (PID=3298) to work on /opt/airflow/dags/Assignment5.py
[2025-03-04T21:17:47.940+0000] {processor.py:914} INFO - Processing file /opt/airflow/dags/Assignment5.py for tasks to queue
[2025-03-04T21:17:47.942+0000] {logging_mixin.py:190} INFO - [2025-03-04T21:17:47.941+0000] {dagbag.py:587} INFO - Filling up the DagBag from /opt/airflow/dags/Assignment5.py
[2025-03-04T21:17:47.959+0000] {processor.py:925} INFO - DAG(s) 'StockPrice_ETL' retrieved from /opt/airflow/dags/Assignment5.py
[2025-03-04T21:17:47.987+0000] {logging_mixin.py:190} INFO - [2025-03-04T21:17:47.986+0000] {dag.py:3229} INFO - Sync 1 DAGs
[2025-03-04T21:17:48.003+0000] {logging_mixin.py:190} INFO - [2025-03-04T21:17:48.003+0000] {dag.py:4156} INFO - Setting next_dagrun for StockPrice_ETL to 2025-03-04 02:30:00+00:00, run_after=2025-03-05 02:30:00+00:00
[2025-03-04T21:17:48.013+0000] {processor.py:208} INFO - Processing /opt/airflow/dags/Assignment5.py took 0.082 seconds
[2025-03-04T21:18:18.165+0000] {processor.py:186} INFO - Started process (PID=3311) to work on /opt/airflow/dags/Assignment5.py
[2025-03-04T21:18:18.166+0000] {processor.py:914} INFO - Processing file /opt/airflow/dags/Assignment5.py for tasks to queue
[2025-03-04T21:18:18.167+0000] {logging_mixin.py:190} INFO - [2025-03-04T21:18:18.167+0000] {dagbag.py:587} INFO - Filling up the DagBag from /opt/airflow/dags/Assignment5.py
[2025-03-04T21:18:18.197+0000] {processor.py:925} INFO - DAG(s) 'StockPrice_ETL' retrieved from /opt/airflow/dags/Assignment5.py
[2025-03-04T21:18:18.231+0000] {logging_mixin.py:190} INFO - [2025-03-04T21:18:18.228+0000] {dag.py:3229} INFO - Sync 1 DAGs
[2025-03-04T21:18:18.253+0000] {logging_mixin.py:190} INFO - [2025-03-04T21:18:18.253+0000] {dag.py:4156} INFO - Setting next_dagrun for StockPrice_ETL to 2025-03-04 02:30:00+00:00, run_after=2025-03-05 02:30:00+00:00
[2025-03-04T21:18:18.264+0000] {processor.py:208} INFO - Processing /opt/airflow/dags/Assignment5.py took 0.114 seconds
[2025-03-04T21:18:48.675+0000] {processor.py:186} INFO - Started process (PID=3327) to work on /opt/airflow/dags/Assignment5.py
[2025-03-04T21:18:48.677+0000] {processor.py:914} INFO - Processing file /opt/airflow/dags/Assignment5.py for tasks to queue
[2025-03-04T21:18:48.678+0000] {logging_mixin.py:190} INFO - [2025-03-04T21:18:48.678+0000] {dagbag.py:587} INFO - Filling up the DagBag from /opt/airflow/dags/Assignment5.py
[2025-03-04T21:18:48.702+0000] {processor.py:925} INFO - DAG(s) 'StockPrice_ETL' retrieved from /opt/airflow/dags/Assignment5.py
[2025-03-04T21:18:48.738+0000] {logging_mixin.py:190} INFO - [2025-03-04T21:18:48.736+0000] {dag.py:3229} INFO - Sync 1 DAGs
[2025-03-04T21:18:48.755+0000] {logging_mixin.py:190} INFO - [2025-03-04T21:18:48.755+0000] {dag.py:4156} INFO - Setting next_dagrun for StockPrice_ETL to 2025-03-04 02:30:00+00:00, run_after=2025-03-05 02:30:00+00:00
[2025-03-04T21:18:48.766+0000] {processor.py:208} INFO - Processing /opt/airflow/dags/Assignment5.py took 0.100 seconds
