[2025-03-04T19:36:27.766+0000] {processor.py:186} INFO - Started process (PID=234) to work on /opt/airflow/dags/hw5.py
[2025-03-04T19:36:27.767+0000] {processor.py:914} INFO - Processing file /opt/airflow/dags/hw5.py for tasks to queue
[2025-03-04T19:36:27.770+0000] {logging_mixin.py:190} INFO - [2025-03-04T19:36:27.770+0000] {dagbag.py:587} INFO - Filling up the DagBag from /opt/airflow/dags/hw5.py
[2025-03-04T19:36:27.783+0000] {processor.py:925} INFO - DAG(s) 'StockPrice_ETL' retrieved from /opt/airflow/dags/hw5.py
[2025-03-04T19:36:27.893+0000] {logging_mixin.py:190} INFO - [2025-03-04T19:36:27.892+0000] {dag.py:3229} INFO - Sync 1 DAGs
[2025-03-04T19:36:27.917+0000] {logging_mixin.py:190} INFO - [2025-03-04T19:36:27.917+0000] {dag.py:4156} INFO - Setting next_dagrun for StockPrice_ETL to 2025-03-03 02:30:00+00:00, run_after=2025-03-04 02:30:00+00:00
[2025-03-04T19:36:27.937+0000] {processor.py:208} INFO - Processing /opt/airflow/dags/hw5.py took 0.177 seconds
[2025-03-04T19:36:58.009+0000] {processor.py:186} INFO - Started process (PID=268) to work on /opt/airflow/dags/hw5.py
[2025-03-04T19:36:58.010+0000] {processor.py:914} INFO - Processing file /opt/airflow/dags/hw5.py for tasks to queue
[2025-03-04T19:36:58.016+0000] {logging_mixin.py:190} INFO - [2025-03-04T19:36:58.015+0000] {dagbag.py:587} INFO - Filling up the DagBag from /opt/airflow/dags/hw5.py
[2025-03-04T19:36:58.039+0000] {processor.py:925} INFO - DAG(s) 'StockPrice_ETL' retrieved from /opt/airflow/dags/hw5.py
[2025-03-04T19:36:58.079+0000] {logging_mixin.py:190} INFO - [2025-03-04T19:36:58.078+0000] {dag.py:3229} INFO - Sync 1 DAGs
[2025-03-04T19:36:58.100+0000] {logging_mixin.py:190} INFO - [2025-03-04T19:36:58.099+0000] {dag.py:4156} INFO - Setting next_dagrun for StockPrice_ETL to 2025-03-03 02:30:00+00:00, run_after=2025-03-04 02:30:00+00:00
[2025-03-04T19:36:58.110+0000] {processor.py:208} INFO - Processing /opt/airflow/dags/hw5.py took 0.112 seconds
[2025-03-04T19:37:28.456+0000] {processor.py:186} INFO - Started process (PID=285) to work on /opt/airflow/dags/hw5.py
[2025-03-04T19:37:28.458+0000] {processor.py:914} INFO - Processing file /opt/airflow/dags/hw5.py for tasks to queue
[2025-03-04T19:37:28.466+0000] {logging_mixin.py:190} INFO - [2025-03-04T19:37:28.464+0000] {dagbag.py:587} INFO - Filling up the DagBag from /opt/airflow/dags/hw5.py
[2025-03-04T19:37:28.485+0000] {processor.py:925} INFO - DAG(s) 'StockPrice_ETL' retrieved from /opt/airflow/dags/hw5.py
[2025-03-04T19:37:28.517+0000] {logging_mixin.py:190} INFO - [2025-03-04T19:37:28.516+0000] {dag.py:3229} INFO - Sync 1 DAGs
[2025-03-04T19:37:28.537+0000] {logging_mixin.py:190} INFO - [2025-03-04T19:37:28.537+0000] {dag.py:4156} INFO - Setting next_dagrun for StockPrice_ETL to 2025-03-03 02:30:00+00:00, run_after=2025-03-04 02:30:00+00:00
[2025-03-04T19:37:28.549+0000] {processor.py:208} INFO - Processing /opt/airflow/dags/hw5.py took 0.105 seconds
[2025-03-04T19:37:59.553+0000] {processor.py:186} INFO - Started process (PID=306) to work on /opt/airflow/dags/hw5.py
[2025-03-04T19:37:59.554+0000] {processor.py:914} INFO - Processing file /opt/airflow/dags/hw5.py for tasks to queue
[2025-03-04T19:37:59.560+0000] {logging_mixin.py:190} INFO - [2025-03-04T19:37:59.560+0000] {dagbag.py:587} INFO - Filling up the DagBag from /opt/airflow/dags/hw5.py
[2025-03-04T19:37:59.581+0000] {processor.py:925} INFO - DAG(s) 'StockPrice_ETL' retrieved from /opt/airflow/dags/hw5.py
[2025-03-04T19:37:59.609+0000] {logging_mixin.py:190} INFO - [2025-03-04T19:37:59.609+0000] {dag.py:3229} INFO - Sync 1 DAGs
[2025-03-04T19:37:59.627+0000] {logging_mixin.py:190} INFO - [2025-03-04T19:37:59.626+0000] {dag.py:4156} INFO - Setting next_dagrun for StockPrice_ETL to 2025-03-03 02:30:00+00:00, run_after=2025-03-04 02:30:00+00:00
[2025-03-04T19:37:59.640+0000] {processor.py:208} INFO - Processing /opt/airflow/dags/hw5.py took 0.096 seconds
[2025-03-04T19:38:30.050+0000] {processor.py:186} INFO - Started process (PID=322) to work on /opt/airflow/dags/hw5.py
[2025-03-04T19:38:30.052+0000] {processor.py:914} INFO - Processing file /opt/airflow/dags/hw5.py for tasks to queue
[2025-03-04T19:38:30.061+0000] {logging_mixin.py:190} INFO - [2025-03-04T19:38:30.061+0000] {dagbag.py:587} INFO - Filling up the DagBag from /opt/airflow/dags/hw5.py
[2025-03-04T19:38:30.078+0000] {processor.py:925} INFO - DAG(s) 'StockPrice_ETL' retrieved from /opt/airflow/dags/hw5.py
[2025-03-04T19:38:30.110+0000] {logging_mixin.py:190} INFO - [2025-03-04T19:38:30.110+0000] {dag.py:3229} INFO - Sync 1 DAGs
[2025-03-04T19:38:30.131+0000] {logging_mixin.py:190} INFO - [2025-03-04T19:38:30.130+0000] {dag.py:4156} INFO - Setting next_dagrun for StockPrice_ETL to 2025-03-03 02:30:00+00:00, run_after=2025-03-04 02:30:00+00:00
[2025-03-04T19:38:30.141+0000] {processor.py:208} INFO - Processing /opt/airflow/dags/hw5.py took 0.102 seconds
[2025-03-04T19:39:00.500+0000] {processor.py:186} INFO - Started process (PID=338) to work on /opt/airflow/dags/hw5.py
[2025-03-04T19:39:00.503+0000] {processor.py:914} INFO - Processing file /opt/airflow/dags/hw5.py for tasks to queue
[2025-03-04T19:39:00.508+0000] {logging_mixin.py:190} INFO - [2025-03-04T19:39:00.508+0000] {dagbag.py:587} INFO - Filling up the DagBag from /opt/airflow/dags/hw5.py
[2025-03-04T19:39:00.532+0000] {processor.py:925} INFO - DAG(s) 'StockPrice_ETL' retrieved from /opt/airflow/dags/hw5.py
[2025-03-04T19:39:00.566+0000] {logging_mixin.py:190} INFO - [2025-03-04T19:39:00.565+0000] {dag.py:3229} INFO - Sync 1 DAGs
[2025-03-04T19:39:00.585+0000] {logging_mixin.py:190} INFO - [2025-03-04T19:39:00.585+0000] {dag.py:4156} INFO - Setting next_dagrun for StockPrice_ETL to 2025-03-03 02:30:00+00:00, run_after=2025-03-04 02:30:00+00:00
[2025-03-04T19:39:00.596+0000] {processor.py:208} INFO - Processing /opt/airflow/dags/hw5.py took 0.134 seconds
[2025-03-04T19:39:31.033+0000] {processor.py:186} INFO - Started process (PID=354) to work on /opt/airflow/dags/hw5.py
[2025-03-04T19:39:31.035+0000] {processor.py:914} INFO - Processing file /opt/airflow/dags/hw5.py for tasks to queue
[2025-03-04T19:39:31.045+0000] {logging_mixin.py:190} INFO - [2025-03-04T19:39:31.041+0000] {dagbag.py:587} INFO - Filling up the DagBag from /opt/airflow/dags/hw5.py
[2025-03-04T19:39:31.064+0000] {processor.py:925} INFO - DAG(s) 'StockPrice_ETL' retrieved from /opt/airflow/dags/hw5.py
[2025-03-04T19:39:31.090+0000] {logging_mixin.py:190} INFO - [2025-03-04T19:39:31.090+0000] {dag.py:3229} INFO - Sync 1 DAGs
[2025-03-04T19:39:31.105+0000] {logging_mixin.py:190} INFO - [2025-03-04T19:39:31.105+0000] {dag.py:4156} INFO - Setting next_dagrun for StockPrice_ETL to 2025-03-03 02:30:00+00:00, run_after=2025-03-04 02:30:00+00:00
[2025-03-04T19:39:31.115+0000] {processor.py:208} INFO - Processing /opt/airflow/dags/hw5.py took 0.092 seconds
[2025-03-04T19:40:01.538+0000] {processor.py:186} INFO - Started process (PID=370) to work on /opt/airflow/dags/hw5.py
[2025-03-04T19:40:01.540+0000] {processor.py:914} INFO - Processing file /opt/airflow/dags/hw5.py for tasks to queue
[2025-03-04T19:40:01.545+0000] {logging_mixin.py:190} INFO - [2025-03-04T19:40:01.544+0000] {dagbag.py:587} INFO - Filling up the DagBag from /opt/airflow/dags/hw5.py
[2025-03-04T19:40:01.571+0000] {processor.py:925} INFO - DAG(s) 'StockPrice_ETL' retrieved from /opt/airflow/dags/hw5.py
[2025-03-04T19:40:01.607+0000] {logging_mixin.py:190} INFO - [2025-03-04T19:40:01.607+0000] {dag.py:3229} INFO - Sync 1 DAGs
[2025-03-04T19:40:01.623+0000] {logging_mixin.py:190} INFO - [2025-03-04T19:40:01.623+0000] {dag.py:4156} INFO - Setting next_dagrun for StockPrice_ETL to 2025-03-03 02:30:00+00:00, run_after=2025-03-04 02:30:00+00:00
[2025-03-04T19:40:01.634+0000] {processor.py:208} INFO - Processing /opt/airflow/dags/hw5.py took 0.113 seconds
[2025-03-04T19:40:32.021+0000] {processor.py:186} INFO - Started process (PID=386) to work on /opt/airflow/dags/hw5.py
[2025-03-04T19:40:32.022+0000] {processor.py:914} INFO - Processing file /opt/airflow/dags/hw5.py for tasks to queue
[2025-03-04T19:40:32.027+0000] {logging_mixin.py:190} INFO - [2025-03-04T19:40:32.026+0000] {dagbag.py:587} INFO - Filling up the DagBag from /opt/airflow/dags/hw5.py
[2025-03-04T19:40:32.043+0000] {processor.py:925} INFO - DAG(s) 'StockPrice_ETL' retrieved from /opt/airflow/dags/hw5.py
[2025-03-04T19:40:32.064+0000] {logging_mixin.py:190} INFO - [2025-03-04T19:40:32.064+0000] {dag.py:3229} INFO - Sync 1 DAGs
[2025-03-04T19:40:32.080+0000] {logging_mixin.py:190} INFO - [2025-03-04T19:40:32.080+0000] {dag.py:4156} INFO - Setting next_dagrun for StockPrice_ETL to 2025-03-03 02:30:00+00:00, run_after=2025-03-04 02:30:00+00:00
[2025-03-04T19:40:32.089+0000] {processor.py:208} INFO - Processing /opt/airflow/dags/hw5.py took 0.079 seconds
[2025-03-04T19:41:02.526+0000] {processor.py:186} INFO - Started process (PID=402) to work on /opt/airflow/dags/hw5.py
[2025-03-04T19:41:02.527+0000] {processor.py:914} INFO - Processing file /opt/airflow/dags/hw5.py for tasks to queue
[2025-03-04T19:41:02.536+0000] {logging_mixin.py:190} INFO - [2025-03-04T19:41:02.536+0000] {dagbag.py:587} INFO - Filling up the DagBag from /opt/airflow/dags/hw5.py
[2025-03-04T19:41:02.557+0000] {processor.py:925} INFO - DAG(s) 'StockPrice_ETL' retrieved from /opt/airflow/dags/hw5.py
[2025-03-04T19:41:02.593+0000] {logging_mixin.py:190} INFO - [2025-03-04T19:41:02.592+0000] {dag.py:3229} INFO - Sync 1 DAGs
[2025-03-04T19:41:02.612+0000] {logging_mixin.py:190} INFO - [2025-03-04T19:41:02.612+0000] {dag.py:4156} INFO - Setting next_dagrun for StockPrice_ETL to 2025-03-03 02:30:00+00:00, run_after=2025-03-04 02:30:00+00:00
[2025-03-04T19:41:02.624+0000] {processor.py:208} INFO - Processing /opt/airflow/dags/hw5.py took 0.112 seconds
[2025-03-04T19:41:33.019+0000] {processor.py:186} INFO - Started process (PID=428) to work on /opt/airflow/dags/hw5.py
[2025-03-04T19:41:33.020+0000] {processor.py:914} INFO - Processing file /opt/airflow/dags/hw5.py for tasks to queue
[2025-03-04T19:41:33.023+0000] {logging_mixin.py:190} INFO - [2025-03-04T19:41:33.022+0000] {dagbag.py:587} INFO - Filling up the DagBag from /opt/airflow/dags/hw5.py
[2025-03-04T19:41:33.036+0000] {processor.py:925} INFO - DAG(s) 'StockPrice_ETL' retrieved from /opt/airflow/dags/hw5.py
[2025-03-04T19:41:33.054+0000] {logging_mixin.py:190} INFO - [2025-03-04T19:41:33.054+0000] {dag.py:3229} INFO - Sync 1 DAGs
[2025-03-04T19:41:33.068+0000] {logging_mixin.py:190} INFO - [2025-03-04T19:41:33.068+0000] {dag.py:4156} INFO - Setting next_dagrun for StockPrice_ETL to 2025-03-04 02:30:00+00:00, run_after=2025-03-05 02:30:00+00:00
[2025-03-04T19:41:33.079+0000] {processor.py:208} INFO - Processing /opt/airflow/dags/hw5.py took 0.067 seconds
[2025-03-04T19:42:03.430+0000] {processor.py:186} INFO - Started process (PID=444) to work on /opt/airflow/dags/hw5.py
[2025-03-04T19:42:03.431+0000] {processor.py:914} INFO - Processing file /opt/airflow/dags/hw5.py for tasks to queue
[2025-03-04T19:42:03.435+0000] {logging_mixin.py:190} INFO - [2025-03-04T19:42:03.435+0000] {dagbag.py:587} INFO - Filling up the DagBag from /opt/airflow/dags/hw5.py
[2025-03-04T19:42:03.456+0000] {processor.py:925} INFO - DAG(s) 'StockPrice_ETL' retrieved from /opt/airflow/dags/hw5.py
[2025-03-04T19:42:03.492+0000] {logging_mixin.py:190} INFO - [2025-03-04T19:42:03.491+0000] {dag.py:3229} INFO - Sync 1 DAGs
[2025-03-04T19:42:03.511+0000] {logging_mixin.py:190} INFO - [2025-03-04T19:42:03.510+0000] {dag.py:4156} INFO - Setting next_dagrun for StockPrice_ETL to 2025-03-04 02:30:00+00:00, run_after=2025-03-05 02:30:00+00:00
[2025-03-04T19:42:03.520+0000] {processor.py:208} INFO - Processing /opt/airflow/dags/hw5.py took 0.109 seconds
[2025-03-04T19:42:33.961+0000] {processor.py:186} INFO - Started process (PID=460) to work on /opt/airflow/dags/hw5.py
[2025-03-04T19:42:33.963+0000] {processor.py:914} INFO - Processing file /opt/airflow/dags/hw5.py for tasks to queue
[2025-03-04T19:42:33.966+0000] {logging_mixin.py:190} INFO - [2025-03-04T19:42:33.965+0000] {dagbag.py:587} INFO - Filling up the DagBag from /opt/airflow/dags/hw5.py
[2025-03-04T19:42:33.978+0000] {processor.py:925} INFO - DAG(s) 'StockPrice_ETL' retrieved from /opt/airflow/dags/hw5.py
[2025-03-04T19:42:34.001+0000] {logging_mixin.py:190} INFO - [2025-03-04T19:42:34.000+0000] {dag.py:3229} INFO - Sync 1 DAGs
[2025-03-04T19:42:34.018+0000] {logging_mixin.py:190} INFO - [2025-03-04T19:42:34.018+0000] {dag.py:4156} INFO - Setting next_dagrun for StockPrice_ETL to 2025-03-04 02:30:00+00:00, run_after=2025-03-05 02:30:00+00:00
[2025-03-04T19:42:34.027+0000] {processor.py:208} INFO - Processing /opt/airflow/dags/hw5.py took 0.075 seconds
[2025-03-04T19:43:04.505+0000] {processor.py:186} INFO - Started process (PID=476) to work on /opt/airflow/dags/hw5.py
[2025-03-04T19:43:04.508+0000] {processor.py:914} INFO - Processing file /opt/airflow/dags/hw5.py for tasks to queue
[2025-03-04T19:43:04.513+0000] {logging_mixin.py:190} INFO - [2025-03-04T19:43:04.512+0000] {dagbag.py:587} INFO - Filling up the DagBag from /opt/airflow/dags/hw5.py
[2025-03-04T19:43:04.531+0000] {processor.py:925} INFO - DAG(s) 'StockPrice_ETL' retrieved from /opt/airflow/dags/hw5.py
[2025-03-04T19:43:04.565+0000] {logging_mixin.py:190} INFO - [2025-03-04T19:43:04.564+0000] {dag.py:3229} INFO - Sync 1 DAGs
[2025-03-04T19:43:04.591+0000] {logging_mixin.py:190} INFO - [2025-03-04T19:43:04.590+0000] {dag.py:4156} INFO - Setting next_dagrun for StockPrice_ETL to 2025-03-04 02:30:00+00:00, run_after=2025-03-05 02:30:00+00:00
[2025-03-04T19:43:04.601+0000] {processor.py:208} INFO - Processing /opt/airflow/dags/hw5.py took 0.111 seconds
[2025-03-04T19:43:34.985+0000] {processor.py:186} INFO - Started process (PID=492) to work on /opt/airflow/dags/hw5.py
[2025-03-04T19:43:34.991+0000] {processor.py:914} INFO - Processing file /opt/airflow/dags/hw5.py for tasks to queue
[2025-03-04T19:43:34.997+0000] {logging_mixin.py:190} INFO - [2025-03-04T19:43:34.996+0000] {dagbag.py:587} INFO - Filling up the DagBag from /opt/airflow/dags/hw5.py
[2025-03-04T19:43:35.016+0000] {processor.py:925} INFO - DAG(s) 'StockPrice_ETL' retrieved from /opt/airflow/dags/hw5.py
[2025-03-04T19:43:35.064+0000] {logging_mixin.py:190} INFO - [2025-03-04T19:43:35.063+0000] {dag.py:3229} INFO - Sync 1 DAGs
[2025-03-04T19:43:35.086+0000] {logging_mixin.py:190} INFO - [2025-03-04T19:43:35.086+0000] {dag.py:4156} INFO - Setting next_dagrun for StockPrice_ETL to 2025-03-04 02:30:00+00:00, run_after=2025-03-05 02:30:00+00:00
[2025-03-04T19:43:35.099+0000] {processor.py:208} INFO - Processing /opt/airflow/dags/hw5.py took 0.123 seconds
[2025-03-04T19:44:05.597+0000] {processor.py:186} INFO - Started process (PID=508) to work on /opt/airflow/dags/hw5.py
[2025-03-04T19:44:05.600+0000] {processor.py:914} INFO - Processing file /opt/airflow/dags/hw5.py for tasks to queue
[2025-03-04T19:44:05.605+0000] {logging_mixin.py:190} INFO - [2025-03-04T19:44:05.604+0000] {dagbag.py:587} INFO - Filling up the DagBag from /opt/airflow/dags/hw5.py
[2025-03-04T19:44:05.626+0000] {processor.py:925} INFO - DAG(s) 'StockPrice_ETL' retrieved from /opt/airflow/dags/hw5.py
[2025-03-04T19:44:05.664+0000] {logging_mixin.py:190} INFO - [2025-03-04T19:44:05.664+0000] {dag.py:3229} INFO - Sync 1 DAGs
[2025-03-04T19:44:05.683+0000] {logging_mixin.py:190} INFO - [2025-03-04T19:44:05.683+0000] {dag.py:4156} INFO - Setting next_dagrun for StockPrice_ETL to 2025-03-04 02:30:00+00:00, run_after=2025-03-05 02:30:00+00:00
[2025-03-04T19:44:05.692+0000] {processor.py:208} INFO - Processing /opt/airflow/dags/hw5.py took 0.117 seconds
[2025-03-04T19:44:36.156+0000] {processor.py:186} INFO - Started process (PID=524) to work on /opt/airflow/dags/hw5.py
[2025-03-04T19:44:36.157+0000] {processor.py:914} INFO - Processing file /opt/airflow/dags/hw5.py for tasks to queue
[2025-03-04T19:44:36.161+0000] {logging_mixin.py:190} INFO - [2025-03-04T19:44:36.161+0000] {dagbag.py:587} INFO - Filling up the DagBag from /opt/airflow/dags/hw5.py
[2025-03-04T19:44:36.181+0000] {processor.py:925} INFO - DAG(s) 'StockPrice_ETL' retrieved from /opt/airflow/dags/hw5.py
[2025-03-04T19:44:36.219+0000] {logging_mixin.py:190} INFO - [2025-03-04T19:44:36.218+0000] {dag.py:3229} INFO - Sync 1 DAGs
[2025-03-04T19:44:36.236+0000] {logging_mixin.py:190} INFO - [2025-03-04T19:44:36.236+0000] {dag.py:4156} INFO - Setting next_dagrun for StockPrice_ETL to 2025-03-04 02:30:00+00:00, run_after=2025-03-05 02:30:00+00:00
[2025-03-04T19:44:36.246+0000] {processor.py:208} INFO - Processing /opt/airflow/dags/hw5.py took 0.101 seconds
[2025-03-04T19:45:06.732+0000] {processor.py:186} INFO - Started process (PID=540) to work on /opt/airflow/dags/hw5.py
[2025-03-04T19:45:06.734+0000] {processor.py:914} INFO - Processing file /opt/airflow/dags/hw5.py for tasks to queue
[2025-03-04T19:45:06.744+0000] {logging_mixin.py:190} INFO - [2025-03-04T19:45:06.743+0000] {dagbag.py:587} INFO - Filling up the DagBag from /opt/airflow/dags/hw5.py
[2025-03-04T19:45:06.758+0000] {processor.py:925} INFO - DAG(s) 'StockPrice_ETL' retrieved from /opt/airflow/dags/hw5.py
[2025-03-04T19:45:06.790+0000] {logging_mixin.py:190} INFO - [2025-03-04T19:45:06.789+0000] {dag.py:3229} INFO - Sync 1 DAGs
[2025-03-04T19:45:06.810+0000] {logging_mixin.py:190} INFO - [2025-03-04T19:45:06.810+0000] {dag.py:4156} INFO - Setting next_dagrun for StockPrice_ETL to 2025-03-04 02:30:00+00:00, run_after=2025-03-05 02:30:00+00:00
[2025-03-04T19:45:06.820+0000] {processor.py:208} INFO - Processing /opt/airflow/dags/hw5.py took 0.103 seconds
[2025-03-04T19:45:37.254+0000] {processor.py:186} INFO - Started process (PID=566) to work on /opt/airflow/dags/hw5.py
[2025-03-04T19:45:37.257+0000] {processor.py:914} INFO - Processing file /opt/airflow/dags/hw5.py for tasks to queue
[2025-03-04T19:45:37.263+0000] {logging_mixin.py:190} INFO - [2025-03-04T19:45:37.263+0000] {dagbag.py:587} INFO - Filling up the DagBag from /opt/airflow/dags/hw5.py
[2025-03-04T19:45:37.279+0000] {processor.py:925} INFO - DAG(s) 'StockPrice_ETL' retrieved from /opt/airflow/dags/hw5.py
[2025-03-04T19:45:37.302+0000] {logging_mixin.py:190} INFO - [2025-03-04T19:45:37.302+0000] {dag.py:3229} INFO - Sync 1 DAGs
[2025-03-04T19:45:37.316+0000] {logging_mixin.py:190} INFO - [2025-03-04T19:45:37.316+0000] {dag.py:4156} INFO - Setting next_dagrun for StockPrice_ETL to 2025-03-04 02:30:00+00:00, run_after=2025-03-05 02:30:00+00:00
[2025-03-04T19:45:37.335+0000] {processor.py:208} INFO - Processing /opt/airflow/dags/hw5.py took 0.100 seconds
[2025-03-04T19:46:07.802+0000] {processor.py:186} INFO - Started process (PID=582) to work on /opt/airflow/dags/hw5.py
[2025-03-04T19:46:07.804+0000] {processor.py:914} INFO - Processing file /opt/airflow/dags/hw5.py for tasks to queue
[2025-03-04T19:46:07.808+0000] {logging_mixin.py:190} INFO - [2025-03-04T19:46:07.808+0000] {dagbag.py:587} INFO - Filling up the DagBag from /opt/airflow/dags/hw5.py
[2025-03-04T19:46:07.829+0000] {processor.py:925} INFO - DAG(s) 'StockPrice_ETL' retrieved from /opt/airflow/dags/hw5.py
[2025-03-04T19:46:07.863+0000] {logging_mixin.py:190} INFO - [2025-03-04T19:46:07.862+0000] {dag.py:3229} INFO - Sync 1 DAGs
[2025-03-04T19:46:07.884+0000] {logging_mixin.py:190} INFO - [2025-03-04T19:46:07.884+0000] {dag.py:4156} INFO - Setting next_dagrun for StockPrice_ETL to 2025-03-04 02:30:00+00:00, run_after=2025-03-05 02:30:00+00:00
[2025-03-04T19:46:07.895+0000] {processor.py:208} INFO - Processing /opt/airflow/dags/hw5.py took 0.107 seconds
[2025-03-04T19:46:38.419+0000] {processor.py:186} INFO - Started process (PID=598) to work on /opt/airflow/dags/hw5.py
[2025-03-04T19:46:38.421+0000] {processor.py:914} INFO - Processing file /opt/airflow/dags/hw5.py for tasks to queue
[2025-03-04T19:46:38.426+0000] {logging_mixin.py:190} INFO - [2025-03-04T19:46:38.425+0000] {dagbag.py:587} INFO - Filling up the DagBag from /opt/airflow/dags/hw5.py
[2025-03-04T19:46:38.449+0000] {processor.py:925} INFO - DAG(s) 'StockPrice_ETL' retrieved from /opt/airflow/dags/hw5.py
[2025-03-04T19:46:38.493+0000] {logging_mixin.py:190} INFO - [2025-03-04T19:46:38.492+0000] {dag.py:3229} INFO - Sync 1 DAGs
[2025-03-04T19:46:38.512+0000] {logging_mixin.py:190} INFO - [2025-03-04T19:46:38.512+0000] {dag.py:4156} INFO - Setting next_dagrun for StockPrice_ETL to 2025-03-04 02:30:00+00:00, run_after=2025-03-05 02:30:00+00:00
[2025-03-04T19:46:38.522+0000] {processor.py:208} INFO - Processing /opt/airflow/dags/hw5.py took 0.119 seconds
[2025-03-04T19:47:08.682+0000] {processor.py:186} INFO - Started process (PID=614) to work on /opt/airflow/dags/hw5.py
[2025-03-04T19:47:08.683+0000] {processor.py:914} INFO - Processing file /opt/airflow/dags/hw5.py for tasks to queue
[2025-03-04T19:47:08.689+0000] {logging_mixin.py:190} INFO - [2025-03-04T19:47:08.688+0000] {dagbag.py:587} INFO - Filling up the DagBag from /opt/airflow/dags/hw5.py
[2025-03-04T19:47:08.706+0000] {processor.py:925} INFO - DAG(s) 'StockPrice_ETL' retrieved from /opt/airflow/dags/hw5.py
[2025-03-04T19:47:08.736+0000] {logging_mixin.py:190} INFO - [2025-03-04T19:47:08.736+0000] {dag.py:3229} INFO - Sync 1 DAGs
[2025-03-04T19:47:08.754+0000] {logging_mixin.py:190} INFO - [2025-03-04T19:47:08.754+0000] {dag.py:4156} INFO - Setting next_dagrun for StockPrice_ETL to 2025-03-04 02:30:00+00:00, run_after=2025-03-05 02:30:00+00:00
[2025-03-04T19:47:08.767+0000] {processor.py:208} INFO - Processing /opt/airflow/dags/hw5.py took 0.099 seconds
[2025-03-04T19:47:39.148+0000] {processor.py:186} INFO - Started process (PID=631) to work on /opt/airflow/dags/hw5.py
[2025-03-04T19:47:39.149+0000] {processor.py:914} INFO - Processing file /opt/airflow/dags/hw5.py for tasks to queue
[2025-03-04T19:47:39.152+0000] {logging_mixin.py:190} INFO - [2025-03-04T19:47:39.151+0000] {dagbag.py:587} INFO - Filling up the DagBag from /opt/airflow/dags/hw5.py
[2025-03-04T19:47:39.162+0000] {processor.py:925} INFO - DAG(s) 'StockPrice_ETL' retrieved from /opt/airflow/dags/hw5.py
[2025-03-04T19:47:39.184+0000] {logging_mixin.py:190} INFO - [2025-03-04T19:47:39.183+0000] {dag.py:3229} INFO - Sync 1 DAGs
[2025-03-04T19:47:39.197+0000] {logging_mixin.py:190} INFO - [2025-03-04T19:47:39.197+0000] {dag.py:4156} INFO - Setting next_dagrun for StockPrice_ETL to 2025-03-04 02:30:00+00:00, run_after=2025-03-05 02:30:00+00:00
[2025-03-04T19:47:39.206+0000] {processor.py:208} INFO - Processing /opt/airflow/dags/hw5.py took 0.065 seconds
[2025-03-04T19:48:09.570+0000] {processor.py:186} INFO - Started process (PID=647) to work on /opt/airflow/dags/hw5.py
[2025-03-04T19:48:09.571+0000] {processor.py:914} INFO - Processing file /opt/airflow/dags/hw5.py for tasks to queue
[2025-03-04T19:48:09.573+0000] {logging_mixin.py:190} INFO - [2025-03-04T19:48:09.573+0000] {dagbag.py:587} INFO - Filling up the DagBag from /opt/airflow/dags/hw5.py
[2025-03-04T19:48:09.584+0000] {processor.py:925} INFO - DAG(s) 'StockPrice_ETL' retrieved from /opt/airflow/dags/hw5.py
[2025-03-04T19:48:09.604+0000] {logging_mixin.py:190} INFO - [2025-03-04T19:48:09.603+0000] {dag.py:3229} INFO - Sync 1 DAGs
[2025-03-04T19:48:09.617+0000] {logging_mixin.py:190} INFO - [2025-03-04T19:48:09.617+0000] {dag.py:4156} INFO - Setting next_dagrun for StockPrice_ETL to 2025-03-04 02:30:00+00:00, run_after=2025-03-05 02:30:00+00:00
[2025-03-04T19:48:09.626+0000] {processor.py:208} INFO - Processing /opt/airflow/dags/hw5.py took 0.064 seconds
[2025-03-04T19:48:40.017+0000] {processor.py:186} INFO - Started process (PID=663) to work on /opt/airflow/dags/hw5.py
[2025-03-04T19:48:40.019+0000] {processor.py:914} INFO - Processing file /opt/airflow/dags/hw5.py for tasks to queue
[2025-03-04T19:48:40.022+0000] {logging_mixin.py:190} INFO - [2025-03-04T19:48:40.021+0000] {dagbag.py:587} INFO - Filling up the DagBag from /opt/airflow/dags/hw5.py
[2025-03-04T19:48:40.032+0000] {processor.py:925} INFO - DAG(s) 'StockPrice_ETL' retrieved from /opt/airflow/dags/hw5.py
[2025-03-04T19:48:40.050+0000] {logging_mixin.py:190} INFO - [2025-03-04T19:48:40.050+0000] {dag.py:3229} INFO - Sync 1 DAGs
[2025-03-04T19:48:40.062+0000] {logging_mixin.py:190} INFO - [2025-03-04T19:48:40.062+0000] {dag.py:4156} INFO - Setting next_dagrun for StockPrice_ETL to 2025-03-04 02:30:00+00:00, run_after=2025-03-05 02:30:00+00:00
[2025-03-04T19:48:40.071+0000] {processor.py:208} INFO - Processing /opt/airflow/dags/hw5.py took 0.064 seconds
[2025-03-04T19:49:10.379+0000] {processor.py:186} INFO - Started process (PID=678) to work on /opt/airflow/dags/hw5.py
[2025-03-04T19:49:10.381+0000] {processor.py:914} INFO - Processing file /opt/airflow/dags/hw5.py for tasks to queue
[2025-03-04T19:49:10.383+0000] {logging_mixin.py:190} INFO - [2025-03-04T19:49:10.383+0000] {dagbag.py:587} INFO - Filling up the DagBag from /opt/airflow/dags/hw5.py
[2025-03-04T19:49:10.397+0000] {processor.py:925} INFO - DAG(s) 'StockPrice_ETL' retrieved from /opt/airflow/dags/hw5.py
[2025-03-04T19:49:10.424+0000] {logging_mixin.py:190} INFO - [2025-03-04T19:49:10.424+0000] {dag.py:3229} INFO - Sync 1 DAGs
[2025-03-04T19:49:10.441+0000] {logging_mixin.py:190} INFO - [2025-03-04T19:49:10.441+0000] {dag.py:4156} INFO - Setting next_dagrun for StockPrice_ETL to 2025-03-04 02:30:00+00:00, run_after=2025-03-05 02:30:00+00:00
[2025-03-04T19:49:10.451+0000] {processor.py:208} INFO - Processing /opt/airflow/dags/hw5.py took 0.081 seconds
[2025-03-04T19:50:08.341+0000] {processor.py:186} INFO - Started process (PID=697) to work on /opt/airflow/dags/hw5.py
[2025-03-04T19:50:08.343+0000] {processor.py:914} INFO - Processing file /opt/airflow/dags/hw5.py for tasks to queue
[2025-03-04T19:50:08.347+0000] {logging_mixin.py:190} INFO - [2025-03-04T19:50:08.347+0000] {dagbag.py:587} INFO - Filling up the DagBag from /opt/airflow/dags/hw5.py
[2025-03-04T19:50:08.370+0000] {processor.py:925} INFO - DAG(s) 'StockPrice_ETL' retrieved from /opt/airflow/dags/hw5.py
[2025-03-04T19:50:08.406+0000] {logging_mixin.py:190} INFO - [2025-03-04T19:50:08.405+0000] {dag.py:3229} INFO - Sync 1 DAGs
[2025-03-04T19:50:08.428+0000] {logging_mixin.py:190} INFO - [2025-03-04T19:50:08.428+0000] {dag.py:4156} INFO - Setting next_dagrun for StockPrice_ETL to 2025-03-04 02:30:00+00:00, run_after=2025-03-05 02:30:00+00:00
[2025-03-04T19:50:08.443+0000] {processor.py:208} INFO - Processing /opt/airflow/dags/hw5.py took 0.112 seconds
[2025-03-04T19:50:38.906+0000] {processor.py:186} INFO - Started process (PID=712) to work on /opt/airflow/dags/hw5.py
[2025-03-04T19:50:38.909+0000] {processor.py:914} INFO - Processing file /opt/airflow/dags/hw5.py for tasks to queue
[2025-03-04T19:50:38.912+0000] {logging_mixin.py:190} INFO - [2025-03-04T19:50:38.912+0000] {dagbag.py:587} INFO - Filling up the DagBag from /opt/airflow/dags/hw5.py
[2025-03-04T19:50:38.958+0000] {processor.py:925} INFO - DAG(s) 'StockPrice_ETL' retrieved from /opt/airflow/dags/hw5.py
[2025-03-04T19:50:38.989+0000] {logging_mixin.py:190} INFO - [2025-03-04T19:50:38.989+0000] {dag.py:3229} INFO - Sync 1 DAGs
[2025-03-04T19:50:39.006+0000] {logging_mixin.py:190} INFO - [2025-03-04T19:50:39.006+0000] {dag.py:4156} INFO - Setting next_dagrun for StockPrice_ETL to 2025-03-04 02:30:00+00:00, run_after=2025-03-05 02:30:00+00:00
[2025-03-04T19:50:39.019+0000] {processor.py:208} INFO - Processing /opt/airflow/dags/hw5.py took 0.124 seconds
[2025-03-04T19:51:09.412+0000] {processor.py:186} INFO - Started process (PID=729) to work on /opt/airflow/dags/hw5.py
[2025-03-04T19:51:09.414+0000] {processor.py:914} INFO - Processing file /opt/airflow/dags/hw5.py for tasks to queue
[2025-03-04T19:51:09.421+0000] {logging_mixin.py:190} INFO - [2025-03-04T19:51:09.420+0000] {dagbag.py:587} INFO - Filling up the DagBag from /opt/airflow/dags/hw5.py
[2025-03-04T19:51:09.441+0000] {processor.py:925} INFO - DAG(s) 'StockPrice_ETL' retrieved from /opt/airflow/dags/hw5.py
[2025-03-04T19:51:09.467+0000] {logging_mixin.py:190} INFO - [2025-03-04T19:51:09.466+0000] {dag.py:3229} INFO - Sync 1 DAGs
[2025-03-04T19:51:09.486+0000] {logging_mixin.py:190} INFO - [2025-03-04T19:51:09.486+0000] {dag.py:4156} INFO - Setting next_dagrun for StockPrice_ETL to 2025-03-04 02:30:00+00:00, run_after=2025-03-05 02:30:00+00:00
[2025-03-04T19:51:09.496+0000] {processor.py:208} INFO - Processing /opt/airflow/dags/hw5.py took 0.103 seconds
[2025-03-04T19:51:39.964+0000] {processor.py:186} INFO - Started process (PID=745) to work on /opt/airflow/dags/hw5.py
[2025-03-04T19:51:39.967+0000] {processor.py:914} INFO - Processing file /opt/airflow/dags/hw5.py for tasks to queue
[2025-03-04T19:51:39.970+0000] {logging_mixin.py:190} INFO - [2025-03-04T19:51:39.970+0000] {dagbag.py:587} INFO - Filling up the DagBag from /opt/airflow/dags/hw5.py
[2025-03-04T19:51:39.996+0000] {processor.py:925} INFO - DAG(s) 'StockPrice_ETL' retrieved from /opt/airflow/dags/hw5.py
[2025-03-04T19:51:40.022+0000] {logging_mixin.py:190} INFO - [2025-03-04T19:51:40.022+0000] {dag.py:3229} INFO - Sync 1 DAGs
[2025-03-04T19:51:40.038+0000] {logging_mixin.py:190} INFO - [2025-03-04T19:51:40.038+0000] {dag.py:4156} INFO - Setting next_dagrun for StockPrice_ETL to 2025-03-04 02:30:00+00:00, run_after=2025-03-05 02:30:00+00:00
[2025-03-04T19:51:40.048+0000] {processor.py:208} INFO - Processing /opt/airflow/dags/hw5.py took 0.093 seconds
[2025-03-04T19:52:10.551+0000] {processor.py:186} INFO - Started process (PID=762) to work on /opt/airflow/dags/hw5.py
[2025-03-04T19:52:10.555+0000] {processor.py:914} INFO - Processing file /opt/airflow/dags/hw5.py for tasks to queue
[2025-03-04T19:52:10.559+0000] {logging_mixin.py:190} INFO - [2025-03-04T19:52:10.559+0000] {dagbag.py:587} INFO - Filling up the DagBag from /opt/airflow/dags/hw5.py
[2025-03-04T19:52:10.582+0000] {processor.py:925} INFO - DAG(s) 'StockPrice_ETL' retrieved from /opt/airflow/dags/hw5.py
[2025-03-04T19:52:10.609+0000] {logging_mixin.py:190} INFO - [2025-03-04T19:52:10.609+0000] {dag.py:3229} INFO - Sync 1 DAGs
[2025-03-04T19:52:10.627+0000] {logging_mixin.py:190} INFO - [2025-03-04T19:52:10.627+0000] {dag.py:4156} INFO - Setting next_dagrun for StockPrice_ETL to 2025-03-04 02:30:00+00:00, run_after=2025-03-05 02:30:00+00:00
[2025-03-04T19:52:10.636+0000] {processor.py:208} INFO - Processing /opt/airflow/dags/hw5.py took 0.105 seconds
[2025-03-04T19:52:41.100+0000] {processor.py:186} INFO - Started process (PID=778) to work on /opt/airflow/dags/hw5.py
[2025-03-04T19:52:41.102+0000] {processor.py:914} INFO - Processing file /opt/airflow/dags/hw5.py for tasks to queue
[2025-03-04T19:52:41.110+0000] {logging_mixin.py:190} INFO - [2025-03-04T19:52:41.110+0000] {dagbag.py:587} INFO - Filling up the DagBag from /opt/airflow/dags/hw5.py
[2025-03-04T19:52:41.131+0000] {processor.py:925} INFO - DAG(s) 'StockPrice_ETL' retrieved from /opt/airflow/dags/hw5.py
[2025-03-04T19:52:41.157+0000] {logging_mixin.py:190} INFO - [2025-03-04T19:52:41.157+0000] {dag.py:3229} INFO - Sync 1 DAGs
[2025-03-04T19:52:41.174+0000] {logging_mixin.py:190} INFO - [2025-03-04T19:52:41.174+0000] {dag.py:4156} INFO - Setting next_dagrun for StockPrice_ETL to 2025-03-04 02:30:00+00:00, run_after=2025-03-05 02:30:00+00:00
[2025-03-04T19:52:41.184+0000] {processor.py:208} INFO - Processing /opt/airflow/dags/hw5.py took 0.096 seconds
[2025-03-04T19:53:11.608+0000] {processor.py:186} INFO - Started process (PID=794) to work on /opt/airflow/dags/hw5.py
[2025-03-04T19:53:11.611+0000] {processor.py:914} INFO - Processing file /opt/airflow/dags/hw5.py for tasks to queue
[2025-03-04T19:53:11.616+0000] {logging_mixin.py:190} INFO - [2025-03-04T19:53:11.615+0000] {dagbag.py:587} INFO - Filling up the DagBag from /opt/airflow/dags/hw5.py
[2025-03-04T19:53:11.642+0000] {processor.py:925} INFO - DAG(s) 'StockPrice_ETL' retrieved from /opt/airflow/dags/hw5.py
[2025-03-04T19:53:11.715+0000] {logging_mixin.py:190} INFO - [2025-03-04T19:53:11.713+0000] {dag.py:3229} INFO - Sync 1 DAGs
[2025-03-04T19:53:11.743+0000] {logging_mixin.py:190} INFO - [2025-03-04T19:53:11.742+0000] {dag.py:4156} INFO - Setting next_dagrun for StockPrice_ETL to 2025-03-04 02:30:00+00:00, run_after=2025-03-05 02:30:00+00:00
[2025-03-04T19:53:11.755+0000] {processor.py:208} INFO - Processing /opt/airflow/dags/hw5.py took 0.158 seconds
[2025-03-04T19:53:42.177+0000] {processor.py:186} INFO - Started process (PID=807) to work on /opt/airflow/dags/hw5.py
[2025-03-04T19:53:42.179+0000] {processor.py:914} INFO - Processing file /opt/airflow/dags/hw5.py for tasks to queue
[2025-03-04T19:53:42.187+0000] {logging_mixin.py:190} INFO - [2025-03-04T19:53:42.186+0000] {dagbag.py:587} INFO - Filling up the DagBag from /opt/airflow/dags/hw5.py
[2025-03-04T19:53:42.209+0000] {processor.py:925} INFO - DAG(s) 'StockPrice_ETL' retrieved from /opt/airflow/dags/hw5.py
[2025-03-04T19:53:42.239+0000] {logging_mixin.py:190} INFO - [2025-03-04T19:53:42.238+0000] {dag.py:3229} INFO - Sync 1 DAGs
[2025-03-04T19:53:42.259+0000] {logging_mixin.py:190} INFO - [2025-03-04T19:53:42.259+0000] {dag.py:4156} INFO - Setting next_dagrun for StockPrice_ETL to 2025-03-04 02:30:00+00:00, run_after=2025-03-05 02:30:00+00:00
[2025-03-04T19:53:42.269+0000] {processor.py:208} INFO - Processing /opt/airflow/dags/hw5.py took 0.104 seconds
[2025-03-04T19:54:12.394+0000] {processor.py:186} INFO - Started process (PID=823) to work on /opt/airflow/dags/hw5.py
[2025-03-04T19:54:12.397+0000] {processor.py:914} INFO - Processing file /opt/airflow/dags/hw5.py for tasks to queue
[2025-03-04T19:54:12.406+0000] {logging_mixin.py:190} INFO - [2025-03-04T19:54:12.405+0000] {dagbag.py:587} INFO - Filling up the DagBag from /opt/airflow/dags/hw5.py
[2025-03-04T19:54:12.424+0000] {processor.py:925} INFO - DAG(s) 'StockPrice_ETL' retrieved from /opt/airflow/dags/hw5.py
[2025-03-04T19:54:12.469+0000] {logging_mixin.py:190} INFO - [2025-03-04T19:54:12.468+0000] {dag.py:3229} INFO - Sync 1 DAGs
[2025-03-04T19:54:12.494+0000] {logging_mixin.py:190} INFO - [2025-03-04T19:54:12.493+0000] {dag.py:4156} INFO - Setting next_dagrun for StockPrice_ETL to 2025-03-04 02:30:00+00:00, run_after=2025-03-05 02:30:00+00:00
[2025-03-04T19:54:12.506+0000] {processor.py:208} INFO - Processing /opt/airflow/dags/hw5.py took 0.128 seconds
[2025-03-04T19:54:42.578+0000] {processor.py:186} INFO - Started process (PID=839) to work on /opt/airflow/dags/hw5.py
[2025-03-04T19:54:42.581+0000] {processor.py:914} INFO - Processing file /opt/airflow/dags/hw5.py for tasks to queue
[2025-03-04T19:54:42.586+0000] {logging_mixin.py:190} INFO - [2025-03-04T19:54:42.585+0000] {dagbag.py:587} INFO - Filling up the DagBag from /opt/airflow/dags/hw5.py
[2025-03-04T19:54:42.609+0000] {processor.py:925} INFO - DAG(s) 'StockPrice_ETL' retrieved from /opt/airflow/dags/hw5.py
[2025-03-04T19:54:42.659+0000] {logging_mixin.py:190} INFO - [2025-03-04T19:54:42.658+0000] {dag.py:3229} INFO - Sync 1 DAGs
[2025-03-04T19:54:42.679+0000] {logging_mixin.py:190} INFO - [2025-03-04T19:54:42.679+0000] {dag.py:4156} INFO - Setting next_dagrun for StockPrice_ETL to 2025-03-04 02:30:00+00:00, run_after=2025-03-05 02:30:00+00:00
[2025-03-04T19:54:42.689+0000] {processor.py:208} INFO - Processing /opt/airflow/dags/hw5.py took 0.127 seconds
[2025-03-04T19:55:13.061+0000] {processor.py:186} INFO - Started process (PID=865) to work on /opt/airflow/dags/hw5.py
[2025-03-04T19:55:13.062+0000] {processor.py:914} INFO - Processing file /opt/airflow/dags/hw5.py for tasks to queue
[2025-03-04T19:55:13.067+0000] {logging_mixin.py:190} INFO - [2025-03-04T19:55:13.067+0000] {dagbag.py:587} INFO - Filling up the DagBag from /opt/airflow/dags/hw5.py
[2025-03-04T19:55:13.089+0000] {processor.py:925} INFO - DAG(s) 'StockPrice_ETL' retrieved from /opt/airflow/dags/hw5.py
[2025-03-04T19:55:13.123+0000] {logging_mixin.py:190} INFO - [2025-03-04T19:55:13.123+0000] {dag.py:3229} INFO - Sync 1 DAGs
[2025-03-04T19:55:13.146+0000] {logging_mixin.py:190} INFO - [2025-03-04T19:55:13.146+0000] {dag.py:4156} INFO - Setting next_dagrun for StockPrice_ETL to 2025-03-04 02:30:00+00:00, run_after=2025-03-05 02:30:00+00:00
[2025-03-04T19:55:13.157+0000] {processor.py:208} INFO - Processing /opt/airflow/dags/hw5.py took 0.107 seconds
[2025-03-04T19:55:43.615+0000] {processor.py:186} INFO - Started process (PID=881) to work on /opt/airflow/dags/hw5.py
[2025-03-04T19:55:43.618+0000] {processor.py:914} INFO - Processing file /opt/airflow/dags/hw5.py for tasks to queue
[2025-03-04T19:55:43.623+0000] {logging_mixin.py:190} INFO - [2025-03-04T19:55:43.623+0000] {dagbag.py:587} INFO - Filling up the DagBag from /opt/airflow/dags/hw5.py
[2025-03-04T19:55:43.646+0000] {processor.py:925} INFO - DAG(s) 'StockPrice_ETL' retrieved from /opt/airflow/dags/hw5.py
[2025-03-04T19:55:43.680+0000] {logging_mixin.py:190} INFO - [2025-03-04T19:55:43.680+0000] {dag.py:3229} INFO - Sync 1 DAGs
[2025-03-04T19:55:43.698+0000] {logging_mixin.py:190} INFO - [2025-03-04T19:55:43.698+0000] {dag.py:4156} INFO - Setting next_dagrun for StockPrice_ETL to 2025-03-04 02:30:00+00:00, run_after=2025-03-05 02:30:00+00:00
[2025-03-04T19:55:43.707+0000] {processor.py:208} INFO - Processing /opt/airflow/dags/hw5.py took 0.116 seconds
[2025-03-04T19:56:14.225+0000] {processor.py:186} INFO - Started process (PID=897) to work on /opt/airflow/dags/hw5.py
[2025-03-04T19:56:14.227+0000] {processor.py:914} INFO - Processing file /opt/airflow/dags/hw5.py for tasks to queue
[2025-03-04T19:56:14.233+0000] {logging_mixin.py:190} INFO - [2025-03-04T19:56:14.232+0000] {dagbag.py:587} INFO - Filling up the DagBag from /opt/airflow/dags/hw5.py
[2025-03-04T19:56:14.257+0000] {processor.py:925} INFO - DAG(s) 'StockPrice_ETL' retrieved from /opt/airflow/dags/hw5.py
[2025-03-04T19:56:14.296+0000] {logging_mixin.py:190} INFO - [2025-03-04T19:56:14.295+0000] {dag.py:3229} INFO - Sync 1 DAGs
[2025-03-04T19:56:14.319+0000] {logging_mixin.py:190} INFO - [2025-03-04T19:56:14.319+0000] {dag.py:4156} INFO - Setting next_dagrun for StockPrice_ETL to 2025-03-04 02:30:00+00:00, run_after=2025-03-05 02:30:00+00:00
[2025-03-04T19:56:14.331+0000] {processor.py:208} INFO - Processing /opt/airflow/dags/hw5.py took 0.130 seconds
[2025-03-04T19:56:44.555+0000] {processor.py:186} INFO - Started process (PID=923) to work on /opt/airflow/dags/hw5.py
[2025-03-04T19:56:44.557+0000] {processor.py:914} INFO - Processing file /opt/airflow/dags/hw5.py for tasks to queue
[2025-03-04T19:56:44.562+0000] {logging_mixin.py:190} INFO - [2025-03-04T19:56:44.561+0000] {dagbag.py:587} INFO - Filling up the DagBag from /opt/airflow/dags/hw5.py
[2025-03-04T19:56:44.582+0000] {processor.py:925} INFO - DAG(s) 'StockPrice_ETL' retrieved from /opt/airflow/dags/hw5.py
[2025-03-04T19:56:44.614+0000] {logging_mixin.py:190} INFO - [2025-03-04T19:56:44.614+0000] {dag.py:3229} INFO - Sync 1 DAGs
[2025-03-04T19:56:44.632+0000] {logging_mixin.py:190} INFO - [2025-03-04T19:56:44.632+0000] {dag.py:4156} INFO - Setting next_dagrun for StockPrice_ETL to 2025-03-04 02:30:00+00:00, run_after=2025-03-05 02:30:00+00:00
[2025-03-04T19:56:44.644+0000] {processor.py:208} INFO - Processing /opt/airflow/dags/hw5.py took 0.108 seconds
[2025-03-04T19:57:15.076+0000] {processor.py:186} INFO - Started process (PID=939) to work on /opt/airflow/dags/hw5.py
[2025-03-04T19:57:15.078+0000] {processor.py:914} INFO - Processing file /opt/airflow/dags/hw5.py for tasks to queue
[2025-03-04T19:57:15.082+0000] {logging_mixin.py:190} INFO - [2025-03-04T19:57:15.081+0000] {dagbag.py:587} INFO - Filling up the DagBag from /opt/airflow/dags/hw5.py
[2025-03-04T19:57:15.097+0000] {processor.py:925} INFO - DAG(s) 'StockPrice_ETL' retrieved from /opt/airflow/dags/hw5.py
[2025-03-04T19:57:15.128+0000] {logging_mixin.py:190} INFO - [2025-03-04T19:57:15.127+0000] {dag.py:3229} INFO - Sync 1 DAGs
[2025-03-04T19:57:15.145+0000] {logging_mixin.py:190} INFO - [2025-03-04T19:57:15.145+0000] {dag.py:4156} INFO - Setting next_dagrun for StockPrice_ETL to 2025-03-04 02:30:00+00:00, run_after=2025-03-05 02:30:00+00:00
[2025-03-04T19:57:15.155+0000] {processor.py:208} INFO - Processing /opt/airflow/dags/hw5.py took 0.098 seconds
[2025-03-04T19:57:45.592+0000] {processor.py:186} INFO - Started process (PID=955) to work on /opt/airflow/dags/hw5.py
[2025-03-04T19:57:45.594+0000] {processor.py:914} INFO - Processing file /opt/airflow/dags/hw5.py for tasks to queue
[2025-03-04T19:57:45.599+0000] {logging_mixin.py:190} INFO - [2025-03-04T19:57:45.599+0000] {dagbag.py:587} INFO - Filling up the DagBag from /opt/airflow/dags/hw5.py
[2025-03-04T19:57:45.618+0000] {processor.py:925} INFO - DAG(s) 'StockPrice_ETL' retrieved from /opt/airflow/dags/hw5.py
[2025-03-04T19:57:45.646+0000] {logging_mixin.py:190} INFO - [2025-03-04T19:57:45.646+0000] {dag.py:3229} INFO - Sync 1 DAGs
[2025-03-04T19:57:45.663+0000] {logging_mixin.py:190} INFO - [2025-03-04T19:57:45.663+0000] {dag.py:4156} INFO - Setting next_dagrun for StockPrice_ETL to 2025-03-04 02:30:00+00:00, run_after=2025-03-05 02:30:00+00:00
[2025-03-04T19:57:45.674+0000] {processor.py:208} INFO - Processing /opt/airflow/dags/hw5.py took 0.094 seconds
[2025-03-04T19:58:15.864+0000] {processor.py:186} INFO - Started process (PID=971) to work on /opt/airflow/dags/hw5.py
[2025-03-04T19:58:15.866+0000] {processor.py:914} INFO - Processing file /opt/airflow/dags/hw5.py for tasks to queue
[2025-03-04T19:58:15.870+0000] {logging_mixin.py:190} INFO - [2025-03-04T19:58:15.870+0000] {dagbag.py:587} INFO - Filling up the DagBag from /opt/airflow/dags/hw5.py
[2025-03-04T19:58:15.890+0000] {processor.py:925} INFO - DAG(s) 'StockPrice_ETL' retrieved from /opt/airflow/dags/hw5.py
[2025-03-04T19:58:15.921+0000] {logging_mixin.py:190} INFO - [2025-03-04T19:58:15.921+0000] {dag.py:3229} INFO - Sync 1 DAGs
[2025-03-04T19:58:15.940+0000] {logging_mixin.py:190} INFO - [2025-03-04T19:58:15.940+0000] {dag.py:4156} INFO - Setting next_dagrun for StockPrice_ETL to 2025-03-04 02:30:00+00:00, run_after=2025-03-05 02:30:00+00:00
[2025-03-04T19:58:15.951+0000] {processor.py:208} INFO - Processing /opt/airflow/dags/hw5.py took 0.107 seconds
[2025-03-04T19:58:46.106+0000] {processor.py:186} INFO - Started process (PID=1002) to work on /opt/airflow/dags/hw5.py
[2025-03-04T19:58:46.108+0000] {processor.py:914} INFO - Processing file /opt/airflow/dags/hw5.py for tasks to queue
[2025-03-04T19:58:46.111+0000] {logging_mixin.py:190} INFO - [2025-03-04T19:58:46.111+0000] {dagbag.py:587} INFO - Filling up the DagBag from /opt/airflow/dags/hw5.py
[2025-03-04T19:58:46.131+0000] {processor.py:925} INFO - DAG(s) 'StockPrice_ETL' retrieved from /opt/airflow/dags/hw5.py
[2025-03-04T19:58:46.169+0000] {logging_mixin.py:190} INFO - [2025-03-04T19:58:46.169+0000] {dag.py:3229} INFO - Sync 1 DAGs
[2025-03-04T19:58:46.187+0000] {logging_mixin.py:190} INFO - [2025-03-04T19:58:46.187+0000] {dag.py:4156} INFO - Setting next_dagrun for StockPrice_ETL to 2025-03-04 02:30:00+00:00, run_after=2025-03-05 02:30:00+00:00
[2025-03-04T19:58:46.201+0000] {processor.py:208} INFO - Processing /opt/airflow/dags/hw5.py took 0.107 seconds
[2025-03-04T19:59:16.273+0000] {processor.py:186} INFO - Started process (PID=1018) to work on /opt/airflow/dags/hw5.py
[2025-03-04T19:59:16.275+0000] {processor.py:914} INFO - Processing file /opt/airflow/dags/hw5.py for tasks to queue
[2025-03-04T19:59:16.281+0000] {logging_mixin.py:190} INFO - [2025-03-04T19:59:16.280+0000] {dagbag.py:587} INFO - Filling up the DagBag from /opt/airflow/dags/hw5.py
[2025-03-04T19:59:16.304+0000] {processor.py:925} INFO - DAG(s) 'StockPrice_ETL' retrieved from /opt/airflow/dags/hw5.py
[2025-03-04T19:59:16.333+0000] {logging_mixin.py:190} INFO - [2025-03-04T19:59:16.332+0000] {dag.py:3229} INFO - Sync 1 DAGs
[2025-03-04T19:59:16.348+0000] {logging_mixin.py:190} INFO - [2025-03-04T19:59:16.348+0000] {dag.py:4156} INFO - Setting next_dagrun for StockPrice_ETL to 2025-03-04 02:30:00+00:00, run_after=2025-03-05 02:30:00+00:00
[2025-03-04T19:59:16.364+0000] {processor.py:208} INFO - Processing /opt/airflow/dags/hw5.py took 0.105 seconds
[2025-03-04T19:59:46.799+0000] {processor.py:186} INFO - Started process (PID=1034) to work on /opt/airflow/dags/hw5.py
[2025-03-04T19:59:46.803+0000] {processor.py:914} INFO - Processing file /opt/airflow/dags/hw5.py for tasks to queue
[2025-03-04T19:59:46.813+0000] {logging_mixin.py:190} INFO - [2025-03-04T19:59:46.812+0000] {dagbag.py:587} INFO - Filling up the DagBag from /opt/airflow/dags/hw5.py
[2025-03-04T19:59:46.834+0000] {processor.py:925} INFO - DAG(s) 'StockPrice_ETL' retrieved from /opt/airflow/dags/hw5.py
[2025-03-04T19:59:46.857+0000] {logging_mixin.py:190} INFO - [2025-03-04T19:59:46.857+0000] {dag.py:3229} INFO - Sync 1 DAGs
[2025-03-04T19:59:46.874+0000] {logging_mixin.py:190} INFO - [2025-03-04T19:59:46.873+0000] {dag.py:4156} INFO - Setting next_dagrun for StockPrice_ETL to 2025-03-04 02:30:00+00:00, run_after=2025-03-05 02:30:00+00:00
[2025-03-04T19:59:46.883+0000] {processor.py:208} INFO - Processing /opt/airflow/dags/hw5.py took 0.096 seconds
[2025-03-04T20:00:17.299+0000] {processor.py:186} INFO - Started process (PID=1055) to work on /opt/airflow/dags/hw5.py
[2025-03-04T20:00:17.300+0000] {processor.py:914} INFO - Processing file /opt/airflow/dags/hw5.py for tasks to queue
[2025-03-04T20:00:17.307+0000] {logging_mixin.py:190} INFO - [2025-03-04T20:00:17.306+0000] {dagbag.py:587} INFO - Filling up the DagBag from /opt/airflow/dags/hw5.py
[2025-03-04T20:00:17.339+0000] {processor.py:925} INFO - DAG(s) 'StockPrice_ETL' retrieved from /opt/airflow/dags/hw5.py
[2025-03-04T20:00:17.391+0000] {logging_mixin.py:190} INFO - [2025-03-04T20:00:17.391+0000] {dag.py:3229} INFO - Sync 1 DAGs
[2025-03-04T20:00:17.426+0000] {logging_mixin.py:190} INFO - [2025-03-04T20:00:17.425+0000] {dag.py:4156} INFO - Setting next_dagrun for StockPrice_ETL to 2025-03-04 02:30:00+00:00, run_after=2025-03-05 02:30:00+00:00
[2025-03-04T20:00:17.445+0000] {processor.py:208} INFO - Processing /opt/airflow/dags/hw5.py took 0.164 seconds
[2025-03-04T20:00:47.869+0000] {processor.py:186} INFO - Started process (PID=1071) to work on /opt/airflow/dags/hw5.py
[2025-03-04T20:00:47.871+0000] {processor.py:914} INFO - Processing file /opt/airflow/dags/hw5.py for tasks to queue
[2025-03-04T20:00:47.882+0000] {logging_mixin.py:190} INFO - [2025-03-04T20:00:47.881+0000] {dagbag.py:587} INFO - Filling up the DagBag from /opt/airflow/dags/hw5.py
[2025-03-04T20:00:47.912+0000] {processor.py:925} INFO - DAG(s) 'StockPrice_ETL' retrieved from /opt/airflow/dags/hw5.py
[2025-03-04T20:00:47.953+0000] {logging_mixin.py:190} INFO - [2025-03-04T20:00:47.952+0000] {dag.py:3229} INFO - Sync 1 DAGs
[2025-03-04T20:00:47.979+0000] {logging_mixin.py:190} INFO - [2025-03-04T20:00:47.978+0000] {dag.py:4156} INFO - Setting next_dagrun for StockPrice_ETL to 2025-03-04 02:30:00+00:00, run_after=2025-03-05 02:30:00+00:00
[2025-03-04T20:00:47.992+0000] {processor.py:208} INFO - Processing /opt/airflow/dags/hw5.py took 0.139 seconds
[2025-03-04T20:01:18.110+0000] {processor.py:186} INFO - Started process (PID=1087) to work on /opt/airflow/dags/hw5.py
[2025-03-04T20:01:18.112+0000] {processor.py:914} INFO - Processing file /opt/airflow/dags/hw5.py for tasks to queue
[2025-03-04T20:01:18.116+0000] {logging_mixin.py:190} INFO - [2025-03-04T20:01:18.116+0000] {dagbag.py:587} INFO - Filling up the DagBag from /opt/airflow/dags/hw5.py
[2025-03-04T20:01:18.131+0000] {processor.py:925} INFO - DAG(s) 'StockPrice_ETL' retrieved from /opt/airflow/dags/hw5.py
[2025-03-04T20:01:18.155+0000] {logging_mixin.py:190} INFO - [2025-03-04T20:01:18.154+0000] {dag.py:3229} INFO - Sync 1 DAGs
[2025-03-04T20:01:18.168+0000] {logging_mixin.py:190} INFO - [2025-03-04T20:01:18.168+0000] {dag.py:4156} INFO - Setting next_dagrun for StockPrice_ETL to 2025-03-04 02:30:00+00:00, run_after=2025-03-05 02:30:00+00:00
[2025-03-04T20:01:18.176+0000] {processor.py:208} INFO - Processing /opt/airflow/dags/hw5.py took 0.077 seconds
[2025-03-04T20:01:48.413+0000] {processor.py:186} INFO - Started process (PID=1103) to work on /opt/airflow/dags/hw5.py
[2025-03-04T20:01:48.416+0000] {processor.py:914} INFO - Processing file /opt/airflow/dags/hw5.py for tasks to queue
[2025-03-04T20:01:48.422+0000] {logging_mixin.py:190} INFO - [2025-03-04T20:01:48.421+0000] {dagbag.py:587} INFO - Filling up the DagBag from /opt/airflow/dags/hw5.py
[2025-03-04T20:01:48.448+0000] {processor.py:925} INFO - DAG(s) 'StockPrice_ETL' retrieved from /opt/airflow/dags/hw5.py
[2025-03-04T20:01:48.481+0000] {logging_mixin.py:190} INFO - [2025-03-04T20:01:48.480+0000] {dag.py:3229} INFO - Sync 1 DAGs
[2025-03-04T20:01:48.498+0000] {logging_mixin.py:190} INFO - [2025-03-04T20:01:48.498+0000] {dag.py:4156} INFO - Setting next_dagrun for StockPrice_ETL to 2025-03-04 02:30:00+00:00, run_after=2025-03-05 02:30:00+00:00
[2025-03-04T20:01:48.510+0000] {processor.py:208} INFO - Processing /opt/airflow/dags/hw5.py took 0.117 seconds
[2025-03-04T20:02:18.870+0000] {processor.py:186} INFO - Started process (PID=1119) to work on /opt/airflow/dags/hw5.py
[2025-03-04T20:02:18.871+0000] {processor.py:914} INFO - Processing file /opt/airflow/dags/hw5.py for tasks to queue
[2025-03-04T20:02:18.874+0000] {logging_mixin.py:190} INFO - [2025-03-04T20:02:18.873+0000] {dagbag.py:587} INFO - Filling up the DagBag from /opt/airflow/dags/hw5.py
[2025-03-04T20:02:18.884+0000] {processor.py:925} INFO - DAG(s) 'StockPrice_ETL' retrieved from /opt/airflow/dags/hw5.py
[2025-03-04T20:02:18.905+0000] {logging_mixin.py:190} INFO - [2025-03-04T20:02:18.904+0000] {dag.py:3229} INFO - Sync 1 DAGs
[2025-03-04T20:02:18.919+0000] {logging_mixin.py:190} INFO - [2025-03-04T20:02:18.919+0000] {dag.py:4156} INFO - Setting next_dagrun for StockPrice_ETL to 2025-03-04 02:30:00+00:00, run_after=2025-03-05 02:30:00+00:00
[2025-03-04T20:02:18.930+0000] {processor.py:208} INFO - Processing /opt/airflow/dags/hw5.py took 0.067 seconds
[2025-03-04T20:02:49.093+0000] {processor.py:186} INFO - Started process (PID=1135) to work on /opt/airflow/dags/hw5.py
[2025-03-04T20:02:49.094+0000] {processor.py:914} INFO - Processing file /opt/airflow/dags/hw5.py for tasks to queue
[2025-03-04T20:02:49.097+0000] {logging_mixin.py:190} INFO - [2025-03-04T20:02:49.097+0000] {dagbag.py:587} INFO - Filling up the DagBag from /opt/airflow/dags/hw5.py
[2025-03-04T20:02:49.107+0000] {processor.py:925} INFO - DAG(s) 'StockPrice_ETL' retrieved from /opt/airflow/dags/hw5.py
[2025-03-04T20:02:49.128+0000] {logging_mixin.py:190} INFO - [2025-03-04T20:02:49.128+0000] {dag.py:3229} INFO - Sync 1 DAGs
[2025-03-04T20:02:49.142+0000] {logging_mixin.py:190} INFO - [2025-03-04T20:02:49.142+0000] {dag.py:4156} INFO - Setting next_dagrun for StockPrice_ETL to 2025-03-04 02:30:00+00:00, run_after=2025-03-05 02:30:00+00:00
[2025-03-04T20:02:49.150+0000] {processor.py:208} INFO - Processing /opt/airflow/dags/hw5.py took 0.064 seconds
[2025-03-04T20:03:19.276+0000] {processor.py:186} INFO - Started process (PID=1151) to work on /opt/airflow/dags/hw5.py
[2025-03-04T20:03:19.277+0000] {processor.py:914} INFO - Processing file /opt/airflow/dags/hw5.py for tasks to queue
[2025-03-04T20:03:19.279+0000] {logging_mixin.py:190} INFO - [2025-03-04T20:03:19.279+0000] {dagbag.py:587} INFO - Filling up the DagBag from /opt/airflow/dags/hw5.py
[2025-03-04T20:03:19.290+0000] {processor.py:925} INFO - DAG(s) 'StockPrice_ETL' retrieved from /opt/airflow/dags/hw5.py
[2025-03-04T20:03:19.312+0000] {logging_mixin.py:190} INFO - [2025-03-04T20:03:19.311+0000] {dag.py:3229} INFO - Sync 1 DAGs
[2025-03-04T20:03:19.326+0000] {logging_mixin.py:190} INFO - [2025-03-04T20:03:19.326+0000] {dag.py:4156} INFO - Setting next_dagrun for StockPrice_ETL to 2025-03-04 02:30:00+00:00, run_after=2025-03-05 02:30:00+00:00
[2025-03-04T20:03:19.334+0000] {processor.py:208} INFO - Processing /opt/airflow/dags/hw5.py took 0.067 seconds
[2025-03-04T20:03:49.547+0000] {processor.py:186} INFO - Started process (PID=1167) to work on /opt/airflow/dags/hw5.py
[2025-03-04T20:03:49.554+0000] {processor.py:914} INFO - Processing file /opt/airflow/dags/hw5.py for tasks to queue
[2025-03-04T20:03:49.562+0000] {logging_mixin.py:190} INFO - [2025-03-04T20:03:49.561+0000] {dagbag.py:587} INFO - Filling up the DagBag from /opt/airflow/dags/hw5.py
[2025-03-04T20:03:49.595+0000] {processor.py:925} INFO - DAG(s) 'StockPrice_ETL' retrieved from /opt/airflow/dags/hw5.py
[2025-03-04T20:03:49.632+0000] {logging_mixin.py:190} INFO - [2025-03-04T20:03:49.631+0000] {dag.py:3229} INFO - Sync 1 DAGs
[2025-03-04T20:03:49.655+0000] {logging_mixin.py:190} INFO - [2025-03-04T20:03:49.655+0000] {dag.py:4156} INFO - Setting next_dagrun for StockPrice_ETL to 2025-03-04 02:30:00+00:00, run_after=2025-03-05 02:30:00+00:00
[2025-03-04T20:03:49.665+0000] {processor.py:208} INFO - Processing /opt/airflow/dags/hw5.py took 0.135 seconds
[2025-03-04T20:04:19.746+0000] {processor.py:186} INFO - Started process (PID=1189) to work on /opt/airflow/dags/hw5.py
[2025-03-04T20:04:19.747+0000] {processor.py:914} INFO - Processing file /opt/airflow/dags/hw5.py for tasks to queue
[2025-03-04T20:04:19.750+0000] {logging_mixin.py:190} INFO - [2025-03-04T20:04:19.750+0000] {dagbag.py:587} INFO - Filling up the DagBag from /opt/airflow/dags/hw5.py
[2025-03-04T20:04:19.760+0000] {processor.py:925} INFO - DAG(s) 'StockPrice_ETL' retrieved from /opt/airflow/dags/hw5.py
[2025-03-04T20:04:19.779+0000] {logging_mixin.py:190} INFO - [2025-03-04T20:04:19.779+0000] {dag.py:3229} INFO - Sync 1 DAGs
[2025-03-04T20:04:19.792+0000] {logging_mixin.py:190} INFO - [2025-03-04T20:04:19.791+0000] {dag.py:4156} INFO - Setting next_dagrun for StockPrice_ETL to 2025-03-04 02:30:00+00:00, run_after=2025-03-05 02:30:00+00:00
[2025-03-04T20:04:19.800+0000] {processor.py:208} INFO - Processing /opt/airflow/dags/hw5.py took 0.061 seconds
[2025-03-04T20:04:50.170+0000] {processor.py:186} INFO - Started process (PID=1205) to work on /opt/airflow/dags/hw5.py
[2025-03-04T20:04:50.172+0000] {processor.py:914} INFO - Processing file /opt/airflow/dags/hw5.py for tasks to queue
[2025-03-04T20:04:50.175+0000] {logging_mixin.py:190} INFO - [2025-03-04T20:04:50.174+0000] {dagbag.py:587} INFO - Filling up the DagBag from /opt/airflow/dags/hw5.py
[2025-03-04T20:04:50.188+0000] {processor.py:925} INFO - DAG(s) 'StockPrice_ETL' retrieved from /opt/airflow/dags/hw5.py
[2025-03-04T20:04:50.210+0000] {logging_mixin.py:190} INFO - [2025-03-04T20:04:50.210+0000] {dag.py:3229} INFO - Sync 1 DAGs
[2025-03-04T20:04:50.224+0000] {logging_mixin.py:190} INFO - [2025-03-04T20:04:50.224+0000] {dag.py:4156} INFO - Setting next_dagrun for StockPrice_ETL to 2025-03-04 02:30:00+00:00, run_after=2025-03-05 02:30:00+00:00
[2025-03-04T20:04:50.232+0000] {processor.py:208} INFO - Processing /opt/airflow/dags/hw5.py took 0.070 seconds
[2025-03-04T20:05:20.375+0000] {processor.py:186} INFO - Started process (PID=1221) to work on /opt/airflow/dags/hw5.py
[2025-03-04T20:05:20.377+0000] {processor.py:914} INFO - Processing file /opt/airflow/dags/hw5.py for tasks to queue
[2025-03-04T20:05:20.379+0000] {logging_mixin.py:190} INFO - [2025-03-04T20:05:20.379+0000] {dagbag.py:587} INFO - Filling up the DagBag from /opt/airflow/dags/hw5.py
[2025-03-04T20:05:20.390+0000] {processor.py:925} INFO - DAG(s) 'StockPrice_ETL' retrieved from /opt/airflow/dags/hw5.py
[2025-03-04T20:05:20.411+0000] {logging_mixin.py:190} INFO - [2025-03-04T20:05:20.410+0000] {dag.py:3229} INFO - Sync 1 DAGs
[2025-03-04T20:05:20.424+0000] {logging_mixin.py:190} INFO - [2025-03-04T20:05:20.424+0000] {dag.py:4156} INFO - Setting next_dagrun for StockPrice_ETL to 2025-03-04 02:30:00+00:00, run_after=2025-03-05 02:30:00+00:00
[2025-03-04T20:05:20.432+0000] {processor.py:208} INFO - Processing /opt/airflow/dags/hw5.py took 0.065 seconds
[2025-03-04T20:05:50.623+0000] {processor.py:186} INFO - Started process (PID=1237) to work on /opt/airflow/dags/hw5.py
[2025-03-04T20:05:50.625+0000] {processor.py:914} INFO - Processing file /opt/airflow/dags/hw5.py for tasks to queue
[2025-03-04T20:05:50.628+0000] {logging_mixin.py:190} INFO - [2025-03-04T20:05:50.628+0000] {dagbag.py:587} INFO - Filling up the DagBag from /opt/airflow/dags/hw5.py
[2025-03-04T20:05:50.639+0000] {processor.py:925} INFO - DAG(s) 'StockPrice_ETL' retrieved from /opt/airflow/dags/hw5.py
[2025-03-04T20:05:50.661+0000] {logging_mixin.py:190} INFO - [2025-03-04T20:05:50.660+0000] {dag.py:3229} INFO - Sync 1 DAGs
[2025-03-04T20:05:50.674+0000] {logging_mixin.py:190} INFO - [2025-03-04T20:05:50.674+0000] {dag.py:4156} INFO - Setting next_dagrun for StockPrice_ETL to 2025-03-04 02:30:00+00:00, run_after=2025-03-05 02:30:00+00:00
[2025-03-04T20:05:50.682+0000] {processor.py:208} INFO - Processing /opt/airflow/dags/hw5.py took 0.068 seconds
[2025-03-04T20:06:20.733+0000] {processor.py:186} INFO - Started process (PID=1253) to work on /opt/airflow/dags/hw5.py
[2025-03-04T20:06:20.735+0000] {processor.py:914} INFO - Processing file /opt/airflow/dags/hw5.py for tasks to queue
[2025-03-04T20:06:20.737+0000] {logging_mixin.py:190} INFO - [2025-03-04T20:06:20.737+0000] {dagbag.py:587} INFO - Filling up the DagBag from /opt/airflow/dags/hw5.py
[2025-03-04T20:06:20.749+0000] {processor.py:925} INFO - DAG(s) 'StockPrice_ETL' retrieved from /opt/airflow/dags/hw5.py
[2025-03-04T20:06:20.770+0000] {logging_mixin.py:190} INFO - [2025-03-04T20:06:20.770+0000] {dag.py:3229} INFO - Sync 1 DAGs
[2025-03-04T20:06:20.783+0000] {logging_mixin.py:190} INFO - [2025-03-04T20:06:20.783+0000] {dag.py:4156} INFO - Setting next_dagrun for StockPrice_ETL to 2025-03-04 02:30:00+00:00, run_after=2025-03-05 02:30:00+00:00
[2025-03-04T20:06:20.792+0000] {processor.py:208} INFO - Processing /opt/airflow/dags/hw5.py took 0.066 seconds
[2025-03-04T20:06:50.914+0000] {processor.py:186} INFO - Started process (PID=1269) to work on /opt/airflow/dags/hw5.py
[2025-03-04T20:06:50.916+0000] {processor.py:914} INFO - Processing file /opt/airflow/dags/hw5.py for tasks to queue
[2025-03-04T20:06:50.919+0000] {logging_mixin.py:190} INFO - [2025-03-04T20:06:50.919+0000] {dagbag.py:587} INFO - Filling up the DagBag from /opt/airflow/dags/hw5.py
[2025-03-04T20:06:50.930+0000] {processor.py:925} INFO - DAG(s) 'StockPrice_ETL' retrieved from /opt/airflow/dags/hw5.py
[2025-03-04T20:06:50.952+0000] {logging_mixin.py:190} INFO - [2025-03-04T20:06:50.951+0000] {dag.py:3229} INFO - Sync 1 DAGs
[2025-03-04T20:06:50.966+0000] {logging_mixin.py:190} INFO - [2025-03-04T20:06:50.966+0000] {dag.py:4156} INFO - Setting next_dagrun for StockPrice_ETL to 2025-03-04 02:30:00+00:00, run_after=2025-03-05 02:30:00+00:00
[2025-03-04T20:06:50.975+0000] {processor.py:208} INFO - Processing /opt/airflow/dags/hw5.py took 0.069 seconds
[2025-03-04T20:07:21.210+0000] {processor.py:186} INFO - Started process (PID=1285) to work on /opt/airflow/dags/hw5.py
[2025-03-04T20:07:21.212+0000] {processor.py:914} INFO - Processing file /opt/airflow/dags/hw5.py for tasks to queue
[2025-03-04T20:07:21.217+0000] {logging_mixin.py:190} INFO - [2025-03-04T20:07:21.216+0000] {dagbag.py:587} INFO - Filling up the DagBag from /opt/airflow/dags/hw5.py
[2025-03-04T20:07:21.231+0000] {processor.py:925} INFO - DAG(s) 'StockPrice_ETL' retrieved from /opt/airflow/dags/hw5.py
[2025-03-04T20:07:21.255+0000] {logging_mixin.py:190} INFO - [2025-03-04T20:07:21.255+0000] {dag.py:3229} INFO - Sync 1 DAGs
[2025-03-04T20:07:21.268+0000] {logging_mixin.py:190} INFO - [2025-03-04T20:07:21.268+0000] {dag.py:4156} INFO - Setting next_dagrun for StockPrice_ETL to 2025-03-04 02:30:00+00:00, run_after=2025-03-05 02:30:00+00:00
[2025-03-04T20:07:21.276+0000] {processor.py:208} INFO - Processing /opt/airflow/dags/hw5.py took 0.078 seconds
[2025-03-04T20:07:51.393+0000] {processor.py:186} INFO - Started process (PID=1300) to work on /opt/airflow/dags/hw5.py
[2025-03-04T20:07:51.394+0000] {processor.py:914} INFO - Processing file /opt/airflow/dags/hw5.py for tasks to queue
[2025-03-04T20:07:51.399+0000] {logging_mixin.py:190} INFO - [2025-03-04T20:07:51.398+0000] {dagbag.py:587} INFO - Filling up the DagBag from /opt/airflow/dags/hw5.py
[2025-03-04T20:07:51.413+0000] {processor.py:925} INFO - DAG(s) 'StockPrice_ETL' retrieved from /opt/airflow/dags/hw5.py
[2025-03-04T20:07:51.434+0000] {logging_mixin.py:190} INFO - [2025-03-04T20:07:51.434+0000] {dag.py:3229} INFO - Sync 1 DAGs
[2025-03-04T20:07:51.446+0000] {logging_mixin.py:190} INFO - [2025-03-04T20:07:51.446+0000] {dag.py:4156} INFO - Setting next_dagrun for StockPrice_ETL to 2025-03-04 02:30:00+00:00, run_after=2025-03-05 02:30:00+00:00
[2025-03-04T20:07:51.454+0000] {processor.py:208} INFO - Processing /opt/airflow/dags/hw5.py took 0.070 seconds
[2025-03-04T20:08:21.805+0000] {processor.py:186} INFO - Started process (PID=1316) to work on /opt/airflow/dags/hw5.py
[2025-03-04T20:08:21.806+0000] {processor.py:914} INFO - Processing file /opt/airflow/dags/hw5.py for tasks to queue
[2025-03-04T20:08:21.809+0000] {logging_mixin.py:190} INFO - [2025-03-04T20:08:21.808+0000] {dagbag.py:587} INFO - Filling up the DagBag from /opt/airflow/dags/hw5.py
[2025-03-04T20:08:21.820+0000] {processor.py:925} INFO - DAG(s) 'StockPrice_ETL' retrieved from /opt/airflow/dags/hw5.py
[2025-03-04T20:08:21.839+0000] {logging_mixin.py:190} INFO - [2025-03-04T20:08:21.839+0000] {dag.py:3229} INFO - Sync 1 DAGs
[2025-03-04T20:08:21.852+0000] {logging_mixin.py:190} INFO - [2025-03-04T20:08:21.852+0000] {dag.py:4156} INFO - Setting next_dagrun for StockPrice_ETL to 2025-03-04 02:30:00+00:00, run_after=2025-03-05 02:30:00+00:00
[2025-03-04T20:08:21.862+0000] {processor.py:208} INFO - Processing /opt/airflow/dags/hw5.py took 0.067 seconds
[2025-03-04T20:08:51.936+0000] {processor.py:186} INFO - Started process (PID=1340) to work on /opt/airflow/dags/hw5.py
[2025-03-04T20:08:51.938+0000] {processor.py:914} INFO - Processing file /opt/airflow/dags/hw5.py for tasks to queue
[2025-03-04T20:08:51.939+0000] {logging_mixin.py:190} INFO - [2025-03-04T20:08:51.939+0000] {dagbag.py:587} INFO - Filling up the DagBag from /opt/airflow/dags/hw5.py
[2025-03-04T20:08:51.947+0000] {processor.py:925} INFO - DAG(s) 'StockPrice_ETL' retrieved from /opt/airflow/dags/hw5.py
[2025-03-04T20:08:51.965+0000] {logging_mixin.py:190} INFO - [2025-03-04T20:08:51.965+0000] {dag.py:3229} INFO - Sync 1 DAGs
[2025-03-04T20:08:51.977+0000] {logging_mixin.py:190} INFO - [2025-03-04T20:08:51.977+0000] {dag.py:4156} INFO - Setting next_dagrun for StockPrice_ETL to 2025-03-04 02:30:00+00:00, run_after=2025-03-05 02:30:00+00:00
[2025-03-04T20:08:51.985+0000] {processor.py:208} INFO - Processing /opt/airflow/dags/hw5.py took 0.053 seconds
[2025-03-04T20:09:22.388+0000] {processor.py:186} INFO - Started process (PID=1361) to work on /opt/airflow/dags/hw5.py
[2025-03-04T20:09:22.389+0000] {processor.py:914} INFO - Processing file /opt/airflow/dags/hw5.py for tasks to queue
[2025-03-04T20:09:22.397+0000] {logging_mixin.py:190} INFO - [2025-03-04T20:09:22.396+0000] {dagbag.py:587} INFO - Filling up the DagBag from /opt/airflow/dags/hw5.py
[2025-03-04T20:09:22.420+0000] {processor.py:925} INFO - DAG(s) 'StockPrice_ETL' retrieved from /opt/airflow/dags/hw5.py
[2025-03-04T20:09:22.465+0000] {logging_mixin.py:190} INFO - [2025-03-04T20:09:22.462+0000] {dag.py:3229} INFO - Sync 1 DAGs
[2025-03-04T20:09:22.492+0000] {logging_mixin.py:190} INFO - [2025-03-04T20:09:22.491+0000] {dag.py:4156} INFO - Setting next_dagrun for StockPrice_ETL to 2025-03-04 02:30:00+00:00, run_after=2025-03-05 02:30:00+00:00
[2025-03-04T20:09:22.513+0000] {processor.py:208} INFO - Processing /opt/airflow/dags/hw5.py took 0.134 seconds
[2025-03-04T20:09:52.879+0000] {processor.py:186} INFO - Started process (PID=1374) to work on /opt/airflow/dags/hw5.py
[2025-03-04T20:09:52.883+0000] {processor.py:914} INFO - Processing file /opt/airflow/dags/hw5.py for tasks to queue
[2025-03-04T20:09:52.901+0000] {logging_mixin.py:190} INFO - [2025-03-04T20:09:52.899+0000] {dagbag.py:587} INFO - Filling up the DagBag from /opt/airflow/dags/hw5.py
[2025-03-04T20:09:52.930+0000] {processor.py:925} INFO - DAG(s) 'StockPrice_ETL' retrieved from /opt/airflow/dags/hw5.py
[2025-03-04T20:09:52.960+0000] {logging_mixin.py:190} INFO - [2025-03-04T20:09:52.959+0000] {dag.py:3229} INFO - Sync 1 DAGs
[2025-03-04T20:09:52.981+0000] {logging_mixin.py:190} INFO - [2025-03-04T20:09:52.981+0000] {dag.py:4156} INFO - Setting next_dagrun for StockPrice_ETL to 2025-03-04 02:30:00+00:00, run_after=2025-03-05 02:30:00+00:00
[2025-03-04T20:09:52.992+0000] {processor.py:208} INFO - Processing /opt/airflow/dags/hw5.py took 0.130 seconds
[2025-03-04T20:10:23.352+0000] {processor.py:186} INFO - Started process (PID=1390) to work on /opt/airflow/dags/hw5.py
[2025-03-04T20:10:23.355+0000] {processor.py:914} INFO - Processing file /opt/airflow/dags/hw5.py for tasks to queue
[2025-03-04T20:10:23.361+0000] {logging_mixin.py:190} INFO - [2025-03-04T20:10:23.360+0000] {dagbag.py:587} INFO - Filling up the DagBag from /opt/airflow/dags/hw5.py
[2025-03-04T20:10:23.386+0000] {processor.py:925} INFO - DAG(s) 'StockPrice_ETL' retrieved from /opt/airflow/dags/hw5.py
[2025-03-04T20:10:23.427+0000] {logging_mixin.py:190} INFO - [2025-03-04T20:10:23.427+0000] {dag.py:3229} INFO - Sync 1 DAGs
[2025-03-04T20:10:23.444+0000] {logging_mixin.py:190} INFO - [2025-03-04T20:10:23.444+0000] {dag.py:4156} INFO - Setting next_dagrun for StockPrice_ETL to 2025-03-04 02:30:00+00:00, run_after=2025-03-05 02:30:00+00:00
[2025-03-04T20:10:23.454+0000] {processor.py:208} INFO - Processing /opt/airflow/dags/hw5.py took 0.118 seconds
[2025-03-04T20:10:53.555+0000] {processor.py:186} INFO - Started process (PID=1411) to work on /opt/airflow/dags/hw5.py
[2025-03-04T20:10:53.557+0000] {processor.py:914} INFO - Processing file /opt/airflow/dags/hw5.py for tasks to queue
[2025-03-04T20:10:53.561+0000] {logging_mixin.py:190} INFO - [2025-03-04T20:10:53.560+0000] {dagbag.py:587} INFO - Filling up the DagBag from /opt/airflow/dags/hw5.py
[2025-03-04T20:10:53.580+0000] {processor.py:925} INFO - DAG(s) 'StockPrice_ETL' retrieved from /opt/airflow/dags/hw5.py
[2025-03-04T20:10:53.613+0000] {logging_mixin.py:190} INFO - [2025-03-04T20:10:53.613+0000] {dag.py:3229} INFO - Sync 1 DAGs
[2025-03-04T20:10:53.632+0000] {logging_mixin.py:190} INFO - [2025-03-04T20:10:53.632+0000] {dag.py:4156} INFO - Setting next_dagrun for StockPrice_ETL to 2025-03-04 02:30:00+00:00, run_after=2025-03-05 02:30:00+00:00
[2025-03-04T20:10:53.644+0000] {processor.py:208} INFO - Processing /opt/airflow/dags/hw5.py took 0.110 seconds
[2025-03-04T20:11:23.966+0000] {processor.py:186} INFO - Started process (PID=1427) to work on /opt/airflow/dags/hw5.py
[2025-03-04T20:11:23.968+0000] {processor.py:914} INFO - Processing file /opt/airflow/dags/hw5.py for tasks to queue
[2025-03-04T20:11:23.974+0000] {logging_mixin.py:190} INFO - [2025-03-04T20:11:23.973+0000] {dagbag.py:587} INFO - Filling up the DagBag from /opt/airflow/dags/hw5.py
[2025-03-04T20:11:23.996+0000] {processor.py:925} INFO - DAG(s) 'StockPrice_ETL' retrieved from /opt/airflow/dags/hw5.py
[2025-03-04T20:11:24.031+0000] {logging_mixin.py:190} INFO - [2025-03-04T20:11:24.031+0000] {dag.py:3229} INFO - Sync 1 DAGs
[2025-03-04T20:11:24.048+0000] {logging_mixin.py:190} INFO - [2025-03-04T20:11:24.048+0000] {dag.py:4156} INFO - Setting next_dagrun for StockPrice_ETL to 2025-03-04 02:30:00+00:00, run_after=2025-03-05 02:30:00+00:00
[2025-03-04T20:11:24.061+0000] {processor.py:208} INFO - Processing /opt/airflow/dags/hw5.py took 0.104 seconds
[2025-03-04T20:11:54.417+0000] {processor.py:186} INFO - Started process (PID=1443) to work on /opt/airflow/dags/hw5.py
[2025-03-04T20:11:54.419+0000] {processor.py:914} INFO - Processing file /opt/airflow/dags/hw5.py for tasks to queue
[2025-03-04T20:11:54.423+0000] {logging_mixin.py:190} INFO - [2025-03-04T20:11:54.423+0000] {dagbag.py:587} INFO - Filling up the DagBag from /opt/airflow/dags/hw5.py
[2025-03-04T20:11:54.443+0000] {processor.py:925} INFO - DAG(s) 'StockPrice_ETL' retrieved from /opt/airflow/dags/hw5.py
[2025-03-04T20:11:54.474+0000] {logging_mixin.py:190} INFO - [2025-03-04T20:11:54.473+0000] {dag.py:3229} INFO - Sync 1 DAGs
[2025-03-04T20:11:54.496+0000] {logging_mixin.py:190} INFO - [2025-03-04T20:11:54.496+0000] {dag.py:4156} INFO - Setting next_dagrun for StockPrice_ETL to 2025-03-04 02:30:00+00:00, run_after=2025-03-05 02:30:00+00:00
[2025-03-04T20:11:54.506+0000] {processor.py:208} INFO - Processing /opt/airflow/dags/hw5.py took 0.103 seconds
[2025-03-04T20:12:24.854+0000] {processor.py:186} INFO - Started process (PID=1464) to work on /opt/airflow/dags/hw5.py
[2025-03-04T20:12:24.856+0000] {processor.py:914} INFO - Processing file /opt/airflow/dags/hw5.py for tasks to queue
[2025-03-04T20:12:24.861+0000] {logging_mixin.py:190} INFO - [2025-03-04T20:12:24.861+0000] {dagbag.py:587} INFO - Filling up the DagBag from /opt/airflow/dags/hw5.py
[2025-03-04T20:12:24.880+0000] {processor.py:925} INFO - DAG(s) 'StockPrice_ETL' retrieved from /opt/airflow/dags/hw5.py
[2025-03-04T20:12:24.906+0000] {logging_mixin.py:190} INFO - [2025-03-04T20:12:24.906+0000] {dag.py:3229} INFO - Sync 1 DAGs
[2025-03-04T20:12:24.924+0000] {logging_mixin.py:190} INFO - [2025-03-04T20:12:24.924+0000] {dag.py:4156} INFO - Setting next_dagrun for StockPrice_ETL to 2025-03-04 02:30:00+00:00, run_after=2025-03-05 02:30:00+00:00
[2025-03-04T20:12:24.933+0000] {processor.py:208} INFO - Processing /opt/airflow/dags/hw5.py took 0.091 seconds
[2025-03-04T20:12:55.309+0000] {processor.py:186} INFO - Started process (PID=1480) to work on /opt/airflow/dags/hw5.py
[2025-03-04T20:12:55.311+0000] {processor.py:914} INFO - Processing file /opt/airflow/dags/hw5.py for tasks to queue
[2025-03-04T20:12:55.318+0000] {logging_mixin.py:190} INFO - [2025-03-04T20:12:55.318+0000] {dagbag.py:587} INFO - Filling up the DagBag from /opt/airflow/dags/hw5.py
[2025-03-04T20:12:55.347+0000] {processor.py:925} INFO - DAG(s) 'StockPrice_ETL' retrieved from /opt/airflow/dags/hw5.py
[2025-03-04T20:12:55.379+0000] {logging_mixin.py:190} INFO - [2025-03-04T20:12:55.379+0000] {dag.py:3229} INFO - Sync 1 DAGs
[2025-03-04T20:12:55.404+0000] {logging_mixin.py:190} INFO - [2025-03-04T20:12:55.404+0000] {dag.py:4156} INFO - Setting next_dagrun for StockPrice_ETL to 2025-03-04 02:30:00+00:00, run_after=2025-03-05 02:30:00+00:00
[2025-03-04T20:12:55.414+0000] {processor.py:208} INFO - Processing /opt/airflow/dags/hw5.py took 0.127 seconds
[2025-03-04T20:13:25.826+0000] {processor.py:186} INFO - Started process (PID=1496) to work on /opt/airflow/dags/hw5.py
[2025-03-04T20:13:25.831+0000] {processor.py:914} INFO - Processing file /opt/airflow/dags/hw5.py for tasks to queue
[2025-03-04T20:13:25.837+0000] {logging_mixin.py:190} INFO - [2025-03-04T20:13:25.836+0000] {dagbag.py:587} INFO - Filling up the DagBag from /opt/airflow/dags/hw5.py
[2025-03-04T20:13:25.871+0000] {processor.py:925} INFO - DAG(s) 'StockPrice_ETL' retrieved from /opt/airflow/dags/hw5.py
[2025-03-04T20:13:25.919+0000] {logging_mixin.py:190} INFO - [2025-03-04T20:13:25.917+0000] {dag.py:3229} INFO - Sync 1 DAGs
[2025-03-04T20:13:25.942+0000] {logging_mixin.py:190} INFO - [2025-03-04T20:13:25.942+0000] {dag.py:4156} INFO - Setting next_dagrun for StockPrice_ETL to 2025-03-04 02:30:00+00:00, run_after=2025-03-05 02:30:00+00:00
[2025-03-04T20:13:25.954+0000] {processor.py:208} INFO - Processing /opt/airflow/dags/hw5.py took 0.142 seconds
[2025-03-04T20:13:56.114+0000] {processor.py:186} INFO - Started process (PID=1512) to work on /opt/airflow/dags/hw5.py
[2025-03-04T20:13:56.121+0000] {processor.py:914} INFO - Processing file /opt/airflow/dags/hw5.py for tasks to queue
[2025-03-04T20:13:56.126+0000] {logging_mixin.py:190} INFO - [2025-03-04T20:13:56.125+0000] {dagbag.py:587} INFO - Filling up the DagBag from /opt/airflow/dags/hw5.py
[2025-03-04T20:13:56.149+0000] {processor.py:925} INFO - DAG(s) 'StockPrice_ETL' retrieved from /opt/airflow/dags/hw5.py
[2025-03-04T20:13:56.187+0000] {logging_mixin.py:190} INFO - [2025-03-04T20:13:56.187+0000] {dag.py:3229} INFO - Sync 1 DAGs
[2025-03-04T20:13:56.209+0000] {logging_mixin.py:190} INFO - [2025-03-04T20:13:56.209+0000] {dag.py:4156} INFO - Setting next_dagrun for StockPrice_ETL to 2025-03-04 02:30:00+00:00, run_after=2025-03-05 02:30:00+00:00
[2025-03-04T20:13:56.220+0000] {processor.py:208} INFO - Processing /opt/airflow/dags/hw5.py took 0.123 seconds
[2025-03-04T20:14:26.631+0000] {processor.py:186} INFO - Started process (PID=1528) to work on /opt/airflow/dags/hw5.py
[2025-03-04T20:14:26.633+0000] {processor.py:914} INFO - Processing file /opt/airflow/dags/hw5.py for tasks to queue
[2025-03-04T20:14:26.639+0000] {logging_mixin.py:190} INFO - [2025-03-04T20:14:26.638+0000] {dagbag.py:587} INFO - Filling up the DagBag from /opt/airflow/dags/hw5.py
[2025-03-04T20:14:26.676+0000] {processor.py:925} INFO - DAG(s) 'StockPrice_ETL' retrieved from /opt/airflow/dags/hw5.py
[2025-03-04T20:14:26.717+0000] {logging_mixin.py:190} INFO - [2025-03-04T20:14:26.717+0000] {dag.py:3229} INFO - Sync 1 DAGs
[2025-03-04T20:14:26.746+0000] {logging_mixin.py:190} INFO - [2025-03-04T20:14:26.746+0000] {dag.py:4156} INFO - Setting next_dagrun for StockPrice_ETL to 2025-03-04 02:30:00+00:00, run_after=2025-03-05 02:30:00+00:00
[2025-03-04T20:14:26.763+0000] {processor.py:208} INFO - Processing /opt/airflow/dags/hw5.py took 0.148 seconds
[2025-03-04T20:14:57.008+0000] {processor.py:186} INFO - Started process (PID=1544) to work on /opt/airflow/dags/hw5.py
[2025-03-04T20:14:57.011+0000] {processor.py:914} INFO - Processing file /opt/airflow/dags/hw5.py for tasks to queue
[2025-03-04T20:14:57.017+0000] {logging_mixin.py:190} INFO - [2025-03-04T20:14:57.015+0000] {dagbag.py:587} INFO - Filling up the DagBag from /opt/airflow/dags/hw5.py
[2025-03-04T20:14:57.044+0000] {processor.py:925} INFO - DAG(s) 'StockPrice_ETL' retrieved from /opt/airflow/dags/hw5.py
[2025-03-04T20:14:57.090+0000] {logging_mixin.py:190} INFO - [2025-03-04T20:14:57.089+0000] {dag.py:3229} INFO - Sync 1 DAGs
[2025-03-04T20:14:57.116+0000] {logging_mixin.py:190} INFO - [2025-03-04T20:14:57.116+0000] {dag.py:4156} INFO - Setting next_dagrun for StockPrice_ETL to 2025-03-04 02:30:00+00:00, run_after=2025-03-05 02:30:00+00:00
[2025-03-04T20:14:57.126+0000] {processor.py:208} INFO - Processing /opt/airflow/dags/hw5.py took 0.139 seconds
[2025-03-04T20:15:27.361+0000] {processor.py:186} INFO - Started process (PID=1560) to work on /opt/airflow/dags/hw5.py
[2025-03-04T20:15:27.366+0000] {processor.py:914} INFO - Processing file /opt/airflow/dags/hw5.py for tasks to queue
[2025-03-04T20:15:27.371+0000] {logging_mixin.py:190} INFO - [2025-03-04T20:15:27.370+0000] {dagbag.py:587} INFO - Filling up the DagBag from /opt/airflow/dags/hw5.py
[2025-03-04T20:15:27.396+0000] {processor.py:925} INFO - DAG(s) 'StockPrice_ETL' retrieved from /opt/airflow/dags/hw5.py
[2025-03-04T20:15:27.441+0000] {logging_mixin.py:190} INFO - [2025-03-04T20:15:27.441+0000] {dag.py:3229} INFO - Sync 1 DAGs
[2025-03-04T20:15:27.466+0000] {logging_mixin.py:190} INFO - [2025-03-04T20:15:27.466+0000] {dag.py:4156} INFO - Setting next_dagrun for StockPrice_ETL to 2025-03-04 02:30:00+00:00, run_after=2025-03-05 02:30:00+00:00
[2025-03-04T20:15:27.478+0000] {processor.py:208} INFO - Processing /opt/airflow/dags/hw5.py took 0.132 seconds
[2025-03-04T20:15:57.908+0000] {processor.py:186} INFO - Started process (PID=1576) to work on /opt/airflow/dags/hw5.py
[2025-03-04T20:15:57.910+0000] {processor.py:914} INFO - Processing file /opt/airflow/dags/hw5.py for tasks to queue
[2025-03-04T20:15:57.920+0000] {logging_mixin.py:190} INFO - [2025-03-04T20:15:57.920+0000] {dagbag.py:587} INFO - Filling up the DagBag from /opt/airflow/dags/hw5.py
[2025-03-04T20:15:57.940+0000] {processor.py:925} INFO - DAG(s) 'StockPrice_ETL' retrieved from /opt/airflow/dags/hw5.py
[2025-03-04T20:15:57.977+0000] {logging_mixin.py:190} INFO - [2025-03-04T20:15:57.977+0000] {dag.py:3229} INFO - Sync 1 DAGs
[2025-03-04T20:15:57.999+0000] {logging_mixin.py:190} INFO - [2025-03-04T20:15:57.998+0000] {dag.py:4156} INFO - Setting next_dagrun for StockPrice_ETL to 2025-03-04 02:30:00+00:00, run_after=2025-03-05 02:30:00+00:00
[2025-03-04T20:15:58.009+0000] {processor.py:208} INFO - Processing /opt/airflow/dags/hw5.py took 0.122 seconds
[2025-03-04T20:16:28.084+0000] {processor.py:186} INFO - Started process (PID=1592) to work on /opt/airflow/dags/hw5.py
[2025-03-04T20:16:28.090+0000] {processor.py:914} INFO - Processing file /opt/airflow/dags/hw5.py for tasks to queue
[2025-03-04T20:16:28.098+0000] {logging_mixin.py:190} INFO - [2025-03-04T20:16:28.097+0000] {dagbag.py:587} INFO - Filling up the DagBag from /opt/airflow/dags/hw5.py
[2025-03-04T20:16:28.123+0000] {processor.py:925} INFO - DAG(s) 'StockPrice_ETL' retrieved from /opt/airflow/dags/hw5.py
[2025-03-04T20:16:28.158+0000] {logging_mixin.py:190} INFO - [2025-03-04T20:16:28.158+0000] {dag.py:3229} INFO - Sync 1 DAGs
[2025-03-04T20:16:28.179+0000] {logging_mixin.py:190} INFO - [2025-03-04T20:16:28.178+0000] {dag.py:4156} INFO - Setting next_dagrun for StockPrice_ETL to 2025-03-04 02:30:00+00:00, run_after=2025-03-05 02:30:00+00:00
[2025-03-04T20:16:28.193+0000] {processor.py:208} INFO - Processing /opt/airflow/dags/hw5.py took 0.119 seconds
[2025-03-04T20:16:58.322+0000] {processor.py:186} INFO - Started process (PID=1608) to work on /opt/airflow/dags/hw5.py
[2025-03-04T20:16:58.324+0000] {processor.py:914} INFO - Processing file /opt/airflow/dags/hw5.py for tasks to queue
[2025-03-04T20:16:58.329+0000] {logging_mixin.py:190} INFO - [2025-03-04T20:16:58.328+0000] {dagbag.py:587} INFO - Filling up the DagBag from /opt/airflow/dags/hw5.py
[2025-03-04T20:16:58.348+0000] {processor.py:925} INFO - DAG(s) 'StockPrice_ETL' retrieved from /opt/airflow/dags/hw5.py
[2025-03-04T20:16:58.385+0000] {logging_mixin.py:190} INFO - [2025-03-04T20:16:58.384+0000] {dag.py:3229} INFO - Sync 1 DAGs
[2025-03-04T20:16:58.411+0000] {logging_mixin.py:190} INFO - [2025-03-04T20:16:58.411+0000] {dag.py:4156} INFO - Setting next_dagrun for StockPrice_ETL to 2025-03-04 02:30:00+00:00, run_after=2025-03-05 02:30:00+00:00
[2025-03-04T20:16:58.424+0000] {processor.py:208} INFO - Processing /opt/airflow/dags/hw5.py took 0.120 seconds
[2025-03-04T20:17:28.815+0000] {processor.py:186} INFO - Started process (PID=1624) to work on /opt/airflow/dags/hw5.py
[2025-03-04T20:17:28.817+0000] {processor.py:914} INFO - Processing file /opt/airflow/dags/hw5.py for tasks to queue
[2025-03-04T20:17:28.821+0000] {logging_mixin.py:190} INFO - [2025-03-04T20:17:28.820+0000] {dagbag.py:587} INFO - Filling up the DagBag from /opt/airflow/dags/hw5.py
[2025-03-04T20:17:28.852+0000] {processor.py:925} INFO - DAG(s) 'StockPrice_ETL' retrieved from /opt/airflow/dags/hw5.py
[2025-03-04T20:17:28.917+0000] {logging_mixin.py:190} INFO - [2025-03-04T20:17:28.916+0000] {dag.py:3229} INFO - Sync 1 DAGs
[2025-03-04T20:17:28.947+0000] {logging_mixin.py:190} INFO - [2025-03-04T20:17:28.947+0000] {dag.py:4156} INFO - Setting next_dagrun for StockPrice_ETL to 2025-03-04 02:30:00+00:00, run_after=2025-03-05 02:30:00+00:00
[2025-03-04T20:17:28.971+0000] {processor.py:208} INFO - Processing /opt/airflow/dags/hw5.py took 0.170 seconds
[2025-03-04T20:17:59.380+0000] {processor.py:186} INFO - Started process (PID=1640) to work on /opt/airflow/dags/hw5.py
[2025-03-04T20:17:59.383+0000] {processor.py:914} INFO - Processing file /opt/airflow/dags/hw5.py for tasks to queue
[2025-03-04T20:17:59.392+0000] {logging_mixin.py:190} INFO - [2025-03-04T20:17:59.391+0000] {dagbag.py:587} INFO - Filling up the DagBag from /opt/airflow/dags/hw5.py
[2025-03-04T20:17:59.419+0000] {processor.py:925} INFO - DAG(s) 'StockPrice_ETL' retrieved from /opt/airflow/dags/hw5.py
[2025-03-04T20:17:59.463+0000] {logging_mixin.py:190} INFO - [2025-03-04T20:17:59.461+0000] {dag.py:3229} INFO - Sync 1 DAGs
[2025-03-04T20:17:59.489+0000] {logging_mixin.py:190} INFO - [2025-03-04T20:17:59.489+0000] {dag.py:4156} INFO - Setting next_dagrun for StockPrice_ETL to 2025-03-04 02:30:00+00:00, run_after=2025-03-05 02:30:00+00:00
[2025-03-04T20:17:59.501+0000] {processor.py:208} INFO - Processing /opt/airflow/dags/hw5.py took 0.141 seconds
[2025-03-04T20:18:29.919+0000] {processor.py:186} INFO - Started process (PID=1656) to work on /opt/airflow/dags/hw5.py
[2025-03-04T20:18:29.922+0000] {processor.py:914} INFO - Processing file /opt/airflow/dags/hw5.py for tasks to queue
[2025-03-04T20:18:29.927+0000] {logging_mixin.py:190} INFO - [2025-03-04T20:18:29.926+0000] {dagbag.py:587} INFO - Filling up the DagBag from /opt/airflow/dags/hw5.py
[2025-03-04T20:18:29.951+0000] {processor.py:925} INFO - DAG(s) 'StockPrice_ETL' retrieved from /opt/airflow/dags/hw5.py
[2025-03-04T20:18:29.986+0000] {logging_mixin.py:190} INFO - [2025-03-04T20:18:29.986+0000] {dag.py:3229} INFO - Sync 1 DAGs
[2025-03-04T20:18:30.007+0000] {logging_mixin.py:190} INFO - [2025-03-04T20:18:30.007+0000] {dag.py:4156} INFO - Setting next_dagrun for StockPrice_ETL to 2025-03-04 02:30:00+00:00, run_after=2025-03-05 02:30:00+00:00
[2025-03-04T20:18:30.017+0000] {processor.py:208} INFO - Processing /opt/airflow/dags/hw5.py took 0.116 seconds
[2025-03-04T20:19:00.433+0000] {processor.py:186} INFO - Started process (PID=1672) to work on /opt/airflow/dags/hw5.py
[2025-03-04T20:19:00.436+0000] {processor.py:914} INFO - Processing file /opt/airflow/dags/hw5.py for tasks to queue
[2025-03-04T20:19:00.443+0000] {logging_mixin.py:190} INFO - [2025-03-04T20:19:00.442+0000] {dagbag.py:587} INFO - Filling up the DagBag from /opt/airflow/dags/hw5.py
[2025-03-04T20:19:00.468+0000] {processor.py:925} INFO - DAG(s) 'StockPrice_ETL' retrieved from /opt/airflow/dags/hw5.py
[2025-03-04T20:19:00.521+0000] {logging_mixin.py:190} INFO - [2025-03-04T20:19:00.520+0000] {dag.py:3229} INFO - Sync 1 DAGs
[2025-03-04T20:19:00.550+0000] {logging_mixin.py:190} INFO - [2025-03-04T20:19:00.550+0000] {dag.py:4156} INFO - Setting next_dagrun for StockPrice_ETL to 2025-03-04 02:30:00+00:00, run_after=2025-03-05 02:30:00+00:00
[2025-03-04T20:19:00.562+0000] {processor.py:208} INFO - Processing /opt/airflow/dags/hw5.py took 0.145 seconds
[2025-03-04T20:19:30.937+0000] {processor.py:186} INFO - Started process (PID=1688) to work on /opt/airflow/dags/hw5.py
[2025-03-04T20:19:30.939+0000] {processor.py:914} INFO - Processing file /opt/airflow/dags/hw5.py for tasks to queue
[2025-03-04T20:19:30.946+0000] {logging_mixin.py:190} INFO - [2025-03-04T20:19:30.945+0000] {dagbag.py:587} INFO - Filling up the DagBag from /opt/airflow/dags/hw5.py
[2025-03-04T20:19:30.976+0000] {processor.py:925} INFO - DAG(s) 'StockPrice_ETL' retrieved from /opt/airflow/dags/hw5.py
[2025-03-04T20:19:31.016+0000] {logging_mixin.py:190} INFO - [2025-03-04T20:19:31.015+0000] {dag.py:3229} INFO - Sync 1 DAGs
[2025-03-04T20:19:31.034+0000] {logging_mixin.py:190} INFO - [2025-03-04T20:19:31.034+0000] {dag.py:4156} INFO - Setting next_dagrun for StockPrice_ETL to 2025-03-04 02:30:00+00:00, run_after=2025-03-05 02:30:00+00:00
[2025-03-04T20:19:31.048+0000] {processor.py:208} INFO - Processing /opt/airflow/dags/hw5.py took 0.129 seconds
[2025-03-04T20:20:01.211+0000] {processor.py:186} INFO - Started process (PID=1704) to work on /opt/airflow/dags/hw5.py
[2025-03-04T20:20:01.215+0000] {processor.py:914} INFO - Processing file /opt/airflow/dags/hw5.py for tasks to queue
[2025-03-04T20:20:01.221+0000] {logging_mixin.py:190} INFO - [2025-03-04T20:20:01.220+0000] {dagbag.py:587} INFO - Filling up the DagBag from /opt/airflow/dags/hw5.py
[2025-03-04T20:20:01.248+0000] {processor.py:925} INFO - DAG(s) 'StockPrice_ETL' retrieved from /opt/airflow/dags/hw5.py
[2025-03-04T20:20:01.285+0000] {logging_mixin.py:190} INFO - [2025-03-04T20:20:01.285+0000] {dag.py:3229} INFO - Sync 1 DAGs
[2025-03-04T20:20:01.304+0000] {logging_mixin.py:190} INFO - [2025-03-04T20:20:01.304+0000] {dag.py:4156} INFO - Setting next_dagrun for StockPrice_ETL to 2025-03-04 02:30:00+00:00, run_after=2025-03-05 02:30:00+00:00
[2025-03-04T20:20:01.314+0000] {processor.py:208} INFO - Processing /opt/airflow/dags/hw5.py took 0.125 seconds
