[2025-03-03T01:24:01.633+0000] {local_task_job_runner.py:123} INFO - ::group::Pre task execution logs
[2025-03-03T01:24:01.642+0000] {taskinstance.py:2612} INFO - Dependencies all met for dep_context=non-requeueable deps ti=<TaskInstance: AlphaVantage_Stock_Price_Prediction_Analysis.predict scheduled__2025-03-02T00:15:00+00:00 [queued]>
[2025-03-03T01:24:01.646+0000] {taskinstance.py:2612} INFO - Dependencies all met for dep_context=requeueable deps ti=<TaskInstance: AlphaVantage_Stock_Price_Prediction_Analysis.predict scheduled__2025-03-02T00:15:00+00:00 [queued]>
[2025-03-03T01:24:01.646+0000] {taskinstance.py:2865} INFO - Starting attempt 1 of 1
[2025-03-03T01:24:01.658+0000] {taskinstance.py:2888} INFO - Executing <Task(_PythonDecoratedOperator): predict> on 2025-03-02 00:15:00+00:00
[2025-03-03T01:24:01.670+0000] {logging_mixin.py:190} WARNING - /home/***/.local/lib/python3.12/site-packages/***/task/task_runner/standard_task_runner.py:70 DeprecationWarning: This process (pid=5926) is multi-threaded, use of fork() may lead to deadlocks in the child.
[2025-03-03T01:24:01.670+0000] {standard_task_runner.py:104} INFO - Running: ['***', 'tasks', 'run', 'AlphaVantage_Stock_Price_Prediction_Analysis', 'predict', 'scheduled__2025-03-02T00:15:00+00:00', '--job-id', '75', '--raw', '--subdir', 'DAGS_FOLDER/api.py', '--cfg-path', '/tmp/tmpl0wrrcgr']
[2025-03-03T01:24:01.672+0000] {standard_task_runner.py:105} INFO - Job 75: Subtask predict
[2025-03-03T01:24:01.672+0000] {standard_task_runner.py:72} INFO - Started process 5929 to run task
[2025-03-03T01:24:01.729+0000] {task_command.py:467} INFO - Running <TaskInstance: AlphaVantage_Stock_Price_Prediction_Analysis.predict scheduled__2025-03-02T00:15:00+00:00 [running]> on host b90f03c6f926
[2025-03-03T01:24:01.788+0000] {taskinstance.py:3131} INFO - Exporting env vars: AIRFLOW_CTX_DAG_OWNER='***' AIRFLOW_CTX_DAG_ID='AlphaVantage_Stock_Price_Prediction_Analysis' AIRFLOW_CTX_TASK_ID='predict' AIRFLOW_CTX_EXECUTION_DATE='2025-03-02T00:15:00+00:00' AIRFLOW_CTX_TRY_NUMBER='1' AIRFLOW_CTX_DAG_RUN_ID='scheduled__2025-03-02T00:15:00+00:00'
[2025-03-03T01:24:01.789+0000] {taskinstance.py:731} INFO - ::endgroup::
[2025-03-03T01:24:21.299+0000] {cursor.py:1156} INFO - Number of results in first chunk: 1
[2025-03-03T01:24:22.213+0000] {cursor.py:1156} INFO - Number of results in first chunk: 1
[2025-03-03T01:24:22.215+0000] {python.py:240} INFO - Done. Returned value was: None
[2025-03-03T01:24:22.246+0000] {taskinstance.py:340} INFO - ::group::Post task execution logs
[2025-03-03T01:24:22.247+0000] {taskinstance.py:352} INFO - Marking task as SUCCESS. dag_id=AlphaVantage_Stock_Price_Prediction_Analysis, task_id=predict, run_id=scheduled__2025-03-02T00:15:00+00:00, execution_date=20250302T001500, start_date=20250303T012401, end_date=20250303T012422
[2025-03-03T01:24:22.278+0000] {local_task_job_runner.py:266} INFO - Task exited with return code 0
[2025-03-03T01:24:22.302+0000] {taskinstance.py:3900} INFO - 0 downstream tasks scheduled from follow-on schedule check
[2025-03-03T01:24:22.302+0000] {local_task_job_runner.py:245} INFO - ::endgroup::
