[2025-02-25T00:17:27.499+0000] {local_task_job_runner.py:123} INFO - ::group::Pre task execution logs
[2025-02-25T00:17:27.508+0000] {taskinstance.py:2612} INFO - Dependencies all met for dep_context=non-requeueable deps ti=<TaskInstance: AlphaVantage_Stock_Price_Prediction_Analysis.predict scheduled__2025-02-24T00:15:00+00:00 [queued]>
[2025-02-25T00:17:27.511+0000] {taskinstance.py:2612} INFO - Dependencies all met for dep_context=requeueable deps ti=<TaskInstance: AlphaVantage_Stock_Price_Prediction_Analysis.predict scheduled__2025-02-24T00:15:00+00:00 [queued]>
[2025-02-25T00:17:27.512+0000] {taskinstance.py:2865} INFO - Starting attempt 1 of 1
[2025-02-25T00:17:27.516+0000] {taskinstance.py:2888} INFO - Executing <Task(_PythonDecoratedOperator): predict> on 2025-02-24 00:15:00+00:00
[2025-02-25T00:17:27.521+0000] {logging_mixin.py:190} WARNING - /home/***/.local/lib/python3.12/site-packages/***/task/task_runner/standard_task_runner.py:70 DeprecationWarning: This process (pid=4062) is multi-threaded, use of fork() may lead to deadlocks in the child.
[2025-02-25T00:17:27.521+0000] {standard_task_runner.py:104} INFO - Running: ['***', 'tasks', 'run', 'AlphaVantage_Stock_Price_Prediction_Analysis', 'predict', 'scheduled__2025-02-24T00:15:00+00:00', '--job-id', '37', '--raw', '--subdir', 'DAGS_FOLDER/api.py', '--cfg-path', '/tmp/tmpkggx37z6']
[2025-02-25T00:17:27.522+0000] {standard_task_runner.py:105} INFO - Job 37: Subtask predict
[2025-02-25T00:17:27.522+0000] {standard_task_runner.py:72} INFO - Started process 4065 to run task
[2025-02-25T00:17:27.546+0000] {task_command.py:467} INFO - Running <TaskInstance: AlphaVantage_Stock_Price_Prediction_Analysis.predict scheduled__2025-02-24T00:15:00+00:00 [running]> on host b90f03c6f926
[2025-02-25T00:17:27.582+0000] {taskinstance.py:3131} INFO - Exporting env vars: AIRFLOW_CTX_DAG_OWNER='***' AIRFLOW_CTX_DAG_ID='AlphaVantage_Stock_Price_Prediction_Analysis' AIRFLOW_CTX_TASK_ID='predict' AIRFLOW_CTX_EXECUTION_DATE='2025-02-24T00:15:00+00:00' AIRFLOW_CTX_TRY_NUMBER='1' AIRFLOW_CTX_DAG_RUN_ID='scheduled__2025-02-24T00:15:00+00:00'
[2025-02-25T00:17:27.583+0000] {taskinstance.py:731} INFO - ::endgroup::
[2025-02-25T00:28:43.381+0000] {job.py:229} INFO - Heartbeat recovered after 670.80 seconds
[2025-02-25T00:28:57.927+0000] {cursor.py:1156} INFO - Number of results in first chunk: 1
[2025-02-25T00:28:59.043+0000] {cursor.py:1156} INFO - Number of results in first chunk: 1
[2025-02-25T00:28:59.044+0000] {python.py:240} INFO - Done. Returned value was: None
[2025-02-25T00:28:59.060+0000] {taskinstance.py:340} INFO - ::group::Post task execution logs
[2025-02-25T00:28:59.061+0000] {taskinstance.py:352} INFO - Marking task as SUCCESS. dag_id=AlphaVantage_Stock_Price_Prediction_Analysis, task_id=predict, run_id=scheduled__2025-02-24T00:15:00+00:00, execution_date=20250224T001500, start_date=20250225T001727, end_date=20250225T002859
[2025-02-25T00:28:59.107+0000] {local_task_job_runner.py:266} INFO - Task exited with return code 0
[2025-02-25T00:28:59.122+0000] {taskinstance.py:3900} INFO - 0 downstream tasks scheduled from follow-on schedule check
[2025-02-25T00:28:59.123+0000] {local_task_job_runner.py:245} INFO - ::endgroup::
