[2025-03-02T00:19:06.805+0000] {local_task_job_runner.py:123} INFO - ::group::Pre task execution logs
[2025-03-02T00:19:06.815+0000] {taskinstance.py:2612} INFO - Dependencies all met for dep_context=non-requeueable deps ti=<TaskInstance: AlphaVantage_Stock_Price_Prediction_Analysis.predict scheduled__2025-03-01T00:15:00+00:00 [queued]>
[2025-03-02T00:19:06.821+0000] {taskinstance.py:2612} INFO - Dependencies all met for dep_context=requeueable deps ti=<TaskInstance: AlphaVantage_Stock_Price_Prediction_Analysis.predict scheduled__2025-03-01T00:15:00+00:00 [queued]>
[2025-03-02T00:19:06.822+0000] {taskinstance.py:2865} INFO - Starting attempt 1 of 1
[2025-03-02T00:19:06.827+0000] {taskinstance.py:2888} INFO - Executing <Task(_PythonDecoratedOperator): predict> on 2025-03-01 00:15:00+00:00
[2025-03-02T00:19:06.832+0000] {logging_mixin.py:190} WARNING - /home/***/.local/lib/python3.12/site-packages/***/task/task_runner/standard_task_runner.py:70 DeprecationWarning: This process (pid=346) is multi-threaded, use of fork() may lead to deadlocks in the child.
[2025-03-02T00:19:06.832+0000] {standard_task_runner.py:104} INFO - Running: ['***', 'tasks', 'run', 'AlphaVantage_Stock_Price_Prediction_Analysis', 'predict', 'scheduled__2025-03-01T00:15:00+00:00', '--job-id', '62', '--raw', '--subdir', 'DAGS_FOLDER/api.py', '--cfg-path', '/tmp/tmp_p4ps0us']
[2025-03-02T00:19:06.834+0000] {standard_task_runner.py:105} INFO - Job 62: Subtask predict
[2025-03-02T00:19:06.833+0000] {standard_task_runner.py:72} INFO - Started process 351 to run task
[2025-03-02T00:19:06.860+0000] {task_command.py:467} INFO - Running <TaskInstance: AlphaVantage_Stock_Price_Prediction_Analysis.predict scheduled__2025-03-01T00:15:00+00:00 [running]> on host b90f03c6f926
[2025-03-02T00:19:06.906+0000] {taskinstance.py:3131} INFO - Exporting env vars: AIRFLOW_CTX_DAG_OWNER='***' AIRFLOW_CTX_DAG_ID='AlphaVantage_Stock_Price_Prediction_Analysis' AIRFLOW_CTX_TASK_ID='predict' AIRFLOW_CTX_EXECUTION_DATE='2025-03-01T00:15:00+00:00' AIRFLOW_CTX_TRY_NUMBER='1' AIRFLOW_CTX_DAG_RUN_ID='scheduled__2025-03-01T00:15:00+00:00'
[2025-03-02T00:19:06.907+0000] {taskinstance.py:731} INFO - ::endgroup::
[2025-03-02T00:19:26.098+0000] {cursor.py:1156} INFO - Number of results in first chunk: 1
[2025-03-02T00:19:27.325+0000] {cursor.py:1156} INFO - Number of results in first chunk: 1
[2025-03-02T00:19:27.326+0000] {python.py:240} INFO - Done. Returned value was: None
[2025-03-02T00:19:27.340+0000] {taskinstance.py:340} INFO - ::group::Post task execution logs
[2025-03-02T00:19:27.340+0000] {taskinstance.py:352} INFO - Marking task as SUCCESS. dag_id=AlphaVantage_Stock_Price_Prediction_Analysis, task_id=predict, run_id=scheduled__2025-03-01T00:15:00+00:00, execution_date=20250301T001500, start_date=20250302T001906, end_date=20250302T001927
[2025-03-02T00:19:27.358+0000] {local_task_job_runner.py:266} INFO - Task exited with return code 0
[2025-03-02T00:19:27.370+0000] {taskinstance.py:3900} INFO - 0 downstream tasks scheduled from follow-on schedule check
[2025-03-02T00:19:27.372+0000] {local_task_job_runner.py:245} INFO - ::endgroup::
